ARM GAS  C:\Users\RECEPC~1\AppData\Local\Temp\ccvWcUcz.s 			page 1


   1              		.syntax unified
   2              		.cpu cortex-m3
   3              		.fpu softvfp
   4              		.eabi_attribute 20, 1
   5              		.eabi_attribute 21, 1
   6              		.eabi_attribute 23, 3
   7              		.eabi_attribute 24, 1
   8              		.eabi_attribute 25, 1
   9              		.eabi_attribute 26, 1
  10              		.eabi_attribute 30, 6
  11              		.eabi_attribute 34, 1
  12              		.eabi_attribute 18, 4
  13              		.thumb
  14              		.file	"ibuton.c"
  15              		.text
  16              	.Ltext0:
  17              		.cfi_sections	.debug_frame
  18              		.comm	count_teclas1,1,1
  19              		.comm	comas1,1,1
  20              		.comm	comas2,1,1
  21              		.comm	id_coma1,1,1
  22              		.comm	id_teclado1,1,1
  23              		.comm	count_teclas2,1,1
  24              		.comm	id_coma2,1,1
  25              		.comm	id_teclado2,1,1
  26              		.comm	posx1,2,2
  27              		.comm	posy1,2,2
  28              		.comm	sizeletra1,2,2
  29              		.comm	posx2,2,2
  30              		.comm	posy2,2,2
  31              		.comm	sizeletra2,2,2
  32              		.comm	teclas1,1,1
  33              		.comm	teclas2,1,1
  34              		.comm	flujo_LCD1,1,1
  35              		.comm	flujo_LCD2,1,1
  36              		.comm	Buffer_LCD1,30,4
  37              		.comm	Buffer_LCD2,30,4
  38              		.comm	count_protector,1,1
  39              		.comm	count_protector2,1,1
  40              		.comm	count_esperaBBB,1,1
  41              		.comm	count_esperaBBB2,1,1
  42              		.comm	password_lcd,9,4
  43              		.comm	imagen_grado,2,2
  44              		.comm	prox_caso,8,4
  45              		.comm	bloqueo_LCD,3,4
  46              		.comm	id_estacion,5,4
  47              		.comm	id_venta,8,4
  48              		.comm	trama_totales,200,4
  49              		.comm	ppux10,1,1
  50              		.comm	nombre_pro1,17,4
  51              		.comm	nombre_pro2,17,4
  52              		.comm	nombre_pro3,17,4
  53              		.comm	version,4,4
  54              		.comm	lado1,93,4
  55              		.comm	lado2,93,4
  56              		.comm	nombre,33,4
  57              		.comm	nit,15,4
ARM GAS  C:\Users\RECEPC~1\AppData\Local\Temp\ccvWcUcz.s 			page 2


  58              		.comm	telefono,20,4
  59              		.comm	direccion,33,4
  60              		.comm	lema1,32,4
  61              		.comm	lema2,32,4
  62              		.comm	id_logo,2,4
  63              		.comm	km,2,4
  64              		.comm	fecha,3,4
  65              		.comm	hora,2,4
  66              		.comm	rventa1,102,4
  67              		.comm	rventa2,102,4
  68              		.comm	ok_RF,1,1
  69              		.comm	ok_datosRF,1,1
  70              		.comm	rf_mod,200,4
  71              		.comm	buffer_i2c,64,4
  72              		.comm	crc_total,1,1
  73              		.comm	print1,2,4
  74              		.comm	print2,2,4
  75              		.section	.text.touch_present,"ax",%progbits
  76              		.align	2
  77              		.global	touch_present
  78              		.thumb
  79              		.thumb_func
  80              		.type	touch_present, %function
  81              	touch_present:
  82              	.LFB63:
  83              		.file 1 ".\\ibuton.c"
   1:.\ibuton.c    **** /*
   2:.\ibuton.c    **** ***************************************************************************************************
   3:.\ibuton.c    **** *                                           GRP550M CODE
   4:.\ibuton.c    **** *
   5:.\ibuton.c    **** *                             (c) Copyright 2013; Sistemas Insepet LTDA
   6:.\ibuton.c    **** *
   7:.\ibuton.c    **** *               All rights reserved.  Protected by international copyright laws.
   8:.\ibuton.c    **** *               Knowledge of the source code may NOT be used to develop a similar product.
   9:.\ibuton.c    **** *               Please help us continue to provide the Embedded community with the finest
  10:.\ibuton.c    **** *               software available.  Your honesty is greatly appreciated.
  11:.\ibuton.c    **** ***************************************************************************************************
  12:.\ibuton.c    **** */
  13:.\ibuton.c    **** 
  14:.\ibuton.c    **** /*
  15:.\ibuton.c    **** ***************************************************************************************************
  16:.\ibuton.c    **** *
  17:.\ibuton.c    **** *                                               GRP550M CODE
  18:.\ibuton.c    **** *
  19:.\ibuton.c    **** *                                             CYPRESS PSoC5LP
  20:.\ibuton.c    **** *                                                with the
  21:.\ibuton.c    **** *                                            CY8C5969AXI-LP035
  22:.\ibuton.c    **** *
  23:.\ibuton.c    **** * Filename      : ibutton.c
  24:.\ibuton.c    **** * Version       : V1.00
  25:.\ibuton.c    **** * Programmer(s) : 
  26:.\ibuton.c    ****                   
  27:.\ibuton.c    **** ***************************************************************************************************
  28:.\ibuton.c    **** */
  29:.\ibuton.c    **** 
  30:.\ibuton.c    **** /*
  31:.\ibuton.c    **** ***************************************************************************************************
ARM GAS  C:\Users\RECEPC~1\AppData\Local\Temp\ccvWcUcz.s 			page 3


  32:.\ibuton.c    **** *                                             INCLUDE FILES
  33:.\ibuton.c    **** ***************************************************************************************************
  34:.\ibuton.c    **** */
  35:.\ibuton.c    **** #include <device.h>
  36:.\ibuton.c    **** #include "VariablesG.h"
  37:.\ibuton.c    **** 
  38:.\ibuton.c    **** /*
  39:.\ibuton.c    **** ***************************************************************************************************
  40:.\ibuton.c    **** *                                           uint8 touch_present(void)
  41:.\ibuton.c    **** *
  42:.\ibuton.c    **** * Description : 
  43:.\ibuton.c    **** *               
  44:.\ibuton.c    **** *
  45:.\ibuton.c    **** * Argument(s) : none
  46:.\ibuton.c    **** *
  47:.\ibuton.c    **** * Return(s)   : none
  48:.\ibuton.c    **** *
  49:.\ibuton.c    **** * Caller(s)   : 
  50:.\ibuton.c    **** *
  51:.\ibuton.c    **** * Note(s)     : none.
  52:.\ibuton.c    **** ***************************************************************************************************
  53:.\ibuton.c    **** */
  54:.\ibuton.c    **** 
  55:.\ibuton.c    **** uint8 touch_present(uint8 ibutton){  
  84              		.loc 1 55 0
  85              		.cfi_startproc
  86              		@ args = 0, pretend = 0, frame = 16
  87              		@ frame_needed = 1, uses_anonymous_args = 0
  88 0000 80B5     		push	{r7, lr}
  89              		.cfi_def_cfa_offset 8
  90              		.cfi_offset 7, -8
  91              		.cfi_offset 14, -4
  92 0002 84B0     		sub	sp, sp, #16
  93              		.cfi_def_cfa_offset 24
  94 0004 00AF     		add	r7, sp, #0
  95              		.cfi_def_cfa_register 7
  96 0006 0346     		mov	r3, r0
  97 0008 FB71     		strb	r3, [r7, #7]
  56:.\ibuton.c    ****     uint8 present;
  57:.\ibuton.c    **** 	if(ibutton==1){
  98              		.loc 1 57 0
  99 000a FB79     		ldrb	r3, [r7, #7]	@ zero_extendqisi2
 100 000c 012B     		cmp	r3, #1
 101 000e 29D1     		bne	.L2
  58:.\ibuton.c    **** 	    IB1_Write(0);
 102              		.loc 1 58 0
 103 0010 0020     		movs	r0, #0
 104 0012 FFF7FEFF 		bl	IB1_Write
  59:.\ibuton.c    **** 	    CyDelayUs(500);
 105              		.loc 1 59 0
 106 0016 4FF4FA70 		mov	r0, #500
 107 001a FFF7FEFF 		bl	CyDelayUs
  60:.\ibuton.c    **** 	    IB1_Write(1);
 108              		.loc 1 60 0
 109 001e 0120     		movs	r0, #1
 110 0020 FFF7FEFF 		bl	IB1_Write
  61:.\ibuton.c    **** 	    CyDelayUs(5);
ARM GAS  C:\Users\RECEPC~1\AppData\Local\Temp\ccvWcUcz.s 			page 4


 111              		.loc 1 61 0
 112 0024 0520     		movs	r0, #5
 113 0026 FFF7FEFF 		bl	CyDelayUs
  62:.\ibuton.c    **** 
  63:.\ibuton.c    **** 	    if(!IB1_Read()){
 114              		.loc 1 63 0
 115 002a FFF7FEFF 		bl	IB1_Read
 116 002e 0346     		mov	r3, r0
 117 0030 002B     		cmp	r3, #0
 118 0032 01D1     		bne	.L3
  64:.\ibuton.c    **** 	        return 0;
 119              		.loc 1 64 0
 120 0034 0023     		movs	r3, #0
 121 0036 3EE0     		b	.L4
 122              	.L3:
  65:.\ibuton.c    **** 	    }
  66:.\ibuton.c    **** 
  67:.\ibuton.c    **** 	    CyDelayUs(65);
 123              		.loc 1 67 0
 124 0038 4120     		movs	r0, #65
 125 003a FFF7FEFF 		bl	CyDelayUs
  68:.\ibuton.c    **** 	    present=!IB1_Read();
 126              		.loc 1 68 0
 127 003e FFF7FEFF 		bl	IB1_Read
 128 0042 0346     		mov	r3, r0
 129 0044 002B     		cmp	r3, #0
 130 0046 0CBF     		ite	eq
 131 0048 0123     		moveq	r3, #1
 132 004a 0023     		movne	r3, #0
 133 004c DBB2     		uxtb	r3, r3
 134 004e FB73     		strb	r3, [r7, #15]
  69:.\ibuton.c    **** 	    CyDelayUs(240);
 135              		.loc 1 69 0
 136 0050 F020     		movs	r0, #240
 137 0052 FFF7FEFF 		bl	CyDelayUs
  70:.\ibuton.c    **** 	    if(present){
 138              		.loc 1 70 0
 139 0056 FB7B     		ldrb	r3, [r7, #15]	@ zero_extendqisi2
 140 0058 002B     		cmp	r3, #0
 141 005a 01D0     		beq	.L5
  71:.\ibuton.c    **** 	        return 1;
 142              		.loc 1 71 0
 143 005c 0123     		movs	r3, #1
 144 005e 2AE0     		b	.L4
 145              	.L5:
  72:.\ibuton.c    **** 	    }
  73:.\ibuton.c    **** 	    else{
  74:.\ibuton.c    **** 	        return 0;
 146              		.loc 1 74 0
 147 0060 0023     		movs	r3, #0
 148 0062 28E0     		b	.L4
 149              	.L2:
  75:.\ibuton.c    **** 	    } 
  76:.\ibuton.c    **** 	}
  77:.\ibuton.c    **** 	else{
  78:.\ibuton.c    **** 	    IB2_Write(0);
 150              		.loc 1 78 0
ARM GAS  C:\Users\RECEPC~1\AppData\Local\Temp\ccvWcUcz.s 			page 5


 151 0064 0020     		movs	r0, #0
 152 0066 FFF7FEFF 		bl	IB2_Write
  79:.\ibuton.c    **** 	    CyDelayUs(500);
 153              		.loc 1 79 0
 154 006a 4FF4FA70 		mov	r0, #500
 155 006e FFF7FEFF 		bl	CyDelayUs
  80:.\ibuton.c    **** 	    IB2_Write(1);
 156              		.loc 1 80 0
 157 0072 0120     		movs	r0, #1
 158 0074 FFF7FEFF 		bl	IB2_Write
  81:.\ibuton.c    **** 	    CyDelayUs(5);
 159              		.loc 1 81 0
 160 0078 0520     		movs	r0, #5
 161 007a FFF7FEFF 		bl	CyDelayUs
  82:.\ibuton.c    **** 
  83:.\ibuton.c    **** 	    if(!IB2_Read()){
 162              		.loc 1 83 0
 163 007e FFF7FEFF 		bl	IB2_Read
 164 0082 0346     		mov	r3, r0
 165 0084 002B     		cmp	r3, #0
 166 0086 01D1     		bne	.L6
  84:.\ibuton.c    **** 	        return 0;
 167              		.loc 1 84 0
 168 0088 0023     		movs	r3, #0
 169 008a 14E0     		b	.L4
 170              	.L6:
  85:.\ibuton.c    **** 	    }
  86:.\ibuton.c    **** 
  87:.\ibuton.c    **** 	    CyDelayUs(65);
 171              		.loc 1 87 0
 172 008c 4120     		movs	r0, #65
 173 008e FFF7FEFF 		bl	CyDelayUs
  88:.\ibuton.c    **** 	    present=!IB2_Read();
 174              		.loc 1 88 0
 175 0092 FFF7FEFF 		bl	IB2_Read
 176 0096 0346     		mov	r3, r0
 177 0098 002B     		cmp	r3, #0
 178 009a 0CBF     		ite	eq
 179 009c 0123     		moveq	r3, #1
 180 009e 0023     		movne	r3, #0
 181 00a0 DBB2     		uxtb	r3, r3
 182 00a2 FB73     		strb	r3, [r7, #15]
  89:.\ibuton.c    **** 	    CyDelayUs(240);
 183              		.loc 1 89 0
 184 00a4 F020     		movs	r0, #240
 185 00a6 FFF7FEFF 		bl	CyDelayUs
  90:.\ibuton.c    **** 	    if(present){
 186              		.loc 1 90 0
 187 00aa FB7B     		ldrb	r3, [r7, #15]	@ zero_extendqisi2
 188 00ac 002B     		cmp	r3, #0
 189 00ae 01D0     		beq	.L7
  91:.\ibuton.c    **** 	        return 1;
 190              		.loc 1 91 0
 191 00b0 0123     		movs	r3, #1
 192 00b2 00E0     		b	.L4
 193              	.L7:
  92:.\ibuton.c    **** 	    }
ARM GAS  C:\Users\RECEPC~1\AppData\Local\Temp\ccvWcUcz.s 			page 6


  93:.\ibuton.c    **** 	    else{
  94:.\ibuton.c    **** 	        return 0;
 194              		.loc 1 94 0
 195 00b4 0023     		movs	r3, #0
 196              	.L4:
  95:.\ibuton.c    **** 	    }	
  96:.\ibuton.c    **** 	}
  97:.\ibuton.c    **** }
 197              		.loc 1 97 0
 198 00b6 1846     		mov	r0, r3
 199 00b8 1037     		adds	r7, r7, #16
 200              		.cfi_def_cfa_offset 8
 201 00ba BD46     		mov	sp, r7
 202              		.cfi_def_cfa_register 13
 203              		@ sp needed
 204 00bc 80BD     		pop	{r7, pc}
 205              		.cfi_endproc
 206              	.LFE63:
 207              		.size	touch_present, .-touch_present
 208 00be 00BF     		.section	.text.touch_write,"ax",%progbits
 209              		.align	2
 210              		.global	touch_write
 211              		.thumb
 212              		.thumb_func
 213              		.type	touch_write, %function
 214              	touch_write:
 215              	.LFB64:
  98:.\ibuton.c    **** 
  99:.\ibuton.c    **** /*
 100:.\ibuton.c    **** ***************************************************************************************************
 101:.\ibuton.c    **** *                                           uint8 touch_write(uint8 dato)
 102:.\ibuton.c    **** *
 103:.\ibuton.c    **** * Description : 
 104:.\ibuton.c    **** *               
 105:.\ibuton.c    **** *
 106:.\ibuton.c    **** * Argument(s) : none
 107:.\ibuton.c    **** *
 108:.\ibuton.c    **** * Return(s)   : none
 109:.\ibuton.c    **** *
 110:.\ibuton.c    **** * Caller(s)   : 
 111:.\ibuton.c    **** *
 112:.\ibuton.c    **** * Note(s)     : none.
 113:.\ibuton.c    **** ***************************************************************************************************
 114:.\ibuton.c    **** */
 115:.\ibuton.c    **** 
 116:.\ibuton.c    **** uint8 touch_write(uint8 ibutton, uint8 dato){
 216              		.loc 1 116 0
 217              		.cfi_startproc
 218              		@ args = 0, pretend = 0, frame = 16
 219              		@ frame_needed = 1, uses_anonymous_args = 0
 220 0000 80B5     		push	{r7, lr}
 221              		.cfi_def_cfa_offset 8
 222              		.cfi_offset 7, -8
 223              		.cfi_offset 14, -4
 224 0002 84B0     		sub	sp, sp, #16
 225              		.cfi_def_cfa_offset 24
 226 0004 00AF     		add	r7, sp, #0
ARM GAS  C:\Users\RECEPC~1\AppData\Local\Temp\ccvWcUcz.s 			page 7


 227              		.cfi_def_cfa_register 7
 228 0006 0346     		mov	r3, r0
 229 0008 0A46     		mov	r2, r1
 230 000a FB71     		strb	r3, [r7, #7]
 231 000c 1346     		mov	r3, r2
 232 000e BB71     		strb	r3, [r7, #6]
 117:.\ibuton.c    ****     uint8 i;
 118:.\ibuton.c    **** 	if(ibutton==1){
 233              		.loc 1 118 0
 234 0010 FB79     		ldrb	r3, [r7, #7]	@ zero_extendqisi2
 235 0012 012B     		cmp	r3, #1
 236 0014 3BD1     		bne	.L9
 119:.\ibuton.c    **** 	    for(i=0;i<=7;i++){
 237              		.loc 1 119 0
 238 0016 0023     		movs	r3, #0
 239 0018 FB73     		strb	r3, [r7, #15]
 240 001a 33E0     		b	.L10
 241              	.L14:
 120:.\ibuton.c    **** 	        IB1_Write(0); 
 242              		.loc 1 120 0
 243 001c 0020     		movs	r0, #0
 244 001e FFF7FEFF 		bl	IB1_Write
 121:.\ibuton.c    **** 	        CyDelayUs(10);
 245              		.loc 1 121 0
 246 0022 0A20     		movs	r0, #10
 247 0024 FFF7FEFF 		bl	CyDelayUs
 122:.\ibuton.c    **** 	        if(((dato>>i)&1)){
 248              		.loc 1 122 0
 249 0028 BA79     		ldrb	r2, [r7, #6]	@ zero_extendqisi2
 250 002a FB7B     		ldrb	r3, [r7, #15]	@ zero_extendqisi2
 251 002c 42FA03F3 		asr	r3, r2, r3
 252 0030 03F00103 		and	r3, r3, #1
 253 0034 002B     		cmp	r3, #0
 254 0036 0CD0     		beq	.L11
 123:.\ibuton.c    **** 	           IB1_Write(1);
 255              		.loc 1 123 0
 256 0038 0120     		movs	r0, #1
 257 003a FFF7FEFF 		bl	IB1_Write
 124:.\ibuton.c    **** 	           CyDelayUs(10);
 258              		.loc 1 124 0
 259 003e 0A20     		movs	r0, #10
 260 0040 FFF7FEFF 		bl	CyDelayUs
 125:.\ibuton.c    **** 	           if(!IB1_Read()){
 261              		.loc 1 125 0
 262 0044 FFF7FEFF 		bl	IB1_Read
 263 0048 0346     		mov	r3, r0
 264 004a 002B     		cmp	r3, #0
 265 004c 0ED1     		bne	.L12
 126:.\ibuton.c    **** 	                return 0;                
 266              		.loc 1 126 0
 267 004e 0023     		movs	r3, #0
 268 0050 58E0     		b	.L13
 269              	.L11:
 127:.\ibuton.c    **** 	           }
 128:.\ibuton.c    **** 	        }
 129:.\ibuton.c    **** 	        else{
 130:.\ibuton.c    **** 	            IB1_Write(0); 
ARM GAS  C:\Users\RECEPC~1\AppData\Local\Temp\ccvWcUcz.s 			page 8


 270              		.loc 1 130 0
 271 0052 0020     		movs	r0, #0
 272 0054 FFF7FEFF 		bl	IB1_Write
 131:.\ibuton.c    **** 	            CyDelayUs(10);
 273              		.loc 1 131 0
 274 0058 0A20     		movs	r0, #10
 275 005a FFF7FEFF 		bl	CyDelayUs
 132:.\ibuton.c    **** 	           if(IB1_Read()){
 276              		.loc 1 132 0
 277 005e FFF7FEFF 		bl	IB1_Read
 278 0062 0346     		mov	r3, r0
 279 0064 002B     		cmp	r3, #0
 280 0066 01D0     		beq	.L12
 133:.\ibuton.c    **** 	                return 0;                
 281              		.loc 1 133 0
 282 0068 0023     		movs	r3, #0
 283 006a 4BE0     		b	.L13
 284              	.L12:
 134:.\ibuton.c    **** 	           }            
 135:.\ibuton.c    **** 	        }
 136:.\ibuton.c    **** 	        CyDelayUs(50);
 285              		.loc 1 136 0 discriminator 2
 286 006c 3220     		movs	r0, #50
 287 006e FFF7FEFF 		bl	CyDelayUs
 137:.\ibuton.c    **** 	        IB1_Write(1);
 288              		.loc 1 137 0 discriminator 2
 289 0072 0120     		movs	r0, #1
 290 0074 FFF7FEFF 		bl	IB1_Write
 138:.\ibuton.c    **** 	        CyDelayUs(50);
 291              		.loc 1 138 0 discriminator 2
 292 0078 3220     		movs	r0, #50
 293 007a FFF7FEFF 		bl	CyDelayUs
 119:.\ibuton.c    **** 	        IB1_Write(0); 
 294              		.loc 1 119 0 discriminator 2
 295 007e FB7B     		ldrb	r3, [r7, #15]	@ zero_extendqisi2
 296 0080 0133     		adds	r3, r3, #1
 297 0082 FB73     		strb	r3, [r7, #15]
 298              	.L10:
 119:.\ibuton.c    **** 	        IB1_Write(0); 
 299              		.loc 1 119 0 is_stmt 0 discriminator 1
 300 0084 FB7B     		ldrb	r3, [r7, #15]	@ zero_extendqisi2
 301 0086 072B     		cmp	r3, #7
 302 0088 C8D9     		bls	.L14
 139:.\ibuton.c    **** 	    }
 140:.\ibuton.c    **** 	    return 1;
 303              		.loc 1 140 0 is_stmt 1
 304 008a 0123     		movs	r3, #1
 305 008c 3AE0     		b	.L13
 306              	.L9:
 141:.\ibuton.c    **** 	}
 142:.\ibuton.c    **** 	else{
 143:.\ibuton.c    **** 	    for(i=0;i<=7;i++){
 307              		.loc 1 143 0
 308 008e 0023     		movs	r3, #0
 309 0090 FB73     		strb	r3, [r7, #15]
 310 0092 33E0     		b	.L15
 311              	.L18:
ARM GAS  C:\Users\RECEPC~1\AppData\Local\Temp\ccvWcUcz.s 			page 9


 144:.\ibuton.c    **** 	        IB2_Write(0); 
 312              		.loc 1 144 0
 313 0094 0020     		movs	r0, #0
 314 0096 FFF7FEFF 		bl	IB2_Write
 145:.\ibuton.c    **** 	        CyDelayUs(10);
 315              		.loc 1 145 0
 316 009a 0A20     		movs	r0, #10
 317 009c FFF7FEFF 		bl	CyDelayUs
 146:.\ibuton.c    **** 	        if(((dato>>i)&1)){
 318              		.loc 1 146 0
 319 00a0 BA79     		ldrb	r2, [r7, #6]	@ zero_extendqisi2
 320 00a2 FB7B     		ldrb	r3, [r7, #15]	@ zero_extendqisi2
 321 00a4 42FA03F3 		asr	r3, r2, r3
 322 00a8 03F00103 		and	r3, r3, #1
 323 00ac 002B     		cmp	r3, #0
 324 00ae 0CD0     		beq	.L16
 147:.\ibuton.c    **** 	           IB2_Write(1);
 325              		.loc 1 147 0
 326 00b0 0120     		movs	r0, #1
 327 00b2 FFF7FEFF 		bl	IB2_Write
 148:.\ibuton.c    **** 	           CyDelayUs(10);
 328              		.loc 1 148 0
 329 00b6 0A20     		movs	r0, #10
 330 00b8 FFF7FEFF 		bl	CyDelayUs
 149:.\ibuton.c    **** 	           if(!IB2_Read()){
 331              		.loc 1 149 0
 332 00bc FFF7FEFF 		bl	IB2_Read
 333 00c0 0346     		mov	r3, r0
 334 00c2 002B     		cmp	r3, #0
 335 00c4 0ED1     		bne	.L17
 150:.\ibuton.c    **** 	                return 0;                
 336              		.loc 1 150 0
 337 00c6 0023     		movs	r3, #0
 338 00c8 1CE0     		b	.L13
 339              	.L16:
 151:.\ibuton.c    **** 	           }
 152:.\ibuton.c    **** 	        }
 153:.\ibuton.c    **** 	        else{
 154:.\ibuton.c    **** 	            IB2_Write(0); 
 340              		.loc 1 154 0
 341 00ca 0020     		movs	r0, #0
 342 00cc FFF7FEFF 		bl	IB2_Write
 155:.\ibuton.c    **** 	            CyDelayUs(10);
 343              		.loc 1 155 0
 344 00d0 0A20     		movs	r0, #10
 345 00d2 FFF7FEFF 		bl	CyDelayUs
 156:.\ibuton.c    **** 	           if(IB2_Read()){
 346              		.loc 1 156 0
 347 00d6 FFF7FEFF 		bl	IB2_Read
 348 00da 0346     		mov	r3, r0
 349 00dc 002B     		cmp	r3, #0
 350 00de 01D0     		beq	.L17
 157:.\ibuton.c    **** 	                return 0;                
 351              		.loc 1 157 0
 352 00e0 0023     		movs	r3, #0
 353 00e2 0FE0     		b	.L13
 354              	.L17:
ARM GAS  C:\Users\RECEPC~1\AppData\Local\Temp\ccvWcUcz.s 			page 10


 158:.\ibuton.c    **** 	           }            
 159:.\ibuton.c    **** 	        }
 160:.\ibuton.c    **** 	        CyDelayUs(50);
 355              		.loc 1 160 0 discriminator 2
 356 00e4 3220     		movs	r0, #50
 357 00e6 FFF7FEFF 		bl	CyDelayUs
 161:.\ibuton.c    **** 	        IB2_Write(1);
 358              		.loc 1 161 0 discriminator 2
 359 00ea 0120     		movs	r0, #1
 360 00ec FFF7FEFF 		bl	IB2_Write
 162:.\ibuton.c    **** 	        CyDelayUs(50);
 361              		.loc 1 162 0 discriminator 2
 362 00f0 3220     		movs	r0, #50
 363 00f2 FFF7FEFF 		bl	CyDelayUs
 143:.\ibuton.c    **** 	        IB2_Write(0); 
 364              		.loc 1 143 0 discriminator 2
 365 00f6 FB7B     		ldrb	r3, [r7, #15]	@ zero_extendqisi2
 366 00f8 0133     		adds	r3, r3, #1
 367 00fa FB73     		strb	r3, [r7, #15]
 368              	.L15:
 143:.\ibuton.c    **** 	        IB2_Write(0); 
 369              		.loc 1 143 0 is_stmt 0 discriminator 1
 370 00fc FB7B     		ldrb	r3, [r7, #15]	@ zero_extendqisi2
 371 00fe 072B     		cmp	r3, #7
 372 0100 C8D9     		bls	.L18
 163:.\ibuton.c    **** 	    }
 164:.\ibuton.c    **** 	    return 1;	
 373              		.loc 1 164 0 is_stmt 1
 374 0102 0123     		movs	r3, #1
 375              	.L13:
 165:.\ibuton.c    **** 	}
 166:.\ibuton.c    **** }
 376              		.loc 1 166 0
 377 0104 1846     		mov	r0, r3
 378 0106 1037     		adds	r7, r7, #16
 379              		.cfi_def_cfa_offset 8
 380 0108 BD46     		mov	sp, r7
 381              		.cfi_def_cfa_register 13
 382              		@ sp needed
 383 010a 80BD     		pop	{r7, pc}
 384              		.cfi_endproc
 385              	.LFE64:
 386              		.size	touch_write, .-touch_write
 387              		.section	.text.touch_read_byte,"ax",%progbits
 388              		.align	2
 389              		.global	touch_read_byte
 390              		.thumb
 391              		.thumb_func
 392              		.type	touch_read_byte, %function
 393              	touch_read_byte:
 394              	.LFB65:
 167:.\ibuton.c    **** 
 168:.\ibuton.c    **** /*
 169:.\ibuton.c    **** ***************************************************************************************************
 170:.\ibuton.c    **** *                                           uint8 touch_read_byte()
 171:.\ibuton.c    **** *
 172:.\ibuton.c    **** * Description : 
ARM GAS  C:\Users\RECEPC~1\AppData\Local\Temp\ccvWcUcz.s 			page 11


 173:.\ibuton.c    **** *               
 174:.\ibuton.c    **** *
 175:.\ibuton.c    **** * Argument(s) : none
 176:.\ibuton.c    **** *
 177:.\ibuton.c    **** * Return(s)   : none
 178:.\ibuton.c    **** *
 179:.\ibuton.c    **** * Caller(s)   : 
 180:.\ibuton.c    **** *
 181:.\ibuton.c    **** * Note(s)     : none.
 182:.\ibuton.c    **** ***************************************************************************************************
 183:.\ibuton.c    **** */
 184:.\ibuton.c    **** 
 185:.\ibuton.c    **** uint8 touch_read_byte(uint8 ibutton){
 395              		.loc 1 185 0
 396              		.cfi_startproc
 397              		@ args = 0, pretend = 0, frame = 16
 398              		@ frame_needed = 1, uses_anonymous_args = 0
 399 0000 80B5     		push	{r7, lr}
 400              		.cfi_def_cfa_offset 8
 401              		.cfi_offset 7, -8
 402              		.cfi_offset 14, -4
 403 0002 84B0     		sub	sp, sp, #16
 404              		.cfi_def_cfa_offset 24
 405 0004 00AF     		add	r7, sp, #0
 406              		.cfi_def_cfa_register 7
 407 0006 0346     		mov	r3, r0
 408 0008 FB71     		strb	r3, [r7, #7]
 186:.\ibuton.c    ****     uint8 i, dato=0;
 409              		.loc 1 186 0
 410 000a 0023     		movs	r3, #0
 411 000c BB73     		strb	r3, [r7, #14]
 187:.\ibuton.c    **** 	if(ibutton==1){
 412              		.loc 1 187 0
 413 000e FB79     		ldrb	r3, [r7, #7]	@ zero_extendqisi2
 414 0010 012B     		cmp	r3, #1
 415 0012 25D1     		bne	.L20
 188:.\ibuton.c    **** 	    for(i=0;i<=7;i++){
 416              		.loc 1 188 0
 417 0014 0023     		movs	r3, #0
 418 0016 FB73     		strb	r3, [r7, #15]
 419 0018 1DE0     		b	.L21
 420              	.L22:
 189:.\ibuton.c    **** 	        IB1_Write(0);    
 421              		.loc 1 189 0 discriminator 3
 422 001a 0020     		movs	r0, #0
 423 001c FFF7FEFF 		bl	IB1_Write
 190:.\ibuton.c    **** 	        CyDelayUs(14);
 424              		.loc 1 190 0 discriminator 3
 425 0020 0E20     		movs	r0, #14
 426 0022 FFF7FEFF 		bl	CyDelayUs
 191:.\ibuton.c    **** 	        IB1_Write(1);
 427              		.loc 1 191 0 discriminator 3
 428 0026 0120     		movs	r0, #1
 429 0028 FFF7FEFF 		bl	IB1_Write
 192:.\ibuton.c    **** 	        CyDelayUs(7);
 430              		.loc 1 192 0 discriminator 3
 431 002c 0720     		movs	r0, #7
ARM GAS  C:\Users\RECEPC~1\AppData\Local\Temp\ccvWcUcz.s 			page 12


 432 002e FFF7FEFF 		bl	CyDelayUs
 193:.\ibuton.c    **** 	        dato|=(IB1_Read()<<i);
 433              		.loc 1 193 0 discriminator 3
 434 0032 FFF7FEFF 		bl	IB1_Read
 435 0036 0346     		mov	r3, r0
 436 0038 1A46     		mov	r2, r3
 437 003a FB7B     		ldrb	r3, [r7, #15]	@ zero_extendqisi2
 438 003c 02FA03F3 		lsl	r3, r2, r3
 439 0040 DAB2     		uxtb	r2, r3
 440 0042 BB7B     		ldrb	r3, [r7, #14]	@ zero_extendqisi2
 441 0044 1343     		orrs	r3, r3, r2
 442 0046 DBB2     		uxtb	r3, r3
 443 0048 BB73     		strb	r3, [r7, #14]
 194:.\ibuton.c    **** 	        CyDelayUs(100);
 444              		.loc 1 194 0 discriminator 3
 445 004a 6420     		movs	r0, #100
 446 004c FFF7FEFF 		bl	CyDelayUs
 188:.\ibuton.c    **** 	        IB1_Write(0);    
 447              		.loc 1 188 0 discriminator 3
 448 0050 FB7B     		ldrb	r3, [r7, #15]	@ zero_extendqisi2
 449 0052 0133     		adds	r3, r3, #1
 450 0054 FB73     		strb	r3, [r7, #15]
 451              	.L21:
 188:.\ibuton.c    **** 	        IB1_Write(0);    
 452              		.loc 1 188 0 is_stmt 0 discriminator 1
 453 0056 FB7B     		ldrb	r3, [r7, #15]	@ zero_extendqisi2
 454 0058 072B     		cmp	r3, #7
 455 005a DED9     		bls	.L22
 195:.\ibuton.c    **** 	    }
 196:.\ibuton.c    **** 	    return dato;
 456              		.loc 1 196 0 is_stmt 1
 457 005c BB7B     		ldrb	r3, [r7, #14]	@ zero_extendqisi2
 458 005e 24E0     		b	.L23
 459              	.L20:
 197:.\ibuton.c    **** 	}
 198:.\ibuton.c    **** 	else{
 199:.\ibuton.c    **** 	    for(i=0;i<=7;i++){
 460              		.loc 1 199 0
 461 0060 0023     		movs	r3, #0
 462 0062 FB73     		strb	r3, [r7, #15]
 463 0064 1DE0     		b	.L24
 464              	.L25:
 200:.\ibuton.c    **** 	        IB2_Write(0);    
 465              		.loc 1 200 0 discriminator 3
 466 0066 0020     		movs	r0, #0
 467 0068 FFF7FEFF 		bl	IB2_Write
 201:.\ibuton.c    **** 	        CyDelayUs(14);
 468              		.loc 1 201 0 discriminator 3
 469 006c 0E20     		movs	r0, #14
 470 006e FFF7FEFF 		bl	CyDelayUs
 202:.\ibuton.c    **** 	        IB2_Write(1);
 471              		.loc 1 202 0 discriminator 3
 472 0072 0120     		movs	r0, #1
 473 0074 FFF7FEFF 		bl	IB2_Write
 203:.\ibuton.c    **** 	        CyDelayUs(7);
 474              		.loc 1 203 0 discriminator 3
 475 0078 0720     		movs	r0, #7
ARM GAS  C:\Users\RECEPC~1\AppData\Local\Temp\ccvWcUcz.s 			page 13


 476 007a FFF7FEFF 		bl	CyDelayUs
 204:.\ibuton.c    **** 	        dato|=(IB2_Read()<<i);
 477              		.loc 1 204 0 discriminator 3
 478 007e FFF7FEFF 		bl	IB2_Read
 479 0082 0346     		mov	r3, r0
 480 0084 1A46     		mov	r2, r3
 481 0086 FB7B     		ldrb	r3, [r7, #15]	@ zero_extendqisi2
 482 0088 02FA03F3 		lsl	r3, r2, r3
 483 008c DAB2     		uxtb	r2, r3
 484 008e BB7B     		ldrb	r3, [r7, #14]	@ zero_extendqisi2
 485 0090 1343     		orrs	r3, r3, r2
 486 0092 DBB2     		uxtb	r3, r3
 487 0094 BB73     		strb	r3, [r7, #14]
 205:.\ibuton.c    **** 	        CyDelayUs(100);
 488              		.loc 1 205 0 discriminator 3
 489 0096 6420     		movs	r0, #100
 490 0098 FFF7FEFF 		bl	CyDelayUs
 199:.\ibuton.c    **** 	        IB2_Write(0);    
 491              		.loc 1 199 0 discriminator 3
 492 009c FB7B     		ldrb	r3, [r7, #15]	@ zero_extendqisi2
 493 009e 0133     		adds	r3, r3, #1
 494 00a0 FB73     		strb	r3, [r7, #15]
 495              	.L24:
 199:.\ibuton.c    **** 	        IB2_Write(0);    
 496              		.loc 1 199 0 is_stmt 0 discriminator 1
 497 00a2 FB7B     		ldrb	r3, [r7, #15]	@ zero_extendqisi2
 498 00a4 072B     		cmp	r3, #7
 499 00a6 DED9     		bls	.L25
 206:.\ibuton.c    **** 	    }
 207:.\ibuton.c    **** 	    return dato;	
 500              		.loc 1 207 0 is_stmt 1
 501 00a8 BB7B     		ldrb	r3, [r7, #14]	@ zero_extendqisi2
 502              	.L23:
 208:.\ibuton.c    **** 	}
 209:.\ibuton.c    **** } 
 503              		.loc 1 209 0
 504 00aa 1846     		mov	r0, r3
 505 00ac 1037     		adds	r7, r7, #16
 506              		.cfi_def_cfa_offset 8
 507 00ae BD46     		mov	sp, r7
 508              		.cfi_def_cfa_register 13
 509              		@ sp needed
 510 00b0 80BD     		pop	{r7, pc}
 511              		.cfi_endproc
 512              	.LFE65:
 513              		.size	touch_read_byte, .-touch_read_byte
 514 00b2 00BF     		.section	.text.crc_check,"ax",%progbits
 515              		.align	2
 516              		.global	crc_check
 517              		.thumb
 518              		.thumb_func
 519              		.type	crc_check, %function
 520              	crc_check:
 521              	.LFB66:
 210:.\ibuton.c    **** 
 211:.\ibuton.c    **** /*
 212:.\ibuton.c    **** ***************************************************************************************************
ARM GAS  C:\Users\RECEPC~1\AppData\Local\Temp\ccvWcUcz.s 			page 14


 213:.\ibuton.c    **** * 							uint8 crc_check(uint8_t crc, uint8_t data)
 214:.\ibuton.c    **** *
 215:.\ibuton.c    **** * Description : 
 216:.\ibuton.c    **** *               
 217:.\ibuton.c    **** *
 218:.\ibuton.c    **** * Argument(s) : none
 219:.\ibuton.c    **** *
 220:.\ibuton.c    **** * Return(s)   : none
 221:.\ibuton.c    **** *
 222:.\ibuton.c    **** * Caller(s)   : 
 223:.\ibuton.c    **** *
 224:.\ibuton.c    **** * Note(s)     : none.
 225:.\ibuton.c    **** ***************************************************************************************************
 226:.\ibuton.c    **** */
 227:.\ibuton.c    **** 
 228:.\ibuton.c    **** uint8 crc_check(uint8 crc, uint8 dato){
 522              		.loc 1 228 0
 523              		.cfi_startproc
 524              		@ args = 0, pretend = 0, frame = 16
 525              		@ frame_needed = 1, uses_anonymous_args = 0
 526              		@ link register save eliminated.
 527 0000 80B4     		push	{r7}
 528              		.cfi_def_cfa_offset 4
 529              		.cfi_offset 7, -4
 530 0002 85B0     		sub	sp, sp, #20
 531              		.cfi_def_cfa_offset 24
 532 0004 00AF     		add	r7, sp, #0
 533              		.cfi_def_cfa_register 7
 534 0006 0346     		mov	r3, r0
 535 0008 0A46     		mov	r2, r1
 536 000a FB71     		strb	r3, [r7, #7]
 537 000c 1346     		mov	r3, r2
 538 000e BB71     		strb	r3, [r7, #6]
 229:.\ibuton.c    ****     uint8 i;
 230:.\ibuton.c    ****     crc = crc ^ dato;
 539              		.loc 1 230 0
 540 0010 FA79     		ldrb	r2, [r7, #7]
 541 0012 BB79     		ldrb	r3, [r7, #6]
 542 0014 5340     		eors	r3, r3, r2
 543 0016 FB71     		strb	r3, [r7, #7]
 231:.\ibuton.c    ****     for (i = 0; i < 8; i++)
 544              		.loc 1 231 0
 545 0018 0023     		movs	r3, #0
 546 001a FB73     		strb	r3, [r7, #15]
 547 001c 12E0     		b	.L27
 548              	.L30:
 232:.\ibuton.c    ****     {
 233:.\ibuton.c    ****         if (crc & 0x01){
 549              		.loc 1 233 0
 550 001e FB79     		ldrb	r3, [r7, #7]	@ zero_extendqisi2
 551 0020 03F00103 		and	r3, r3, #1
 552 0024 002B     		cmp	r3, #0
 553 0026 07D0     		beq	.L28
 234:.\ibuton.c    ****             crc = (crc >> 1) ^ 0x8C;
 554              		.loc 1 234 0
 555 0028 FB79     		ldrb	r3, [r7, #7]	@ zero_extendqisi2
 556 002a 5B08     		lsrs	r3, r3, #1
ARM GAS  C:\Users\RECEPC~1\AppData\Local\Temp\ccvWcUcz.s 			page 15


 557 002c DBB2     		uxtb	r3, r3
 558 002e 83F07303 		eor	r3, r3, #115
 559 0032 DB43     		mvns	r3, r3
 560 0034 FB71     		strb	r3, [r7, #7]
 561 0036 02E0     		b	.L29
 562              	.L28:
 235:.\ibuton.c    **** 		}	
 236:.\ibuton.c    ****         else{
 237:.\ibuton.c    ****             crc >>= 1;
 563              		.loc 1 237 0
 564 0038 FB79     		ldrb	r3, [r7, #7]	@ zero_extendqisi2
 565 003a 5B08     		lsrs	r3, r3, #1
 566 003c FB71     		strb	r3, [r7, #7]
 567              	.L29:
 231:.\ibuton.c    ****     {
 568              		.loc 1 231 0 discriminator 2
 569 003e FB7B     		ldrb	r3, [r7, #15]	@ zero_extendqisi2
 570 0040 0133     		adds	r3, r3, #1
 571 0042 FB73     		strb	r3, [r7, #15]
 572              	.L27:
 231:.\ibuton.c    ****     {
 573              		.loc 1 231 0 is_stmt 0 discriminator 1
 574 0044 FB7B     		ldrb	r3, [r7, #15]	@ zero_extendqisi2
 575 0046 072B     		cmp	r3, #7
 576 0048 E9D9     		bls	.L30
 238:.\ibuton.c    **** 		}	
 239:.\ibuton.c    ****     }
 240:.\ibuton.c    ****     return crc;
 577              		.loc 1 240 0 is_stmt 1
 578 004a FB79     		ldrb	r3, [r7, #7]	@ zero_extendqisi2
 241:.\ibuton.c    **** }
 579              		.loc 1 241 0
 580 004c 1846     		mov	r0, r3
 581 004e 1437     		adds	r7, r7, #20
 582              		.cfi_def_cfa_offset 4
 583 0050 BD46     		mov	sp, r7
 584              		.cfi_def_cfa_register 13
 585              		@ sp needed
 586 0052 5DF8047B 		ldr	r7, [sp], #4
 587              		.cfi_restore 7
 588              		.cfi_def_cfa_offset 0
 589 0056 7047     		bx	lr
 590              		.cfi_endproc
 591              	.LFE66:
 592              		.size	crc_check, .-crc_check
 593              		.text
 594              	.Letext0:
 595              		.file 2 "c:\\program files (x86)\\cypress\\psoc creator\\3.3\\psoc creator\\import\\gnu\\arm\\4.9.
 596              		.file 3 "c:\\program files (x86)\\cypress\\psoc creator\\3.3\\psoc creator\\import\\gnu\\arm\\4.9.
 597              		.file 4 "Generated_Source\\PSoC5/cytypes.h"
 598              		.file 5 ".\\VariablesG.h"
 599              		.file 6 "Generated_Source\\PSoC5/core_cm3.h"
 600              		.section	.debug_info,"",%progbits
 601              	.Ldebug_info0:
 602 0000 92080000 		.4byte	0x892
 603 0004 0400     		.2byte	0x4
 604 0006 00000000 		.4byte	.Ldebug_abbrev0
ARM GAS  C:\Users\RECEPC~1\AppData\Local\Temp\ccvWcUcz.s 			page 16


 605 000a 04       		.byte	0x4
 606 000b 01       		.uleb128 0x1
 607 000c 50010000 		.4byte	.LASF100
 608 0010 01       		.byte	0x1
 609 0011 EE010000 		.4byte	.LASF101
 610 0015 68040000 		.4byte	.LASF102
 611 0019 00000000 		.4byte	.Ldebug_ranges0+0
 612 001d 00000000 		.4byte	0
 613 0021 00000000 		.4byte	.Ldebug_line0
 614 0025 02       		.uleb128 0x2
 615 0026 01       		.byte	0x1
 616 0027 06       		.byte	0x6
 617 0028 4C020000 		.4byte	.LASF0
 618 002c 02       		.uleb128 0x2
 619 002d 01       		.byte	0x1
 620 002e 08       		.byte	0x8
 621 002f 26020000 		.4byte	.LASF1
 622 0033 02       		.uleb128 0x2
 623 0034 02       		.byte	0x2
 624 0035 05       		.byte	0x5
 625 0036 8B000000 		.4byte	.LASF2
 626 003a 02       		.uleb128 0x2
 627 003b 02       		.byte	0x2
 628 003c 07       		.byte	0x7
 629 003d EC020000 		.4byte	.LASF3
 630 0041 03       		.uleb128 0x3
 631 0042 40030000 		.4byte	.LASF9
 632 0046 02       		.byte	0x2
 633 0047 3F       		.byte	0x3f
 634 0048 4C000000 		.4byte	0x4c
 635 004c 02       		.uleb128 0x2
 636 004d 04       		.byte	0x4
 637 004e 05       		.byte	0x5
 638 004f 43040000 		.4byte	.LASF4
 639 0053 02       		.uleb128 0x2
 640 0054 04       		.byte	0x4
 641 0055 07       		.byte	0x7
 642 0056 9A030000 		.4byte	.LASF5
 643 005a 02       		.uleb128 0x2
 644 005b 08       		.byte	0x8
 645 005c 05       		.byte	0x5
 646 005d 32010000 		.4byte	.LASF6
 647 0061 02       		.uleb128 0x2
 648 0062 08       		.byte	0x8
 649 0063 07       		.byte	0x7
 650 0064 60020000 		.4byte	.LASF7
 651 0068 04       		.uleb128 0x4
 652 0069 04       		.byte	0x4
 653 006a 05       		.byte	0x5
 654 006b 696E7400 		.ascii	"int\000"
 655 006f 02       		.uleb128 0x2
 656 0070 04       		.byte	0x4
 657 0071 07       		.byte	0x7
 658 0072 94020000 		.4byte	.LASF8
 659 0076 03       		.uleb128 0x3
 660 0077 2A030000 		.4byte	.LASF10
 661 007b 03       		.byte	0x3
ARM GAS  C:\Users\RECEPC~1\AppData\Local\Temp\ccvWcUcz.s 			page 17


 662 007c 2C       		.byte	0x2c
 663 007d 41000000 		.4byte	0x41
 664 0081 03       		.uleb128 0x3
 665 0082 20020000 		.4byte	.LASF11
 666 0086 04       		.byte	0x4
 667 0087 B4       		.byte	0xb4
 668 0088 2C000000 		.4byte	0x2c
 669 008c 03       		.uleb128 0x3
 670 008d F9000000 		.4byte	.LASF12
 671 0091 04       		.byte	0x4
 672 0092 B5       		.byte	0xb5
 673 0093 3A000000 		.4byte	0x3a
 674 0097 02       		.uleb128 0x2
 675 0098 04       		.byte	0x4
 676 0099 04       		.byte	0x4
 677 009a 2C010000 		.4byte	.LASF13
 678 009e 02       		.uleb128 0x2
 679 009f 08       		.byte	0x8
 680 00a0 04       		.byte	0x4
 681 00a1 26040000 		.4byte	.LASF14
 682 00a5 02       		.uleb128 0x2
 683 00a6 01       		.byte	0x1
 684 00a7 08       		.byte	0x8
 685 00a8 15030000 		.4byte	.LASF15
 686 00ac 05       		.uleb128 0x5
 687 00ad 81000000 		.4byte	0x81
 688 00b1 05       		.uleb128 0x5
 689 00b2 8C000000 		.4byte	0x8c
 690 00b6 02       		.uleb128 0x2
 691 00b7 04       		.byte	0x4
 692 00b8 07       		.byte	0x7
 693 00b9 E5010000 		.4byte	.LASF16
 694 00bd 06       		.uleb128 0x6
 695 00be 81000000 		.4byte	0x81
 696 00c2 CD000000 		.4byte	0xcd
 697 00c6 07       		.uleb128 0x7
 698 00c7 B6000000 		.4byte	0xb6
 699 00cb 03       		.byte	0x3
 700 00cc 00       		.byte	0
 701 00cd 08       		.uleb128 0x8
 702 00ce 1D010000 		.4byte	.LASF21
 703 00d2 5D       		.byte	0x5d
 704 00d3 05       		.byte	0x5
 705 00d4 60       		.byte	0x60
 706 00d5 22010000 		.4byte	0x122
 707 00d9 09       		.uleb128 0x9
 708 00da 64697200 		.ascii	"dir\000"
 709 00de 05       		.byte	0x5
 710 00df 61       		.byte	0x61
 711 00e0 AC000000 		.4byte	0xac
 712 00e4 00       		.byte	0
 713 00e5 0A       		.uleb128 0xa
 714 00e6 DE010000 		.4byte	.LASF17
 715 00ea 05       		.byte	0x5
 716 00eb 62       		.byte	0x62
 717 00ec AC000000 		.4byte	0xac
 718 00f0 01       		.byte	0x1
ARM GAS  C:\Users\RECEPC~1\AppData\Local\Temp\ccvWcUcz.s 			page 18


 719 00f1 0A       		.uleb128 0xa
 720 00f2 F9010000 		.4byte	.LASF18
 721 00f6 05       		.byte	0x5
 722 00f7 63       		.byte	0x63
 723 00f8 38010000 		.4byte	0x138
 724 00fc 02       		.byte	0x2
 725 00fd 09       		.uleb128 0x9
 726 00fe 70707500 		.ascii	"ppu\000"
 727 0102 05       		.byte	0x5
 728 0103 64       		.byte	0x64
 729 0104 53010000 		.4byte	0x153
 730 0108 4A       		.byte	0x4a
 731 0109 0A       		.uleb128 0xa
 732 010a FF020000 		.4byte	.LASF19
 733 010e 05       		.byte	0x5
 734 010f 65       		.byte	0x65
 735 0110 6E010000 		.4byte	0x16e
 736 0114 59       		.byte	0x59
 737 0115 0A       		.uleb128 0xa
 738 0116 69030000 		.4byte	.LASF20
 739 011a 05       		.byte	0x5
 740 011b 66       		.byte	0x66
 741 011c AC000000 		.4byte	0xac
 742 0120 5C       		.byte	0x5c
 743 0121 00       		.byte	0
 744 0122 06       		.uleb128 0x6
 745 0123 81000000 		.4byte	0x81
 746 0127 38010000 		.4byte	0x138
 747 012b 07       		.uleb128 0x7
 748 012c B6000000 		.4byte	0xb6
 749 0130 02       		.byte	0x2
 750 0131 07       		.uleb128 0x7
 751 0132 B6000000 		.4byte	0xb6
 752 0136 17       		.byte	0x17
 753 0137 00       		.byte	0
 754 0138 05       		.uleb128 0x5
 755 0139 22010000 		.4byte	0x122
 756 013d 06       		.uleb128 0x6
 757 013e 81000000 		.4byte	0x81
 758 0142 53010000 		.4byte	0x153
 759 0146 07       		.uleb128 0x7
 760 0147 B6000000 		.4byte	0xb6
 761 014b 02       		.byte	0x2
 762 014c 07       		.uleb128 0x7
 763 014d B6000000 		.4byte	0xb6
 764 0151 04       		.byte	0x4
 765 0152 00       		.byte	0
 766 0153 05       		.uleb128 0x5
 767 0154 3D010000 		.4byte	0x13d
 768 0158 06       		.uleb128 0x6
 769 0159 81000000 		.4byte	0x81
 770 015d 6E010000 		.4byte	0x16e
 771 0161 07       		.uleb128 0x7
 772 0162 B6000000 		.4byte	0xb6
 773 0166 02       		.byte	0x2
 774 0167 07       		.uleb128 0x7
 775 0168 B6000000 		.4byte	0xb6
ARM GAS  C:\Users\RECEPC~1\AppData\Local\Temp\ccvWcUcz.s 			page 19


 776 016c 00       		.byte	0
 777 016d 00       		.byte	0
 778 016e 05       		.uleb128 0x5
 779 016f 58010000 		.4byte	0x158
 780 0173 08       		.uleb128 0x8
 781 0174 AC030000 		.4byte	.LASF22
 782 0178 66       		.byte	0x66
 783 0179 05       		.byte	0x5
 784 017a 77       		.byte	0x77
 785 017b 56020000 		.4byte	0x256
 786 017f 0A       		.uleb128 0xa
 787 0180 34020000 		.4byte	.LASF23
 788 0184 05       		.byte	0x5
 789 0185 78       		.byte	0x78
 790 0186 81000000 		.4byte	0x81
 791 018a 00       		.byte	0
 792 018b 0A       		.uleb128 0xa
 793 018c FF020000 		.4byte	.LASF19
 794 0190 05       		.byte	0x5
 795 0191 79       		.byte	0x79
 796 0192 81000000 		.4byte	0x81
 797 0196 01       		.byte	0x1
 798 0197 09       		.uleb128 0x9
 799 0198 70707500 		.ascii	"ppu\000"
 800 019c 05       		.byte	0x5
 801 019d 7A       		.byte	0x7a
 802 019e 56020000 		.4byte	0x256
 803 01a2 02       		.byte	0x2
 804 01a3 0A       		.uleb128 0xa
 805 01a4 AF000000 		.4byte	.LASF24
 806 01a8 05       		.byte	0x5
 807 01a9 7B       		.byte	0x7b
 808 01aa 66020000 		.4byte	0x266
 809 01ae 07       		.byte	0x7
 810 01af 0A       		.uleb128 0xa
 811 01b0 44020000 		.4byte	.LASF25
 812 01b4 05       		.byte	0x5
 813 01b5 7C       		.byte	0x7c
 814 01b6 66020000 		.4byte	0x266
 815 01ba 10       		.byte	0x10
 816 01bb 0A       		.uleb128 0xa
 817 01bc CB020000 		.4byte	.LASF26
 818 01c0 05       		.byte	0x5
 819 01c1 7D       		.byte	0x7d
 820 01c2 81000000 		.4byte	0x81
 821 01c6 19       		.byte	0x19
 822 01c7 0A       		.uleb128 0xa
 823 01c8 82000000 		.4byte	.LASF27
 824 01cc 05       		.byte	0x5
 825 01cd 7E       		.byte	0x7e
 826 01ce 81000000 		.4byte	0x81
 827 01d2 1A       		.byte	0x1a
 828 01d3 0A       		.uleb128 0xa
 829 01d4 CF030000 		.4byte	.LASF28
 830 01d8 05       		.byte	0x5
 831 01d9 7F       		.byte	0x7f
 832 01da 76020000 		.4byte	0x276
ARM GAS  C:\Users\RECEPC~1\AppData\Local\Temp\ccvWcUcz.s 			page 20


 833 01de 1B       		.byte	0x1b
 834 01df 09       		.uleb128 0x9
 835 01e0 696400   		.ascii	"id\000"
 836 01e3 05       		.byte	0x5
 837 01e4 80       		.byte	0x80
 838 01e5 86020000 		.4byte	0x286
 839 01e9 23       		.byte	0x23
 840 01ea 09       		.uleb128 0x9
 841 01eb 6B6D00   		.ascii	"km\000"
 842 01ee 05       		.byte	0x5
 843 01ef 81       		.byte	0x81
 844 01f0 96020000 		.4byte	0x296
 845 01f4 33       		.byte	0x33
 846 01f5 0A       		.uleb128 0xa
 847 01f6 20040000 		.4byte	.LASF29
 848 01fa 05       		.byte	0x5
 849 01fb 82       		.byte	0x82
 850 01fc 66020000 		.4byte	0x266
 851 0200 3E       		.byte	0x3e
 852 0201 0A       		.uleb128 0xa
 853 0202 F0000000 		.4byte	.LASF30
 854 0206 05       		.byte	0x5
 855 0207 83       		.byte	0x83
 856 0208 81000000 		.4byte	0x81
 857 020c 47       		.byte	0x47
 858 020d 0A       		.uleb128 0xa
 859 020e 15040000 		.4byte	.LASF31
 860 0212 05       		.byte	0x5
 861 0213 84       		.byte	0x84
 862 0214 81000000 		.4byte	0x81
 863 0218 48       		.byte	0x48
 864 0219 0A       		.uleb128 0xa
 865 021a CC000000 		.4byte	.LASF32
 866 021e 05       		.byte	0x5
 867 021f 85       		.byte	0x85
 868 0220 96020000 		.4byte	0x296
 869 0224 49       		.byte	0x49
 870 0225 0A       		.uleb128 0xa
 871 0226 D3000000 		.4byte	.LASF33
 872 022a 05       		.byte	0x5
 873 022b 86       		.byte	0x86
 874 022c 96020000 		.4byte	0x296
 875 0230 54       		.byte	0x54
 876 0231 0A       		.uleb128 0xa
 877 0232 DC000000 		.4byte	.LASF34
 878 0236 05       		.byte	0x5
 879 0237 87       		.byte	0x87
 880 0238 81000000 		.4byte	0x81
 881 023c 5F       		.byte	0x5f
 882 023d 0A       		.uleb128 0xa
 883 023e 89020000 		.4byte	.LASF35
 884 0242 05       		.byte	0x5
 885 0243 88       		.byte	0x88
 886 0244 81000000 		.4byte	0x81
 887 0248 60       		.byte	0x60
 888 0249 0A       		.uleb128 0xa
 889 024a 67000000 		.4byte	.LASF36
ARM GAS  C:\Users\RECEPC~1\AppData\Local\Temp\ccvWcUcz.s 			page 21


 890 024e 05       		.byte	0x5
 891 024f 89       		.byte	0x89
 892 0250 56020000 		.4byte	0x256
 893 0254 61       		.byte	0x61
 894 0255 00       		.byte	0
 895 0256 06       		.uleb128 0x6
 896 0257 81000000 		.4byte	0x81
 897 025b 66020000 		.4byte	0x266
 898 025f 07       		.uleb128 0x7
 899 0260 B6000000 		.4byte	0xb6
 900 0264 04       		.byte	0x4
 901 0265 00       		.byte	0
 902 0266 06       		.uleb128 0x6
 903 0267 81000000 		.4byte	0x81
 904 026b 76020000 		.4byte	0x276
 905 026f 07       		.uleb128 0x7
 906 0270 B6000000 		.4byte	0xb6
 907 0274 08       		.byte	0x8
 908 0275 00       		.byte	0
 909 0276 06       		.uleb128 0x6
 910 0277 81000000 		.4byte	0x81
 911 027b 86020000 		.4byte	0x286
 912 027f 07       		.uleb128 0x7
 913 0280 B6000000 		.4byte	0xb6
 914 0284 07       		.byte	0x7
 915 0285 00       		.byte	0
 916 0286 06       		.uleb128 0x6
 917 0287 81000000 		.4byte	0x81
 918 028b 96020000 		.4byte	0x296
 919 028f 07       		.uleb128 0x7
 920 0290 B6000000 		.4byte	0xb6
 921 0294 0F       		.byte	0xf
 922 0295 00       		.byte	0
 923 0296 06       		.uleb128 0x6
 924 0297 81000000 		.4byte	0x81
 925 029b A6020000 		.4byte	0x2a6
 926 029f 07       		.uleb128 0x7
 927 02a0 B6000000 		.4byte	0xb6
 928 02a4 0A       		.byte	0xa
 929 02a5 00       		.byte	0
 930 02a6 0B       		.uleb128 0xb
 931 02a7 AC020000 		.4byte	.LASF37
 932 02ab 01       		.byte	0x1
 933 02ac 37       		.byte	0x37
 934 02ad 81000000 		.4byte	0x81
 935 02b1 00000000 		.4byte	.LFB63
 936 02b5 BE000000 		.4byte	.LFE63-.LFB63
 937 02b9 01       		.uleb128 0x1
 938 02ba 9C       		.byte	0x9c
 939 02bb DC020000 		.4byte	0x2dc
 940 02bf 0C       		.uleb128 0xc
 941 02c0 58020000 		.4byte	.LASF39
 942 02c4 01       		.byte	0x1
 943 02c5 37       		.byte	0x37
 944 02c6 81000000 		.4byte	0x81
 945 02ca 02       		.uleb128 0x2
 946 02cb 91       		.byte	0x91
ARM GAS  C:\Users\RECEPC~1\AppData\Local\Temp\ccvWcUcz.s 			page 22


 947 02cc 6F       		.sleb128 -17
 948 02cd 0D       		.uleb128 0xd
 949 02ce 07040000 		.4byte	.LASF41
 950 02d2 01       		.byte	0x1
 951 02d3 38       		.byte	0x38
 952 02d4 81000000 		.4byte	0x81
 953 02d8 02       		.uleb128 0x2
 954 02d9 91       		.byte	0x91
 955 02da 77       		.sleb128 -9
 956 02db 00       		.byte	0
 957 02dc 0B       		.uleb128 0xb
 958 02dd 0C000000 		.4byte	.LASF38
 959 02e1 01       		.byte	0x1
 960 02e2 74       		.byte	0x74
 961 02e3 81000000 		.4byte	0x81
 962 02e7 00000000 		.4byte	.LFB64
 963 02eb 0C010000 		.4byte	.LFE64-.LFB64
 964 02ef 01       		.uleb128 0x1
 965 02f0 9C       		.byte	0x9c
 966 02f1 1E030000 		.4byte	0x31e
 967 02f5 0C       		.uleb128 0xc
 968 02f6 58020000 		.4byte	.LASF39
 969 02fa 01       		.byte	0x1
 970 02fb 74       		.byte	0x74
 971 02fc 81000000 		.4byte	0x81
 972 0300 02       		.uleb128 0x2
 973 0301 91       		.byte	0x91
 974 0302 6F       		.sleb128 -17
 975 0303 0C       		.uleb128 0xc
 976 0304 BD030000 		.4byte	.LASF40
 977 0308 01       		.byte	0x1
 978 0309 74       		.byte	0x74
 979 030a 81000000 		.4byte	0x81
 980 030e 02       		.uleb128 0x2
 981 030f 91       		.byte	0x91
 982 0310 6E       		.sleb128 -18
 983 0311 0E       		.uleb128 0xe
 984 0312 6900     		.ascii	"i\000"
 985 0314 01       		.byte	0x1
 986 0315 75       		.byte	0x75
 987 0316 81000000 		.4byte	0x81
 988 031a 02       		.uleb128 0x2
 989 031b 91       		.byte	0x91
 990 031c 77       		.sleb128 -9
 991 031d 00       		.byte	0
 992 031e 0B       		.uleb128 0xb
 993 031f 80030000 		.4byte	.LASF42
 994 0323 01       		.byte	0x1
 995 0324 B9       		.byte	0xb9
 996 0325 81000000 		.4byte	0x81
 997 0329 00000000 		.4byte	.LFB65
 998 032d B2000000 		.4byte	.LFE65-.LFB65
 999 0331 01       		.uleb128 0x1
 1000 0332 9C       		.byte	0x9c
 1001 0333 60030000 		.4byte	0x360
 1002 0337 0C       		.uleb128 0xc
 1003 0338 58020000 		.4byte	.LASF39
ARM GAS  C:\Users\RECEPC~1\AppData\Local\Temp\ccvWcUcz.s 			page 23


 1004 033c 01       		.byte	0x1
 1005 033d B9       		.byte	0xb9
 1006 033e 81000000 		.4byte	0x81
 1007 0342 02       		.uleb128 0x2
 1008 0343 91       		.byte	0x91
 1009 0344 6F       		.sleb128 -17
 1010 0345 0E       		.uleb128 0xe
 1011 0346 6900     		.ascii	"i\000"
 1012 0348 01       		.byte	0x1
 1013 0349 BA       		.byte	0xba
 1014 034a 81000000 		.4byte	0x81
 1015 034e 02       		.uleb128 0x2
 1016 034f 91       		.byte	0x91
 1017 0350 77       		.sleb128 -9
 1018 0351 0D       		.uleb128 0xd
 1019 0352 BD030000 		.4byte	.LASF40
 1020 0356 01       		.byte	0x1
 1021 0357 BA       		.byte	0xba
 1022 0358 81000000 		.4byte	0x81
 1023 035c 02       		.uleb128 0x2
 1024 035d 91       		.byte	0x91
 1025 035e 76       		.sleb128 -10
 1026 035f 00       		.byte	0
 1027 0360 0F       		.uleb128 0xf
 1028 0361 07010000 		.4byte	.LASF43
 1029 0365 01       		.byte	0x1
 1030 0366 E4       		.byte	0xe4
 1031 0367 81000000 		.4byte	0x81
 1032 036b 00000000 		.4byte	.LFB66
 1033 036f 58000000 		.4byte	.LFE66-.LFB66
 1034 0373 01       		.uleb128 0x1
 1035 0374 9C       		.byte	0x9c
 1036 0375 A2030000 		.4byte	0x3a2
 1037 0379 10       		.uleb128 0x10
 1038 037a 63726300 		.ascii	"crc\000"
 1039 037e 01       		.byte	0x1
 1040 037f E4       		.byte	0xe4
 1041 0380 81000000 		.4byte	0x81
 1042 0384 02       		.uleb128 0x2
 1043 0385 91       		.byte	0x91
 1044 0386 6F       		.sleb128 -17
 1045 0387 0C       		.uleb128 0xc
 1046 0388 BD030000 		.4byte	.LASF40
 1047 038c 01       		.byte	0x1
 1048 038d E4       		.byte	0xe4
 1049 038e 81000000 		.4byte	0x81
 1050 0392 02       		.uleb128 0x2
 1051 0393 91       		.byte	0x91
 1052 0394 6E       		.sleb128 -18
 1053 0395 0E       		.uleb128 0xe
 1054 0396 6900     		.ascii	"i\000"
 1055 0398 01       		.byte	0x1
 1056 0399 E5       		.byte	0xe5
 1057 039a 81000000 		.4byte	0x81
 1058 039e 02       		.uleb128 0x2
 1059 039f 91       		.byte	0x91
 1060 03a0 77       		.sleb128 -9
ARM GAS  C:\Users\RECEPC~1\AppData\Local\Temp\ccvWcUcz.s 			page 24


 1061 03a1 00       		.byte	0
 1062 03a2 11       		.uleb128 0x11
 1063 03a3 C2030000 		.4byte	.LASF44
 1064 03a7 06       		.byte	0x6
 1065 03a8 2A06     		.2byte	0x62a
 1066 03aa AE030000 		.4byte	0x3ae
 1067 03ae 05       		.uleb128 0x5
 1068 03af 76000000 		.4byte	0x76
 1069 03b3 12       		.uleb128 0x12
 1070 03b4 32030000 		.4byte	.LASF45
 1071 03b8 05       		.byte	0x5
 1072 03b9 4A       		.byte	0x4a
 1073 03ba AC000000 		.4byte	0xac
 1074 03be 05       		.uleb128 0x5
 1075 03bf 03       		.byte	0x3
 1076 03c0 00000000 		.4byte	count_teclas1
 1077 03c4 12       		.uleb128 0x12
 1078 03c5 3D020000 		.4byte	.LASF46
 1079 03c9 05       		.byte	0x5
 1080 03ca 4A       		.byte	0x4a
 1081 03cb AC000000 		.4byte	0xac
 1082 03cf 05       		.uleb128 0x5
 1083 03d0 03       		.byte	0x3
 1084 03d1 00000000 		.4byte	comas1
 1085 03d5 12       		.uleb128 0x12
 1086 03d6 9C040000 		.4byte	.LASF47
 1087 03da 05       		.byte	0x5
 1088 03db 4A       		.byte	0x4a
 1089 03dc AC000000 		.4byte	0xac
 1090 03e0 05       		.uleb128 0x5
 1091 03e1 03       		.byte	0x3
 1092 03e2 00000000 		.4byte	comas2
 1093 03e6 12       		.uleb128 0x12
 1094 03e7 D6030000 		.4byte	.LASF48
 1095 03eb 05       		.byte	0x5
 1096 03ec 4A       		.byte	0x4a
 1097 03ed AC000000 		.4byte	0xac
 1098 03f1 05       		.uleb128 0x5
 1099 03f2 03       		.byte	0x3
 1100 03f3 00000000 		.4byte	id_coma1
 1101 03f7 12       		.uleb128 0x12
 1102 03f8 E8030000 		.4byte	.LASF49
 1103 03fc 05       		.byte	0x5
 1104 03fd 4A       		.byte	0x4a
 1105 03fe AC000000 		.4byte	0xac
 1106 0402 05       		.uleb128 0x5
 1107 0403 03       		.byte	0x3
 1108 0404 00000000 		.4byte	id_teclado1
 1109 0408 12       		.uleb128 0x12
 1110 0409 24000000 		.4byte	.LASF50
 1111 040d 05       		.byte	0x5
 1112 040e 4A       		.byte	0x4a
 1113 040f AC000000 		.4byte	0xac
 1114 0413 05       		.uleb128 0x5
 1115 0414 03       		.byte	0x3
 1116 0415 00000000 		.4byte	count_teclas2
 1117 0419 12       		.uleb128 0x12
ARM GAS  C:\Users\RECEPC~1\AppData\Local\Temp\ccvWcUcz.s 			page 25


 1118 041a DF030000 		.4byte	.LASF51
 1119 041e 05       		.byte	0x5
 1120 041f 4A       		.byte	0x4a
 1121 0420 AC000000 		.4byte	0xac
 1122 0424 05       		.uleb128 0x5
 1123 0425 03       		.byte	0x3
 1124 0426 00000000 		.4byte	id_coma2
 1125 042a 12       		.uleb128 0x12
 1126 042b F4030000 		.4byte	.LASF52
 1127 042f 05       		.byte	0x5
 1128 0430 4A       		.byte	0x4a
 1129 0431 AC000000 		.4byte	0xac
 1130 0435 05       		.uleb128 0x5
 1131 0436 03       		.byte	0x3
 1132 0437 00000000 		.4byte	id_teclado2
 1133 043b 12       		.uleb128 0x12
 1134 043c 00000000 		.4byte	.LASF53
 1135 0440 05       		.byte	0x5
 1136 0441 4B       		.byte	0x4b
 1137 0442 B1000000 		.4byte	0xb1
 1138 0446 05       		.uleb128 0x5
 1139 0447 03       		.byte	0x3
 1140 0448 00000000 		.4byte	posx1
 1141 044c 12       		.uleb128 0x12
 1142 044d 11010000 		.4byte	.LASF54
 1143 0451 05       		.byte	0x5
 1144 0452 4B       		.byte	0x4b
 1145 0453 B1000000 		.4byte	0xb1
 1146 0457 05       		.uleb128 0x5
 1147 0458 03       		.byte	0x3
 1148 0459 00000000 		.4byte	posy1
 1149 045d 12       		.uleb128 0x12
 1150 045e A1020000 		.4byte	.LASF55
 1151 0462 05       		.byte	0x5
 1152 0463 4B       		.byte	0x4b
 1153 0464 B1000000 		.4byte	0xb1
 1154 0468 05       		.uleb128 0x5
 1155 0469 03       		.byte	0x3
 1156 046a 00000000 		.4byte	sizeletra1
 1157 046e 12       		.uleb128 0x12
 1158 046f 06000000 		.4byte	.LASF56
 1159 0473 05       		.byte	0x5
 1160 0474 4B       		.byte	0x4b
 1161 0475 B1000000 		.4byte	0xb1
 1162 0479 05       		.uleb128 0x5
 1163 047a 03       		.byte	0x3
 1164 047b 00000000 		.4byte	posx2
 1165 047f 12       		.uleb128 0x12
 1166 0480 17010000 		.4byte	.LASF57
 1167 0484 05       		.byte	0x5
 1168 0485 4B       		.byte	0x4b
 1169 0486 B1000000 		.4byte	0xb1
 1170 048a 05       		.uleb128 0x5
 1171 048b 03       		.byte	0x3
 1172 048c 00000000 		.4byte	posy2
 1173 0490 12       		.uleb128 0x12
 1174 0491 5D040000 		.4byte	.LASF58
ARM GAS  C:\Users\RECEPC~1\AppData\Local\Temp\ccvWcUcz.s 			page 26


 1175 0495 05       		.byte	0x5
 1176 0496 4B       		.byte	0x4b
 1177 0497 B1000000 		.4byte	0xb1
 1178 049b 05       		.uleb128 0x5
 1179 049c 03       		.byte	0x3
 1180 049d 00000000 		.4byte	sizeletra2
 1181 04a1 12       		.uleb128 0x12
 1182 04a2 05030000 		.4byte	.LASF59
 1183 04a6 05       		.byte	0x5
 1184 04a7 4C       		.byte	0x4c
 1185 04a8 AC000000 		.4byte	0xac
 1186 04ac 05       		.uleb128 0x5
 1187 04ad 03       		.byte	0x3
 1188 04ae 00000000 		.4byte	teclas1
 1189 04b2 12       		.uleb128 0x12
 1190 04b3 0D030000 		.4byte	.LASF60
 1191 04b7 05       		.byte	0x5
 1192 04b8 4C       		.byte	0x4c
 1193 04b9 AC000000 		.4byte	0xac
 1194 04bd 05       		.uleb128 0x5
 1195 04be 03       		.byte	0x3
 1196 04bf 00000000 		.4byte	teclas2
 1197 04c3 12       		.uleb128 0x12
 1198 04c4 B6000000 		.4byte	.LASF61
 1199 04c8 05       		.byte	0x5
 1200 04c9 4D       		.byte	0x4d
 1201 04ca AC000000 		.4byte	0xac
 1202 04ce 05       		.uleb128 0x5
 1203 04cf 03       		.byte	0x3
 1204 04d0 00000000 		.4byte	flujo_LCD1
 1205 04d4 12       		.uleb128 0x12
 1206 04d5 C1000000 		.4byte	.LASF62
 1207 04d9 05       		.byte	0x5
 1208 04da 4D       		.byte	0x4d
 1209 04db AC000000 		.4byte	0xac
 1210 04df 05       		.uleb128 0x5
 1211 04e0 03       		.byte	0x3
 1212 04e1 00000000 		.4byte	flujo_LCD2
 1213 04e5 06       		.uleb128 0x6
 1214 04e6 81000000 		.4byte	0x81
 1215 04ea F5040000 		.4byte	0x4f5
 1216 04ee 07       		.uleb128 0x7
 1217 04ef B6000000 		.4byte	0xb6
 1218 04f3 1D       		.byte	0x1d
 1219 04f4 00       		.byte	0
 1220 04f5 12       		.uleb128 0x12
 1221 04f6 D4020000 		.4byte	.LASF63
 1222 04fa 05       		.byte	0x5
 1223 04fb 4E       		.byte	0x4e
 1224 04fc 06050000 		.4byte	0x506
 1225 0500 05       		.uleb128 0x5
 1226 0501 03       		.byte	0x3
 1227 0502 00000000 		.4byte	Buffer_LCD1
 1228 0506 05       		.uleb128 0x5
 1229 0507 E5040000 		.4byte	0x4e5
 1230 050b 12       		.uleb128 0x12
 1231 050c E0020000 		.4byte	.LASF64
ARM GAS  C:\Users\RECEPC~1\AppData\Local\Temp\ccvWcUcz.s 			page 27


 1232 0510 05       		.byte	0x5
 1233 0511 4F       		.byte	0x4f
 1234 0512 1C050000 		.4byte	0x51c
 1235 0516 05       		.uleb128 0x5
 1236 0517 03       		.byte	0x3
 1237 0518 00000000 		.4byte	Buffer_LCD2
 1238 051c 05       		.uleb128 0x5
 1239 051d E5040000 		.4byte	0x4e5
 1240 0521 12       		.uleb128 0x12
 1241 0522 95000000 		.4byte	.LASF65
 1242 0526 05       		.byte	0x5
 1243 0527 50       		.byte	0x50
 1244 0528 AC000000 		.4byte	0xac
 1245 052c 05       		.uleb128 0x5
 1246 052d 03       		.byte	0x3
 1247 052e 00000000 		.4byte	count_protector
 1248 0532 12       		.uleb128 0x12
 1249 0533 0F020000 		.4byte	.LASF66
 1250 0537 05       		.byte	0x5
 1251 0538 50       		.byte	0x50
 1252 0539 AC000000 		.4byte	0xac
 1253 053d 05       		.uleb128 0x5
 1254 053e 03       		.byte	0x3
 1255 053f 00000000 		.4byte	count_protector2
 1256 0543 12       		.uleb128 0x12
 1257 0544 40010000 		.4byte	.LASF67
 1258 0548 05       		.byte	0x5
 1259 0549 51       		.byte	0x51
 1260 054a AC000000 		.4byte	0xac
 1261 054e 05       		.uleb128 0x5
 1262 054f 03       		.byte	0x3
 1263 0550 00000000 		.4byte	count_esperaBBB
 1264 0554 12       		.uleb128 0x12
 1265 0555 4C040000 		.4byte	.LASF68
 1266 0559 05       		.byte	0x5
 1267 055a 51       		.byte	0x51
 1268 055b AC000000 		.4byte	0xac
 1269 055f 05       		.uleb128 0x5
 1270 0560 03       		.byte	0x3
 1271 0561 00000000 		.4byte	count_esperaBBB2
 1272 0565 12       		.uleb128 0x12
 1273 0566 36040000 		.4byte	.LASF69
 1274 056a 05       		.byte	0x5
 1275 056b 52       		.byte	0x52
 1276 056c 76050000 		.4byte	0x576
 1277 0570 05       		.uleb128 0x5
 1278 0571 03       		.byte	0x3
 1279 0572 00000000 		.4byte	password_lcd
 1280 0576 05       		.uleb128 0x5
 1281 0577 66020000 		.4byte	0x266
 1282 057b 12       		.uleb128 0x12
 1283 057c 73030000 		.4byte	.LASF70
 1284 0580 05       		.byte	0x5
 1285 0581 53       		.byte	0x53
 1286 0582 B1000000 		.4byte	0xb1
 1287 0586 05       		.uleb128 0x5
 1288 0587 03       		.byte	0x3
ARM GAS  C:\Users\RECEPC~1\AppData\Local\Temp\ccvWcUcz.s 			page 28


 1289 0588 00000000 		.4byte	imagen_grado
 1290 058c 06       		.uleb128 0x6
 1291 058d 8C000000 		.4byte	0x8c
 1292 0591 A2050000 		.4byte	0x5a2
 1293 0595 07       		.uleb128 0x7
 1294 0596 B6000000 		.4byte	0xb6
 1295 059a 01       		.byte	0x1
 1296 059b 07       		.uleb128 0x7
 1297 059c B6000000 		.4byte	0xb6
 1298 05a0 01       		.byte	0x1
 1299 05a1 00       		.byte	0
 1300 05a2 12       		.uleb128 0x12
 1301 05a3 A5000000 		.4byte	.LASF71
 1302 05a7 05       		.byte	0x5
 1303 05a8 54       		.byte	0x54
 1304 05a9 B3050000 		.4byte	0x5b3
 1305 05ad 05       		.uleb128 0x5
 1306 05ae 03       		.byte	0x3
 1307 05af 00000000 		.4byte	prox_caso
 1308 05b3 05       		.uleb128 0x5
 1309 05b4 8C050000 		.4byte	0x58c
 1310 05b8 06       		.uleb128 0x6
 1311 05b9 81000000 		.4byte	0x81
 1312 05bd C8050000 		.4byte	0x5c8
 1313 05c1 07       		.uleb128 0x7
 1314 05c2 B6000000 		.4byte	0xb6
 1315 05c6 02       		.byte	0x2
 1316 05c7 00       		.byte	0
 1317 05c8 12       		.uleb128 0x12
 1318 05c9 76000000 		.4byte	.LASF72
 1319 05cd 05       		.byte	0x5
 1320 05ce 55       		.byte	0x55
 1321 05cf D9050000 		.4byte	0x5d9
 1322 05d3 05       		.uleb128 0x5
 1323 05d4 03       		.byte	0x3
 1324 05d5 00000000 		.4byte	bloqueo_LCD
 1325 05d9 05       		.uleb128 0x5
 1326 05da B8050000 		.4byte	0x5b8
 1327 05de 12       		.uleb128 0x12
 1328 05df 52000000 		.4byte	.LASF73
 1329 05e3 05       		.byte	0x5
 1330 05e4 56       		.byte	0x56
 1331 05e5 EF050000 		.4byte	0x5ef
 1332 05e9 05       		.uleb128 0x5
 1333 05ea 03       		.byte	0x3
 1334 05eb 00000000 		.4byte	id_estacion
 1335 05ef 05       		.uleb128 0x5
 1336 05f0 56020000 		.4byte	0x256
 1337 05f4 12       		.uleb128 0x12
 1338 05f5 5E000000 		.4byte	.LASF74
 1339 05f9 05       		.byte	0x5
 1340 05fa 57       		.byte	0x57
 1341 05fb 05060000 		.4byte	0x605
 1342 05ff 05       		.uleb128 0x5
 1343 0600 03       		.byte	0x3
 1344 0601 00000000 		.4byte	id_venta
 1345 0605 05       		.uleb128 0x5
ARM GAS  C:\Users\RECEPC~1\AppData\Local\Temp\ccvWcUcz.s 			page 29


 1346 0606 76020000 		.4byte	0x276
 1347 060a 06       		.uleb128 0x6
 1348 060b 81000000 		.4byte	0x81
 1349 060f 1A060000 		.4byte	0x61a
 1350 0613 07       		.uleb128 0x7
 1351 0614 B6000000 		.4byte	0xb6
 1352 0618 C7       		.byte	0xc7
 1353 0619 00       		.byte	0
 1354 061a 12       		.uleb128 0x12
 1355 061b 01020000 		.4byte	.LASF75
 1356 061f 05       		.byte	0x5
 1357 0620 58       		.byte	0x58
 1358 0621 2B060000 		.4byte	0x62b
 1359 0625 05       		.uleb128 0x5
 1360 0626 03       		.byte	0x3
 1361 0627 00000000 		.4byte	trama_totales
 1362 062b 05       		.uleb128 0x5
 1363 062c 0A060000 		.4byte	0x60a
 1364 0630 12       		.uleb128 0x12
 1365 0631 77020000 		.4byte	.LASF76
 1366 0635 05       		.byte	0x5
 1367 0636 5C       		.byte	0x5c
 1368 0637 AC000000 		.4byte	0xac
 1369 063b 05       		.uleb128 0x5
 1370 063c 03       		.byte	0x3
 1371 063d 00000000 		.4byte	ppux10
 1372 0641 06       		.uleb128 0x6
 1373 0642 81000000 		.4byte	0x81
 1374 0646 51060000 		.4byte	0x651
 1375 064a 07       		.uleb128 0x7
 1376 064b B6000000 		.4byte	0xb6
 1377 064f 10       		.byte	0x10
 1378 0650 00       		.byte	0
 1379 0651 12       		.uleb128 0x12
 1380 0652 18000000 		.4byte	.LASF77
 1381 0656 05       		.byte	0x5
 1382 0657 5D       		.byte	0x5d
 1383 0658 62060000 		.4byte	0x662
 1384 065c 05       		.uleb128 0x5
 1385 065d 03       		.byte	0x3
 1386 065e 00000000 		.4byte	nombre_pro1
 1387 0662 05       		.uleb128 0x5
 1388 0663 41060000 		.4byte	0x641
 1389 0667 12       		.uleb128 0x12
 1390 0668 32000000 		.4byte	.LASF78
 1391 066c 05       		.byte	0x5
 1392 066d 5D       		.byte	0x5d
 1393 066e 78060000 		.4byte	0x678
 1394 0672 05       		.uleb128 0x5
 1395 0673 03       		.byte	0x3
 1396 0674 00000000 		.4byte	nombre_pro2
 1397 0678 05       		.uleb128 0x5
 1398 0679 41060000 		.4byte	0x641
 1399 067d 12       		.uleb128 0x12
 1400 067e 3E000000 		.4byte	.LASF79
 1401 0682 05       		.byte	0x5
 1402 0683 5D       		.byte	0x5d
ARM GAS  C:\Users\RECEPC~1\AppData\Local\Temp\ccvWcUcz.s 			page 30


 1403 0684 8E060000 		.4byte	0x68e
 1404 0688 05       		.uleb128 0x5
 1405 0689 03       		.byte	0x3
 1406 068a 00000000 		.4byte	nombre_pro3
 1407 068e 05       		.uleb128 0x5
 1408 068f 41060000 		.4byte	0x641
 1409 0693 12       		.uleb128 0x12
 1410 0694 4A000000 		.4byte	.LASF80
 1411 0698 05       		.byte	0x5
 1412 0699 5E       		.byte	0x5e
 1413 069a A4060000 		.4byte	0x6a4
 1414 069e 05       		.uleb128 0x5
 1415 069f 03       		.byte	0x3
 1416 06a0 00000000 		.4byte	version
 1417 06a4 05       		.uleb128 0x5
 1418 06a5 BD000000 		.4byte	0xbd
 1419 06a9 12       		.uleb128 0x12
 1420 06aa 26010000 		.4byte	.LASF81
 1421 06ae 05       		.byte	0x5
 1422 06af 68       		.byte	0x68
 1423 06b0 CD000000 		.4byte	0xcd
 1424 06b4 05       		.uleb128 0x5
 1425 06b5 03       		.byte	0x3
 1426 06b6 00000000 		.4byte	lado1
 1427 06ba 12       		.uleb128 0x12
 1428 06bb 50030000 		.4byte	.LASF82
 1429 06bf 05       		.byte	0x5
 1430 06c0 69       		.byte	0x69
 1431 06c1 CD000000 		.4byte	0xcd
 1432 06c5 05       		.uleb128 0x5
 1433 06c6 03       		.byte	0x3
 1434 06c7 00000000 		.4byte	lado2
 1435 06cb 06       		.uleb128 0x6
 1436 06cc 81000000 		.4byte	0x81
 1437 06d0 DB060000 		.4byte	0x6db
 1438 06d4 07       		.uleb128 0x7
 1439 06d5 B6000000 		.4byte	0xb6
 1440 06d9 20       		.byte	0x20
 1441 06da 00       		.byte	0
 1442 06db 12       		.uleb128 0x12
 1443 06dc 00010000 		.4byte	.LASF83
 1444 06e0 05       		.byte	0x5
 1445 06e1 6D       		.byte	0x6d
 1446 06e2 EC060000 		.4byte	0x6ec
 1447 06e6 05       		.uleb128 0x5
 1448 06e7 03       		.byte	0x3
 1449 06e8 00000000 		.4byte	nombre
 1450 06ec 05       		.uleb128 0x5
 1451 06ed CB060000 		.4byte	0x6cb
 1452 06f1 06       		.uleb128 0x6
 1453 06f2 81000000 		.4byte	0x81
 1454 06f6 01070000 		.4byte	0x701
 1455 06fa 07       		.uleb128 0x7
 1456 06fb B6000000 		.4byte	0xb6
 1457 06ff 0E       		.byte	0xe
 1458 0700 00       		.byte	0
 1459 0701 13       		.uleb128 0x13
ARM GAS  C:\Users\RECEPC~1\AppData\Local\Temp\ccvWcUcz.s 			page 31


 1460 0702 6E697400 		.ascii	"nit\000"
 1461 0706 05       		.byte	0x5
 1462 0707 6E       		.byte	0x6e
 1463 0708 12070000 		.4byte	0x712
 1464 070c 05       		.uleb128 0x5
 1465 070d 03       		.byte	0x3
 1466 070e 00000000 		.4byte	nit
 1467 0712 05       		.uleb128 0x5
 1468 0713 F1060000 		.4byte	0x6f1
 1469 0717 06       		.uleb128 0x6
 1470 0718 81000000 		.4byte	0x81
 1471 071c 27070000 		.4byte	0x727
 1472 0720 07       		.uleb128 0x7
 1473 0721 B6000000 		.4byte	0xb6
 1474 0725 13       		.byte	0x13
 1475 0726 00       		.byte	0
 1476 0727 12       		.uleb128 0x12
 1477 0728 2D040000 		.4byte	.LASF84
 1478 072c 05       		.byte	0x5
 1479 072d 6F       		.byte	0x6f
 1480 072e 38070000 		.4byte	0x738
 1481 0732 05       		.uleb128 0x5
 1482 0733 03       		.byte	0x3
 1483 0734 00000000 		.4byte	telefono
 1484 0738 05       		.uleb128 0x5
 1485 0739 17070000 		.4byte	0x717
 1486 073d 12       		.uleb128 0x12
 1487 073e 90030000 		.4byte	.LASF85
 1488 0742 05       		.byte	0x5
 1489 0743 70       		.byte	0x70
 1490 0744 4E070000 		.4byte	0x74e
 1491 0748 05       		.uleb128 0x5
 1492 0749 03       		.byte	0x3
 1493 074a 00000000 		.4byte	direccion
 1494 074e 05       		.uleb128 0x5
 1495 074f CB060000 		.4byte	0x6cb
 1496 0753 06       		.uleb128 0x6
 1497 0754 81000000 		.4byte	0x81
 1498 0758 63070000 		.4byte	0x763
 1499 075c 07       		.uleb128 0x7
 1500 075d B6000000 		.4byte	0xb6
 1501 0761 1F       		.byte	0x1f
 1502 0762 00       		.byte	0
 1503 0763 12       		.uleb128 0x12
 1504 0764 BA020000 		.4byte	.LASF86
 1505 0768 05       		.byte	0x5
 1506 0769 71       		.byte	0x71
 1507 076a 74070000 		.4byte	0x774
 1508 076e 05       		.uleb128 0x5
 1509 076f 03       		.byte	0x3
 1510 0770 00000000 		.4byte	lema1
 1511 0774 05       		.uleb128 0x5
 1512 0775 53070000 		.4byte	0x753
 1513 0779 12       		.uleb128 0x12
 1514 077a C0020000 		.4byte	.LASF87
 1515 077e 05       		.byte	0x5
 1516 077f 72       		.byte	0x72
ARM GAS  C:\Users\RECEPC~1\AppData\Local\Temp\ccvWcUcz.s 			page 32


 1517 0780 8A070000 		.4byte	0x78a
 1518 0784 05       		.uleb128 0x5
 1519 0785 03       		.byte	0x3
 1520 0786 00000000 		.4byte	lema2
 1521 078a 05       		.uleb128 0x5
 1522 078b 53070000 		.4byte	0x753
 1523 078f 06       		.uleb128 0x6
 1524 0790 81000000 		.4byte	0x81
 1525 0794 9F070000 		.4byte	0x79f
 1526 0798 07       		.uleb128 0x7
 1527 0799 B6000000 		.4byte	0xb6
 1528 079d 01       		.byte	0x1
 1529 079e 00       		.byte	0
 1530 079f 12       		.uleb128 0x12
 1531 07a0 61030000 		.4byte	.LASF88
 1532 07a4 05       		.byte	0x5
 1533 07a5 73       		.byte	0x73
 1534 07a6 B0070000 		.4byte	0x7b0
 1535 07aa 05       		.uleb128 0x5
 1536 07ab 03       		.byte	0x3
 1537 07ac 00000000 		.4byte	id_logo
 1538 07b0 05       		.uleb128 0x5
 1539 07b1 8F070000 		.4byte	0x78f
 1540 07b5 13       		.uleb128 0x13
 1541 07b6 6B6D00   		.ascii	"km\000"
 1542 07b9 05       		.byte	0x5
 1543 07ba 74       		.byte	0x74
 1544 07bb C5070000 		.4byte	0x7c5
 1545 07bf 05       		.uleb128 0x5
 1546 07c0 03       		.byte	0x3
 1547 07c1 00000000 		.4byte	km
 1548 07c5 05       		.uleb128 0x5
 1549 07c6 8F070000 		.4byte	0x78f
 1550 07ca 12       		.uleb128 0x12
 1551 07cb 4A030000 		.4byte	.LASF89
 1552 07cf 05       		.byte	0x5
 1553 07d0 75       		.byte	0x75
 1554 07d1 B8050000 		.4byte	0x5b8
 1555 07d5 05       		.uleb128 0x5
 1556 07d6 03       		.byte	0x3
 1557 07d7 00000000 		.4byte	fecha
 1558 07db 12       		.uleb128 0x12
 1559 07dc C6020000 		.4byte	.LASF90
 1560 07e0 05       		.byte	0x5
 1561 07e1 76       		.byte	0x76
 1562 07e2 8F070000 		.4byte	0x78f
 1563 07e6 05       		.uleb128 0x5
 1564 07e7 03       		.byte	0x3
 1565 07e8 00000000 		.4byte	hora
 1566 07ec 12       		.uleb128 0x12
 1567 07ed 1A030000 		.4byte	.LASF91
 1568 07f1 05       		.byte	0x5
 1569 07f2 8B       		.byte	0x8b
 1570 07f3 73010000 		.4byte	0x173
 1571 07f7 05       		.uleb128 0x5
 1572 07f8 03       		.byte	0x3
 1573 07f9 00000000 		.4byte	rventa1
ARM GAS  C:\Users\RECEPC~1\AppData\Local\Temp\ccvWcUcz.s 			page 33


 1574 07fd 12       		.uleb128 0x12
 1575 07fe 22030000 		.4byte	.LASF92
 1576 0802 05       		.byte	0x5
 1577 0803 8C       		.byte	0x8c
 1578 0804 73010000 		.4byte	0x173
 1579 0808 05       		.uleb128 0x5
 1580 0809 03       		.byte	0x3
 1581 080a 00000000 		.4byte	rventa2
 1582 080e 12       		.uleb128 0x12
 1583 080f 0F040000 		.4byte	.LASF93
 1584 0813 05       		.byte	0x5
 1585 0814 91       		.byte	0x91
 1586 0815 81000000 		.4byte	0x81
 1587 0819 05       		.uleb128 0x5
 1588 081a 03       		.byte	0x3
 1589 081b 00000000 		.4byte	ok_RF
 1590 081f 12       		.uleb128 0x12
 1591 0820 7E020000 		.4byte	.LASF94
 1592 0824 05       		.byte	0x5
 1593 0825 92       		.byte	0x92
 1594 0826 81000000 		.4byte	0x81
 1595 082a 05       		.uleb128 0x5
 1596 082b 03       		.byte	0x3
 1597 082c 00000000 		.4byte	ok_datosRF
 1598 0830 12       		.uleb128 0x12
 1599 0831 00040000 		.4byte	.LASF95
 1600 0835 05       		.byte	0x5
 1601 0836 93       		.byte	0x93
 1602 0837 0A060000 		.4byte	0x60a
 1603 083b 05       		.uleb128 0x5
 1604 083c 03       		.byte	0x3
 1605 083d 00000000 		.4byte	rf_mod
 1606 0841 06       		.uleb128 0x6
 1607 0842 81000000 		.4byte	0x81
 1608 0846 51080000 		.4byte	0x851
 1609 084a 07       		.uleb128 0x7
 1610 084b B6000000 		.4byte	0xb6
 1611 084f 3F       		.byte	0x3f
 1612 0850 00       		.byte	0
 1613 0851 12       		.uleb128 0x12
 1614 0852 56030000 		.4byte	.LASF96
 1615 0856 05       		.byte	0x5
 1616 0857 98       		.byte	0x98
 1617 0858 41080000 		.4byte	0x841
 1618 085c 05       		.uleb128 0x5
 1619 085d 03       		.byte	0x3
 1620 085e 00000000 		.4byte	buffer_i2c
 1621 0862 12       		.uleb128 0x12
 1622 0863 B3030000 		.4byte	.LASF97
 1623 0867 05       		.byte	0x5
 1624 0868 9D       		.byte	0x9d
 1625 0869 81000000 		.4byte	0x81
 1626 086d 05       		.uleb128 0x5
 1627 086e 03       		.byte	0x3
 1628 086f 00000000 		.4byte	crc_total
 1629 0873 12       		.uleb128 0x12
 1630 0874 E2000000 		.4byte	.LASF98
ARM GAS  C:\Users\RECEPC~1\AppData\Local\Temp\ccvWcUcz.s 			page 34


 1631 0878 05       		.byte	0x5
 1632 0879 A1       		.byte	0xa1
 1633 087a 8F070000 		.4byte	0x78f
 1634 087e 05       		.uleb128 0x5
 1635 087f 03       		.byte	0x3
 1636 0880 00000000 		.4byte	print1
 1637 0884 12       		.uleb128 0x12
 1638 0885 E9000000 		.4byte	.LASF99
 1639 0889 05       		.byte	0x5
 1640 088a A2       		.byte	0xa2
 1641 088b 8F070000 		.4byte	0x78f
 1642 088f 05       		.uleb128 0x5
 1643 0890 03       		.byte	0x3
 1644 0891 00000000 		.4byte	print2
 1645 0895 00       		.byte	0
 1646              		.section	.debug_abbrev,"",%progbits
 1647              	.Ldebug_abbrev0:
 1648 0000 01       		.uleb128 0x1
 1649 0001 11       		.uleb128 0x11
 1650 0002 01       		.byte	0x1
 1651 0003 25       		.uleb128 0x25
 1652 0004 0E       		.uleb128 0xe
 1653 0005 13       		.uleb128 0x13
 1654 0006 0B       		.uleb128 0xb
 1655 0007 03       		.uleb128 0x3
 1656 0008 0E       		.uleb128 0xe
 1657 0009 1B       		.uleb128 0x1b
 1658 000a 0E       		.uleb128 0xe
 1659 000b 55       		.uleb128 0x55
 1660 000c 17       		.uleb128 0x17
 1661 000d 11       		.uleb128 0x11
 1662 000e 01       		.uleb128 0x1
 1663 000f 10       		.uleb128 0x10
 1664 0010 17       		.uleb128 0x17
 1665 0011 00       		.byte	0
 1666 0012 00       		.byte	0
 1667 0013 02       		.uleb128 0x2
 1668 0014 24       		.uleb128 0x24
 1669 0015 00       		.byte	0
 1670 0016 0B       		.uleb128 0xb
 1671 0017 0B       		.uleb128 0xb
 1672 0018 3E       		.uleb128 0x3e
 1673 0019 0B       		.uleb128 0xb
 1674 001a 03       		.uleb128 0x3
 1675 001b 0E       		.uleb128 0xe
 1676 001c 00       		.byte	0
 1677 001d 00       		.byte	0
 1678 001e 03       		.uleb128 0x3
 1679 001f 16       		.uleb128 0x16
 1680 0020 00       		.byte	0
 1681 0021 03       		.uleb128 0x3
 1682 0022 0E       		.uleb128 0xe
 1683 0023 3A       		.uleb128 0x3a
 1684 0024 0B       		.uleb128 0xb
 1685 0025 3B       		.uleb128 0x3b
 1686 0026 0B       		.uleb128 0xb
 1687 0027 49       		.uleb128 0x49
ARM GAS  C:\Users\RECEPC~1\AppData\Local\Temp\ccvWcUcz.s 			page 35


 1688 0028 13       		.uleb128 0x13
 1689 0029 00       		.byte	0
 1690 002a 00       		.byte	0
 1691 002b 04       		.uleb128 0x4
 1692 002c 24       		.uleb128 0x24
 1693 002d 00       		.byte	0
 1694 002e 0B       		.uleb128 0xb
 1695 002f 0B       		.uleb128 0xb
 1696 0030 3E       		.uleb128 0x3e
 1697 0031 0B       		.uleb128 0xb
 1698 0032 03       		.uleb128 0x3
 1699 0033 08       		.uleb128 0x8
 1700 0034 00       		.byte	0
 1701 0035 00       		.byte	0
 1702 0036 05       		.uleb128 0x5
 1703 0037 35       		.uleb128 0x35
 1704 0038 00       		.byte	0
 1705 0039 49       		.uleb128 0x49
 1706 003a 13       		.uleb128 0x13
 1707 003b 00       		.byte	0
 1708 003c 00       		.byte	0
 1709 003d 06       		.uleb128 0x6
 1710 003e 01       		.uleb128 0x1
 1711 003f 01       		.byte	0x1
 1712 0040 49       		.uleb128 0x49
 1713 0041 13       		.uleb128 0x13
 1714 0042 01       		.uleb128 0x1
 1715 0043 13       		.uleb128 0x13
 1716 0044 00       		.byte	0
 1717 0045 00       		.byte	0
 1718 0046 07       		.uleb128 0x7
 1719 0047 21       		.uleb128 0x21
 1720 0048 00       		.byte	0
 1721 0049 49       		.uleb128 0x49
 1722 004a 13       		.uleb128 0x13
 1723 004b 2F       		.uleb128 0x2f
 1724 004c 0B       		.uleb128 0xb
 1725 004d 00       		.byte	0
 1726 004e 00       		.byte	0
 1727 004f 08       		.uleb128 0x8
 1728 0050 13       		.uleb128 0x13
 1729 0051 01       		.byte	0x1
 1730 0052 03       		.uleb128 0x3
 1731 0053 0E       		.uleb128 0xe
 1732 0054 0B       		.uleb128 0xb
 1733 0055 0B       		.uleb128 0xb
 1734 0056 3A       		.uleb128 0x3a
 1735 0057 0B       		.uleb128 0xb
 1736 0058 3B       		.uleb128 0x3b
 1737 0059 0B       		.uleb128 0xb
 1738 005a 01       		.uleb128 0x1
 1739 005b 13       		.uleb128 0x13
 1740 005c 00       		.byte	0
 1741 005d 00       		.byte	0
 1742 005e 09       		.uleb128 0x9
 1743 005f 0D       		.uleb128 0xd
 1744 0060 00       		.byte	0
ARM GAS  C:\Users\RECEPC~1\AppData\Local\Temp\ccvWcUcz.s 			page 36


 1745 0061 03       		.uleb128 0x3
 1746 0062 08       		.uleb128 0x8
 1747 0063 3A       		.uleb128 0x3a
 1748 0064 0B       		.uleb128 0xb
 1749 0065 3B       		.uleb128 0x3b
 1750 0066 0B       		.uleb128 0xb
 1751 0067 49       		.uleb128 0x49
 1752 0068 13       		.uleb128 0x13
 1753 0069 38       		.uleb128 0x38
 1754 006a 0B       		.uleb128 0xb
 1755 006b 00       		.byte	0
 1756 006c 00       		.byte	0
 1757 006d 0A       		.uleb128 0xa
 1758 006e 0D       		.uleb128 0xd
 1759 006f 00       		.byte	0
 1760 0070 03       		.uleb128 0x3
 1761 0071 0E       		.uleb128 0xe
 1762 0072 3A       		.uleb128 0x3a
 1763 0073 0B       		.uleb128 0xb
 1764 0074 3B       		.uleb128 0x3b
 1765 0075 0B       		.uleb128 0xb
 1766 0076 49       		.uleb128 0x49
 1767 0077 13       		.uleb128 0x13
 1768 0078 38       		.uleb128 0x38
 1769 0079 0B       		.uleb128 0xb
 1770 007a 00       		.byte	0
 1771 007b 00       		.byte	0
 1772 007c 0B       		.uleb128 0xb
 1773 007d 2E       		.uleb128 0x2e
 1774 007e 01       		.byte	0x1
 1775 007f 3F       		.uleb128 0x3f
 1776 0080 19       		.uleb128 0x19
 1777 0081 03       		.uleb128 0x3
 1778 0082 0E       		.uleb128 0xe
 1779 0083 3A       		.uleb128 0x3a
 1780 0084 0B       		.uleb128 0xb
 1781 0085 3B       		.uleb128 0x3b
 1782 0086 0B       		.uleb128 0xb
 1783 0087 27       		.uleb128 0x27
 1784 0088 19       		.uleb128 0x19
 1785 0089 49       		.uleb128 0x49
 1786 008a 13       		.uleb128 0x13
 1787 008b 11       		.uleb128 0x11
 1788 008c 01       		.uleb128 0x1
 1789 008d 12       		.uleb128 0x12
 1790 008e 06       		.uleb128 0x6
 1791 008f 40       		.uleb128 0x40
 1792 0090 18       		.uleb128 0x18
 1793 0091 9642     		.uleb128 0x2116
 1794 0093 19       		.uleb128 0x19
 1795 0094 01       		.uleb128 0x1
 1796 0095 13       		.uleb128 0x13
 1797 0096 00       		.byte	0
 1798 0097 00       		.byte	0
 1799 0098 0C       		.uleb128 0xc
 1800 0099 05       		.uleb128 0x5
 1801 009a 00       		.byte	0
ARM GAS  C:\Users\RECEPC~1\AppData\Local\Temp\ccvWcUcz.s 			page 37


 1802 009b 03       		.uleb128 0x3
 1803 009c 0E       		.uleb128 0xe
 1804 009d 3A       		.uleb128 0x3a
 1805 009e 0B       		.uleb128 0xb
 1806 009f 3B       		.uleb128 0x3b
 1807 00a0 0B       		.uleb128 0xb
 1808 00a1 49       		.uleb128 0x49
 1809 00a2 13       		.uleb128 0x13
 1810 00a3 02       		.uleb128 0x2
 1811 00a4 18       		.uleb128 0x18
 1812 00a5 00       		.byte	0
 1813 00a6 00       		.byte	0
 1814 00a7 0D       		.uleb128 0xd
 1815 00a8 34       		.uleb128 0x34
 1816 00a9 00       		.byte	0
 1817 00aa 03       		.uleb128 0x3
 1818 00ab 0E       		.uleb128 0xe
 1819 00ac 3A       		.uleb128 0x3a
 1820 00ad 0B       		.uleb128 0xb
 1821 00ae 3B       		.uleb128 0x3b
 1822 00af 0B       		.uleb128 0xb
 1823 00b0 49       		.uleb128 0x49
 1824 00b1 13       		.uleb128 0x13
 1825 00b2 02       		.uleb128 0x2
 1826 00b3 18       		.uleb128 0x18
 1827 00b4 00       		.byte	0
 1828 00b5 00       		.byte	0
 1829 00b6 0E       		.uleb128 0xe
 1830 00b7 34       		.uleb128 0x34
 1831 00b8 00       		.byte	0
 1832 00b9 03       		.uleb128 0x3
 1833 00ba 08       		.uleb128 0x8
 1834 00bb 3A       		.uleb128 0x3a
 1835 00bc 0B       		.uleb128 0xb
 1836 00bd 3B       		.uleb128 0x3b
 1837 00be 0B       		.uleb128 0xb
 1838 00bf 49       		.uleb128 0x49
 1839 00c0 13       		.uleb128 0x13
 1840 00c1 02       		.uleb128 0x2
 1841 00c2 18       		.uleb128 0x18
 1842 00c3 00       		.byte	0
 1843 00c4 00       		.byte	0
 1844 00c5 0F       		.uleb128 0xf
 1845 00c6 2E       		.uleb128 0x2e
 1846 00c7 01       		.byte	0x1
 1847 00c8 3F       		.uleb128 0x3f
 1848 00c9 19       		.uleb128 0x19
 1849 00ca 03       		.uleb128 0x3
 1850 00cb 0E       		.uleb128 0xe
 1851 00cc 3A       		.uleb128 0x3a
 1852 00cd 0B       		.uleb128 0xb
 1853 00ce 3B       		.uleb128 0x3b
 1854 00cf 0B       		.uleb128 0xb
 1855 00d0 27       		.uleb128 0x27
 1856 00d1 19       		.uleb128 0x19
 1857 00d2 49       		.uleb128 0x49
 1858 00d3 13       		.uleb128 0x13
ARM GAS  C:\Users\RECEPC~1\AppData\Local\Temp\ccvWcUcz.s 			page 38


 1859 00d4 11       		.uleb128 0x11
 1860 00d5 01       		.uleb128 0x1
 1861 00d6 12       		.uleb128 0x12
 1862 00d7 06       		.uleb128 0x6
 1863 00d8 40       		.uleb128 0x40
 1864 00d9 18       		.uleb128 0x18
 1865 00da 9742     		.uleb128 0x2117
 1866 00dc 19       		.uleb128 0x19
 1867 00dd 01       		.uleb128 0x1
 1868 00de 13       		.uleb128 0x13
 1869 00df 00       		.byte	0
 1870 00e0 00       		.byte	0
 1871 00e1 10       		.uleb128 0x10
 1872 00e2 05       		.uleb128 0x5
 1873 00e3 00       		.byte	0
 1874 00e4 03       		.uleb128 0x3
 1875 00e5 08       		.uleb128 0x8
 1876 00e6 3A       		.uleb128 0x3a
 1877 00e7 0B       		.uleb128 0xb
 1878 00e8 3B       		.uleb128 0x3b
 1879 00e9 0B       		.uleb128 0xb
 1880 00ea 49       		.uleb128 0x49
 1881 00eb 13       		.uleb128 0x13
 1882 00ec 02       		.uleb128 0x2
 1883 00ed 18       		.uleb128 0x18
 1884 00ee 00       		.byte	0
 1885 00ef 00       		.byte	0
 1886 00f0 11       		.uleb128 0x11
 1887 00f1 34       		.uleb128 0x34
 1888 00f2 00       		.byte	0
 1889 00f3 03       		.uleb128 0x3
 1890 00f4 0E       		.uleb128 0xe
 1891 00f5 3A       		.uleb128 0x3a
 1892 00f6 0B       		.uleb128 0xb
 1893 00f7 3B       		.uleb128 0x3b
 1894 00f8 05       		.uleb128 0x5
 1895 00f9 49       		.uleb128 0x49
 1896 00fa 13       		.uleb128 0x13
 1897 00fb 3F       		.uleb128 0x3f
 1898 00fc 19       		.uleb128 0x19
 1899 00fd 3C       		.uleb128 0x3c
 1900 00fe 19       		.uleb128 0x19
 1901 00ff 00       		.byte	0
 1902 0100 00       		.byte	0
 1903 0101 12       		.uleb128 0x12
 1904 0102 34       		.uleb128 0x34
 1905 0103 00       		.byte	0
 1906 0104 03       		.uleb128 0x3
 1907 0105 0E       		.uleb128 0xe
 1908 0106 3A       		.uleb128 0x3a
 1909 0107 0B       		.uleb128 0xb
 1910 0108 3B       		.uleb128 0x3b
 1911 0109 0B       		.uleb128 0xb
 1912 010a 49       		.uleb128 0x49
 1913 010b 13       		.uleb128 0x13
 1914 010c 3F       		.uleb128 0x3f
 1915 010d 19       		.uleb128 0x19
ARM GAS  C:\Users\RECEPC~1\AppData\Local\Temp\ccvWcUcz.s 			page 39


 1916 010e 02       		.uleb128 0x2
 1917 010f 18       		.uleb128 0x18
 1918 0110 00       		.byte	0
 1919 0111 00       		.byte	0
 1920 0112 13       		.uleb128 0x13
 1921 0113 34       		.uleb128 0x34
 1922 0114 00       		.byte	0
 1923 0115 03       		.uleb128 0x3
 1924 0116 08       		.uleb128 0x8
 1925 0117 3A       		.uleb128 0x3a
 1926 0118 0B       		.uleb128 0xb
 1927 0119 3B       		.uleb128 0x3b
 1928 011a 0B       		.uleb128 0xb
 1929 011b 49       		.uleb128 0x49
 1930 011c 13       		.uleb128 0x13
 1931 011d 3F       		.uleb128 0x3f
 1932 011e 19       		.uleb128 0x19
 1933 011f 02       		.uleb128 0x2
 1934 0120 18       		.uleb128 0x18
 1935 0121 00       		.byte	0
 1936 0122 00       		.byte	0
 1937 0123 00       		.byte	0
 1938              		.section	.debug_aranges,"",%progbits
 1939 0000 34000000 		.4byte	0x34
 1940 0004 0200     		.2byte	0x2
 1941 0006 00000000 		.4byte	.Ldebug_info0
 1942 000a 04       		.byte	0x4
 1943 000b 00       		.byte	0
 1944 000c 0000     		.2byte	0
 1945 000e 0000     		.2byte	0
 1946 0010 00000000 		.4byte	.LFB63
 1947 0014 BE000000 		.4byte	.LFE63-.LFB63
 1948 0018 00000000 		.4byte	.LFB64
 1949 001c 0C010000 		.4byte	.LFE64-.LFB64
 1950 0020 00000000 		.4byte	.LFB65
 1951 0024 B2000000 		.4byte	.LFE65-.LFB65
 1952 0028 00000000 		.4byte	.LFB66
 1953 002c 58000000 		.4byte	.LFE66-.LFB66
 1954 0030 00000000 		.4byte	0
 1955 0034 00000000 		.4byte	0
 1956              		.section	.debug_ranges,"",%progbits
 1957              	.Ldebug_ranges0:
 1958 0000 00000000 		.4byte	.LFB63
 1959 0004 BE000000 		.4byte	.LFE63
 1960 0008 00000000 		.4byte	.LFB64
 1961 000c 0C010000 		.4byte	.LFE64
 1962 0010 00000000 		.4byte	.LFB65
 1963 0014 B2000000 		.4byte	.LFE65
 1964 0018 00000000 		.4byte	.LFB66
 1965 001c 58000000 		.4byte	.LFE66
 1966 0020 00000000 		.4byte	0
 1967 0024 00000000 		.4byte	0
 1968              		.section	.debug_line,"",%progbits
 1969              	.Ldebug_line0:
 1970 0000 8C020000 		.section	.debug_str,"MS",%progbits,1
 1970      02005D01 
 1970      00000201 
ARM GAS  C:\Users\RECEPC~1\AppData\Local\Temp\ccvWcUcz.s 			page 40


 1970      FB0E0D00 
 1970      01010101 
 1971              	.LASF53:
 1972 0000 706F7378 		.ascii	"posx1\000"
 1972      3100
 1973              	.LASF56:
 1974 0006 706F7378 		.ascii	"posx2\000"
 1974      3200
 1975              	.LASF38:
 1976 000c 746F7563 		.ascii	"touch_write\000"
 1976      685F7772 
 1976      69746500 
 1977              	.LASF77:
 1978 0018 6E6F6D62 		.ascii	"nombre_pro1\000"
 1978      72655F70 
 1978      726F3100 
 1979              	.LASF50:
 1980 0024 636F756E 		.ascii	"count_teclas2\000"
 1980      745F7465 
 1980      636C6173 
 1980      3200
 1981              	.LASF78:
 1982 0032 6E6F6D62 		.ascii	"nombre_pro2\000"
 1982      72655F70 
 1982      726F3200 
 1983              	.LASF79:
 1984 003e 6E6F6D62 		.ascii	"nombre_pro3\000"
 1984      72655F70 
 1984      726F3300 
 1985              	.LASF80:
 1986 004a 76657273 		.ascii	"version\000"
 1986      696F6E00 
 1987              	.LASF73:
 1988 0052 69645F65 		.ascii	"id_estacion\000"
 1988      73746163 
 1988      696F6E00 
 1989              	.LASF74:
 1990 005e 69645F76 		.ascii	"id_venta\000"
 1990      656E7461 
 1990      00
 1991              	.LASF36:
 1992 0067 70617373 		.ascii	"password_local\000"
 1992      776F7264 
 1992      5F6C6F63 
 1992      616C00
 1993              	.LASF72:
 1994 0076 626C6F71 		.ascii	"bloqueo_LCD\000"
 1994      75656F5F 
 1994      4C434400 
 1995              	.LASF27:
 1996 0082 6D616E67 		.ascii	"manguera\000"
 1996      75657261 
 1996      00
 1997              	.LASF2:
 1998 008b 73686F72 		.ascii	"short int\000"
 1998      7420696E 
 1998      7400
ARM GAS  C:\Users\RECEPC~1\AppData\Local\Temp\ccvWcUcz.s 			page 41


 1999              	.LASF65:
 2000 0095 636F756E 		.ascii	"count_protector\000"
 2000      745F7072 
 2000      6F746563 
 2000      746F7200 
 2001              	.LASF71:
 2002 00a5 70726F78 		.ascii	"prox_caso\000"
 2002      5F636173 
 2002      6F00
 2003              	.LASF24:
 2004 00af 64696E65 		.ascii	"dinero\000"
 2004      726F00
 2005              	.LASF61:
 2006 00b6 666C756A 		.ascii	"flujo_LCD1\000"
 2006      6F5F4C43 
 2006      443100
 2007              	.LASF62:
 2008 00c1 666C756A 		.ascii	"flujo_LCD2\000"
 2008      6F5F4C43 
 2008      443200
 2009              	.LASF32:
 2010 00cc 63656475 		.ascii	"cedula\000"
 2010      6C6100
 2011              	.LASF33:
 2012 00d3 70617373 		.ascii	"password\000"
 2012      776F7264 
 2012      00
 2013              	.LASF34:
 2014 00dc 7475726E 		.ascii	"turno\000"
 2014      6F00
 2015              	.LASF98:
 2016 00e2 7072696E 		.ascii	"print1\000"
 2016      743100
 2017              	.LASF99:
 2018 00e9 7072696E 		.ascii	"print2\000"
 2018      743200
 2019              	.LASF30:
 2020 00f0 696D7072 		.ascii	"imprimir\000"
 2020      696D6972 
 2020      00
 2021              	.LASF12:
 2022 00f9 75696E74 		.ascii	"uint16\000"
 2022      313600
 2023              	.LASF83:
 2024 0100 6E6F6D62 		.ascii	"nombre\000"
 2024      726500
 2025              	.LASF43:
 2026 0107 6372635F 		.ascii	"crc_check\000"
 2026      63686563 
 2026      6B00
 2027              	.LASF54:
 2028 0111 706F7379 		.ascii	"posy1\000"
 2028      3100
 2029              	.LASF57:
 2030 0117 706F7379 		.ascii	"posy2\000"
 2030      3200
 2031              	.LASF21:
ARM GAS  C:\Users\RECEPC~1\AppData\Local\Temp\ccvWcUcz.s 			page 42


 2032 011d 73757274 		.ascii	"surtidor\000"
 2032      69646F72 
 2032      00
 2033              	.LASF81:
 2034 0126 6C61646F 		.ascii	"lado1\000"
 2034      3100
 2035              	.LASF13:
 2036 012c 666C6F61 		.ascii	"float\000"
 2036      7400
 2037              	.LASF6:
 2038 0132 6C6F6E67 		.ascii	"long long int\000"
 2038      206C6F6E 
 2038      6720696E 
 2038      7400
 2039              	.LASF67:
 2040 0140 636F756E 		.ascii	"count_esperaBBB\000"
 2040      745F6573 
 2040      70657261 
 2040      42424200 
 2041              	.LASF100:
 2042 0150 474E5520 		.ascii	"GNU C 4.9.3 20150303 (release) [ARM/embedded-4_9-br"
 2042      4320342E 
 2042      392E3320 
 2042      32303135 
 2042      30333033 
 2043 0183 616E6368 		.ascii	"anch revision 221220] -mcpu=cortex-m3 -mthumb -g -O"
 2043      20726576 
 2043      6973696F 
 2043      6E203232 
 2043      31323230 
 2044 01b6 30202D66 		.ascii	"0 -ffunction-sections -ffat-lto-objects\000"
 2044      66756E63 
 2044      74696F6E 
 2044      2D736563 
 2044      74696F6E 
 2045              	.LASF17:
 2046 01de 65737461 		.ascii	"estado\000"
 2046      646F00
 2047              	.LASF16:
 2048 01e5 73697A65 		.ascii	"sizetype\000"
 2048      74797065 
 2048      00
 2049              	.LASF101:
 2050 01ee 2E5C6962 		.ascii	".\\ibuton.c\000"
 2050      75746F6E 
 2050      2E6300
 2051              	.LASF18:
 2052 01f9 746F7461 		.ascii	"totales\000"
 2052      6C657300 
 2053              	.LASF75:
 2054 0201 7472616D 		.ascii	"trama_totales\000"
 2054      615F746F 
 2054      74616C65 
 2054      7300
 2055              	.LASF66:
 2056 020f 636F756E 		.ascii	"count_protector2\000"
 2056      745F7072 
ARM GAS  C:\Users\RECEPC~1\AppData\Local\Temp\ccvWcUcz.s 			page 43


 2056      6F746563 
 2056      746F7232 
 2056      00
 2057              	.LASF11:
 2058 0220 75696E74 		.ascii	"uint8\000"
 2058      3800
 2059              	.LASF1:
 2060 0226 756E7369 		.ascii	"unsigned char\000"
 2060      676E6564 
 2060      20636861 
 2060      7200
 2061              	.LASF23:
 2062 0234 706F7369 		.ascii	"posicion\000"
 2062      63696F6E 
 2062      00
 2063              	.LASF46:
 2064 023d 636F6D61 		.ascii	"comas1\000"
 2064      733100
 2065              	.LASF25:
 2066 0244 766F6C75 		.ascii	"volumen\000"
 2066      6D656E00 
 2067              	.LASF0:
 2068 024c 7369676E 		.ascii	"signed char\000"
 2068      65642063 
 2068      68617200 
 2069              	.LASF39:
 2070 0258 69627574 		.ascii	"ibutton\000"
 2070      746F6E00 
 2071              	.LASF7:
 2072 0260 6C6F6E67 		.ascii	"long long unsigned int\000"
 2072      206C6F6E 
 2072      6720756E 
 2072      7369676E 
 2072      65642069 
 2073              	.LASF76:
 2074 0277 70707578 		.ascii	"ppux10\000"
 2074      313000
 2075              	.LASF94:
 2076 027e 6F6B5F64 		.ascii	"ok_datosRF\000"
 2076      61746F73 
 2076      524600
 2077              	.LASF35:
 2078 0289 6175746F 		.ascii	"autorizado\000"
 2078      72697A61 
 2078      646F00
 2079              	.LASF8:
 2080 0294 756E7369 		.ascii	"unsigned int\000"
 2080      676E6564 
 2080      20696E74 
 2080      00
 2081              	.LASF55:
 2082 02a1 73697A65 		.ascii	"sizeletra1\000"
 2082      6C657472 
 2082      613100
 2083              	.LASF37:
 2084 02ac 746F7563 		.ascii	"touch_present\000"
 2084      685F7072 
ARM GAS  C:\Users\RECEPC~1\AppData\Local\Temp\ccvWcUcz.s 			page 44


 2084      6573656E 
 2084      7400
 2085              	.LASF86:
 2086 02ba 6C656D61 		.ascii	"lema1\000"
 2086      3100
 2087              	.LASF87:
 2088 02c0 6C656D61 		.ascii	"lema2\000"
 2088      3200
 2089              	.LASF90:
 2090 02c6 686F7261 		.ascii	"hora\000"
 2090      00
 2091              	.LASF26:
 2092 02cb 70726F64 		.ascii	"producto\000"
 2092      7563746F 
 2092      00
 2093              	.LASF63:
 2094 02d4 42756666 		.ascii	"Buffer_LCD1\000"
 2094      65725F4C 
 2094      43443100 
 2095              	.LASF64:
 2096 02e0 42756666 		.ascii	"Buffer_LCD2\000"
 2096      65725F4C 
 2096      43443200 
 2097              	.LASF3:
 2098 02ec 73686F72 		.ascii	"short unsigned int\000"
 2098      7420756E 
 2098      7369676E 
 2098      65642069 
 2098      6E7400
 2099              	.LASF19:
 2100 02ff 67726164 		.ascii	"grado\000"
 2100      6F00
 2101              	.LASF59:
 2102 0305 7465636C 		.ascii	"teclas1\000"
 2102      61733100 
 2103              	.LASF60:
 2104 030d 7465636C 		.ascii	"teclas2\000"
 2104      61733200 
 2105              	.LASF15:
 2106 0315 63686172 		.ascii	"char\000"
 2106      00
 2107              	.LASF91:
 2108 031a 7276656E 		.ascii	"rventa1\000"
 2108      74613100 
 2109              	.LASF92:
 2110 0322 7276656E 		.ascii	"rventa2\000"
 2110      74613200 
 2111              	.LASF10:
 2112 032a 696E7433 		.ascii	"int32_t\000"
 2112      325F7400 
 2113              	.LASF45:
 2114 0332 636F756E 		.ascii	"count_teclas1\000"
 2114      745F7465 
 2114      636C6173 
 2114      3100
 2115              	.LASF9:
 2116 0340 5F5F696E 		.ascii	"__int32_t\000"
ARM GAS  C:\Users\RECEPC~1\AppData\Local\Temp\ccvWcUcz.s 			page 45


 2116      7433325F 
 2116      7400
 2117              	.LASF89:
 2118 034a 66656368 		.ascii	"fecha\000"
 2118      6100
 2119              	.LASF82:
 2120 0350 6C61646F 		.ascii	"lado2\000"
 2120      3200
 2121              	.LASF96:
 2122 0356 62756666 		.ascii	"buffer_i2c\000"
 2122      65725F69 
 2122      326300
 2123              	.LASF88:
 2124 0361 69645F6C 		.ascii	"id_logo\000"
 2124      6F676F00 
 2125              	.LASF20:
 2126 0369 6D616E67 		.ascii	"mangueras\000"
 2126      75657261 
 2126      7300
 2127              	.LASF70:
 2128 0373 696D6167 		.ascii	"imagen_grado\000"
 2128      656E5F67 
 2128      7261646F 
 2128      00
 2129              	.LASF42:
 2130 0380 746F7563 		.ascii	"touch_read_byte\000"
 2130      685F7265 
 2130      61645F62 
 2130      79746500 
 2131              	.LASF85:
 2132 0390 64697265 		.ascii	"direccion\000"
 2132      6363696F 
 2132      6E00
 2133              	.LASF5:
 2134 039a 6C6F6E67 		.ascii	"long unsigned int\000"
 2134      20756E73 
 2134      69676E65 
 2134      6420696E 
 2134      7400
 2135              	.LASF22:
 2136 03ac 72656369 		.ascii	"recibo\000"
 2136      626F00
 2137              	.LASF97:
 2138 03b3 6372635F 		.ascii	"crc_total\000"
 2138      746F7461 
 2138      6C00
 2139              	.LASF40:
 2140 03bd 6461746F 		.ascii	"dato\000"
 2140      00
 2141              	.LASF44:
 2142 03c2 49544D5F 		.ascii	"ITM_RxBuffer\000"
 2142      52784275 
 2142      66666572 
 2142      00
 2143              	.LASF28:
 2144 03cf 70726573 		.ascii	"preset\000"
 2144      657400
ARM GAS  C:\Users\RECEPC~1\AppData\Local\Temp\ccvWcUcz.s 			page 46


 2145              	.LASF48:
 2146 03d6 69645F63 		.ascii	"id_coma1\000"
 2146      6F6D6131 
 2146      00
 2147              	.LASF51:
 2148 03df 69645F63 		.ascii	"id_coma2\000"
 2148      6F6D6132 
 2148      00
 2149              	.LASF49:
 2150 03e8 69645F74 		.ascii	"id_teclado1\000"
 2150      65636C61 
 2150      646F3100 
 2151              	.LASF52:
 2152 03f4 69645F74 		.ascii	"id_teclado2\000"
 2152      65636C61 
 2152      646F3200 
 2153              	.LASF95:
 2154 0400 72665F6D 		.ascii	"rf_mod\000"
 2154      6F6400
 2155              	.LASF41:
 2156 0407 70726573 		.ascii	"present\000"
 2156      656E7400 
 2157              	.LASF93:
 2158 040f 6F6B5F52 		.ascii	"ok_RF\000"
 2158      4600
 2159              	.LASF31:
 2160 0415 7469706F 		.ascii	"tipo_venta\000"
 2160      5F76656E 
 2160      746100
 2161              	.LASF29:
 2162 0420 706C6163 		.ascii	"placa\000"
 2162      6100
 2163              	.LASF14:
 2164 0426 646F7562 		.ascii	"double\000"
 2164      6C6500
 2165              	.LASF84:
 2166 042d 74656C65 		.ascii	"telefono\000"
 2166      666F6E6F 
 2166      00
 2167              	.LASF69:
 2168 0436 70617373 		.ascii	"password_lcd\000"
 2168      776F7264 
 2168      5F6C6364 
 2168      00
 2169              	.LASF4:
 2170 0443 6C6F6E67 		.ascii	"long int\000"
 2170      20696E74 
 2170      00
 2171              	.LASF68:
 2172 044c 636F756E 		.ascii	"count_esperaBBB2\000"
 2172      745F6573 
 2172      70657261 
 2172      42424232 
 2172      00
 2173              	.LASF58:
 2174 045d 73697A65 		.ascii	"sizeletra2\000"
 2174      6C657472 
ARM GAS  C:\Users\RECEPC~1\AppData\Local\Temp\ccvWcUcz.s 			page 47


 2174      613200
 2175              	.LASF102:
 2176 0468 433A5C55 		.ascii	"C:\\Users\\Recepcion\\Desktop\\Prueba_Autogas\\BBB."
 2176      73657273 
 2176      5C526563 
 2176      65706369 
 2176      6F6E5C44 
 2177 0496 63796473 		.ascii	"cydsn\000"
 2177      6E00
 2178              	.LASF47:
 2179 049c 636F6D61 		.ascii	"comas2\000"
 2179      733200
 2180              		.ident	"GCC: (GNU Tools for ARM Embedded Processors) 4.9.3 20150303 (release) [ARM/embedded-4_9-br
