ARM GAS  C:\Users\IN-002~1\AppData\Local\Temp\ccKIsYYz.s 			page 1


   1              		.syntax unified
   2              		.cpu cortex-m3
   3              		.fpu softvfp
   4              		.eabi_attribute 20, 1
   5              		.eabi_attribute 21, 1
   6              		.eabi_attribute 23, 3
   7              		.eabi_attribute 24, 1
   8              		.eabi_attribute 25, 1
   9              		.eabi_attribute 26, 1
  10              		.eabi_attribute 30, 6
  11              		.eabi_attribute 34, 1
  12              		.eabi_attribute 18, 4
  13              		.thumb
  14              		.file	"LCD.c"
  15              		.text
  16              	.Ltext0:
  17              		.cfi_sections	.debug_frame
  18              		.comm	count_teclas1,1,1
  19              		.comm	comas1,1,1
  20              		.comm	comas2,1,1
  21              		.comm	id_coma1,1,1
  22              		.comm	id_teclado1,1,1
  23              		.comm	count_teclas2,1,1
  24              		.comm	id_coma2,1,1
  25              		.comm	id_teclado2,1,1
  26              		.comm	posx1,2,2
  27              		.comm	posy1,2,2
  28              		.comm	sizeletra1,2,2
  29              		.comm	posx2,2,2
  30              		.comm	posy2,2,2
  31              		.comm	sizeletra2,2,2
  32              		.comm	teclas1,1,1
  33              		.comm	teclas2,1,1
  34              		.comm	flujo_LCD1,1,1
  35              		.comm	flujo_LCD2,1,1
  36              		.comm	Buffer_LCD1,30,4
  37              		.comm	Buffer_LCD2,30,4
  38              		.comm	count_protector,1,1
  39              		.comm	count_protector2,1,1
  40              		.comm	count_esperaBBB,1,1
  41              		.comm	count_esperaBBB2,1,1
  42              		.comm	password_lcd,9,4
  43              		.comm	imagen_grado,2,2
  44              		.comm	prox_caso,8,4
  45              		.comm	bloqueo_LCD,3,4
  46              		.comm	id_estacion,5,4
  47              		.comm	id_venta,8,4
  48              		.comm	trama_totales,200,4
  49              		.comm	ppux10,1,1
  50              		.comm	nombre_pro1,17,4
  51              		.comm	nombre_pro2,17,4
  52              		.comm	nombre_pro3,17,4
  53              		.comm	version,4,4
  54              		.comm	lado1,93,4
  55              		.comm	lado2,93,4
  56              		.comm	nombre,33,4
  57              		.comm	nit,15,4
ARM GAS  C:\Users\IN-002~1\AppData\Local\Temp\ccKIsYYz.s 			page 2


  58              		.comm	telefono,20,4
  59              		.comm	direccion,33,4
  60              		.comm	lema1,32,4
  61              		.comm	lema2,32,4
  62              		.comm	id_logo,2,4
  63              		.comm	km,2,4
  64              		.comm	fecha,3,4
  65              		.comm	hora,2,4
  66              		.comm	rventa1,102,4
  67              		.comm	rventa2,102,4
  68              		.comm	ok_RF,1,1
  69              		.comm	ok_datosRF,1,1
  70              		.comm	rf_mod,200,4
  71              		.comm	buffer_i2c,64,4
  72              		.comm	crc_total,1,1
  73              		.comm	print1,2,4
  74              		.comm	print2,2,4
  75              		.section	.text.set_imagen,"ax",%progbits
  76              		.align	2
  77              		.global	set_imagen
  78              		.thumb
  79              		.thumb_func
  80              		.type	set_imagen, %function
  81              	set_imagen:
  82              	.LFB63:
  83              		.file 1 ".\\LCD.c"
   1:.\LCD.c       **** /**
   2:.\LCD.c       **** * @file LCD.c
   3:.\LCD.c       **** * @Author Insepet LTDA
   4:.\LCD.c       **** * @date 28/2/2016
   5:.\LCD.c       **** * @brief Librería para el uso de las pantallas stone
   6:.\LCD.c       **** */
   7:.\LCD.c       **** /*
   8:.\LCD.c       **** ***************************************************************************************************
   9:.\LCD.c       **** *                                             INCLUDE FILES
  10:.\LCD.c       **** ***************************************************************************************************
  11:.\LCD.c       **** */
  12:.\LCD.c       **** #include <device.h>
  13:.\LCD.c       **** #include "VariablesG.h"
  14:.\LCD.c       **** #include "I2C.h"
  15:.\LCD.c       **** 
  16:.\LCD.c       **** /**
  17:.\LCD.c       **** * set_imagen
  18:.\LCD.c       **** * @brief envía identificador de imagen a la pantalla para que se muestre
  19:.\LCD.c       **** * @param lcd pantalla que se va a usar
  20:.\LCD.c       **** * @param id número de imágen a mostrar
  21:.\LCD.c       **** *
  22:.\LCD.c       **** */
  23:.\LCD.c       **** void set_imagen(uint8 lcd, uint16 id){
  84              		.loc 1 23 0
  85              		.cfi_startproc
  86              		@ args = 0, pretend = 0, frame = 8
  87              		@ frame_needed = 1, uses_anonymous_args = 0
  88 0000 80B5     		push	{r7, lr}
  89              		.cfi_def_cfa_offset 8
  90              		.cfi_offset 7, -8
  91              		.cfi_offset 14, -4
ARM GAS  C:\Users\IN-002~1\AppData\Local\Temp\ccKIsYYz.s 			page 3


  92 0002 82B0     		sub	sp, sp, #8
  93              		.cfi_def_cfa_offset 16
  94 0004 00AF     		add	r7, sp, #0
  95              		.cfi_def_cfa_register 7
  96 0006 0346     		mov	r3, r0
  97 0008 0A46     		mov	r2, r1
  98 000a FB71     		strb	r3, [r7, #7]
  99 000c 1346     		mov	r3, r2	@ movhi
 100 000e BB80     		strh	r3, [r7, #4]	@ movhi
  24:.\LCD.c       ****     if(lcd==1){
 101              		.loc 1 24 0
 102 0010 FB79     		ldrb	r3, [r7, #7]	@ zero_extendqisi2
 103 0012 012B     		cmp	r3, #1
 104 0014 1ED1     		bne	.L2
  25:.\LCD.c       ****         LCD_1_PutChar(0xAA);
 105              		.loc 1 25 0
 106 0016 AA20     		movs	r0, #170
 107 0018 FFF7FEFF 		bl	LCD_1_PutChar
  26:.\LCD.c       ****         LCD_1_PutChar(0x70);
 108              		.loc 1 26 0
 109 001c 7020     		movs	r0, #112
 110 001e FFF7FEFF 		bl	LCD_1_PutChar
  27:.\LCD.c       ****         LCD_1_PutChar(((id>>8)&0xFF));
 111              		.loc 1 27 0
 112 0022 BB88     		ldrh	r3, [r7, #4]
 113 0024 1B0A     		lsrs	r3, r3, #8
 114 0026 9BB2     		uxth	r3, r3
 115 0028 DBB2     		uxtb	r3, r3
 116 002a 1846     		mov	r0, r3
 117 002c FFF7FEFF 		bl	LCD_1_PutChar
  28:.\LCD.c       ****         LCD_1_PutChar((id&0xFF));
 118              		.loc 1 28 0
 119 0030 BB88     		ldrh	r3, [r7, #4]	@ movhi
 120 0032 DBB2     		uxtb	r3, r3
 121 0034 1846     		mov	r0, r3
 122 0036 FFF7FEFF 		bl	LCD_1_PutChar
  29:.\LCD.c       ****         LCD_1_PutChar(0xCC);
 123              		.loc 1 29 0
 124 003a CC20     		movs	r0, #204
 125 003c FFF7FEFF 		bl	LCD_1_PutChar
  30:.\LCD.c       ****         LCD_1_PutChar(0x33);
 126              		.loc 1 30 0
 127 0040 3320     		movs	r0, #51
 128 0042 FFF7FEFF 		bl	LCD_1_PutChar
  31:.\LCD.c       ****         LCD_1_PutChar(0xC3);
 129              		.loc 1 31 0
 130 0046 C320     		movs	r0, #195
 131 0048 FFF7FEFF 		bl	LCD_1_PutChar
  32:.\LCD.c       ****         LCD_1_PutChar(0x3C);
 132              		.loc 1 32 0
 133 004c 3C20     		movs	r0, #60
 134 004e FFF7FEFF 		bl	LCD_1_PutChar
 135 0052 1DE0     		b	.L1
 136              	.L2:
  33:.\LCD.c       ****     }
  34:.\LCD.c       ****     else{
  35:.\LCD.c       ****        	LCD_2_PutChar(0xAA);
ARM GAS  C:\Users\IN-002~1\AppData\Local\Temp\ccKIsYYz.s 			page 4


 137              		.loc 1 35 0
 138 0054 AA20     		movs	r0, #170
 139 0056 FFF7FEFF 		bl	LCD_2_PutChar
  36:.\LCD.c       ****         LCD_2_PutChar(0x70);
 140              		.loc 1 36 0
 141 005a 7020     		movs	r0, #112
 142 005c FFF7FEFF 		bl	LCD_2_PutChar
  37:.\LCD.c       ****         LCD_2_PutChar(((id>>8)&0xFF));
 143              		.loc 1 37 0
 144 0060 BB88     		ldrh	r3, [r7, #4]
 145 0062 1B0A     		lsrs	r3, r3, #8
 146 0064 9BB2     		uxth	r3, r3
 147 0066 DBB2     		uxtb	r3, r3
 148 0068 1846     		mov	r0, r3
 149 006a FFF7FEFF 		bl	LCD_2_PutChar
  38:.\LCD.c       ****         LCD_2_PutChar((id&0xFF));
 150              		.loc 1 38 0
 151 006e BB88     		ldrh	r3, [r7, #4]	@ movhi
 152 0070 DBB2     		uxtb	r3, r3
 153 0072 1846     		mov	r0, r3
 154 0074 FFF7FEFF 		bl	LCD_2_PutChar
  39:.\LCD.c       ****         LCD_2_PutChar(0xCC);
 155              		.loc 1 39 0
 156 0078 CC20     		movs	r0, #204
 157 007a FFF7FEFF 		bl	LCD_2_PutChar
  40:.\LCD.c       ****         LCD_2_PutChar(0x33);
 158              		.loc 1 40 0
 159 007e 3320     		movs	r0, #51
 160 0080 FFF7FEFF 		bl	LCD_2_PutChar
  41:.\LCD.c       ****         LCD_2_PutChar(0xC3);
 161              		.loc 1 41 0
 162 0084 C320     		movs	r0, #195
 163 0086 FFF7FEFF 		bl	LCD_2_PutChar
  42:.\LCD.c       ****         LCD_2_PutChar(0x3C);   		 
 164              		.loc 1 42 0
 165 008a 3C20     		movs	r0, #60
 166 008c FFF7FEFF 		bl	LCD_2_PutChar
 167              	.L1:
  43:.\LCD.c       ****     }
  44:.\LCD.c       **** }
 168              		.loc 1 44 0
 169 0090 0837     		adds	r7, r7, #8
 170              		.cfi_def_cfa_offset 8
 171 0092 BD46     		mov	sp, r7
 172              		.cfi_def_cfa_register 13
 173              		@ sp needed
 174 0094 80BD     		pop	{r7, pc}
 175              		.cfi_endproc
 176              	.LFE63:
 177              		.size	set_imagen, .-set_imagen
 178 0096 00BF     		.section	.rodata
 179              		.align	2
 180              	.LC0:
 181 0000 AA       		.byte	-86
 182 0001 98       		.byte	-104
 183 0002 00       		.byte	0
 184 0003 00       		.byte	0
ARM GAS  C:\Users\IN-002~1\AppData\Local\Temp\ccKIsYYz.s 			page 5


 185 0004 01       		.byte	1
 186 0005 39       		.byte	57
 187 0006 23       		.byte	35
 188 0007 C5       		.byte	-59
 189 0008 02       		.byte	2
 190 0009 00       		.byte	0
 191 000a 00       		.byte	0
 192 000b FF       		.byte	-1
 193 000c FF       		.byte	-1
 194 000d 00       		.byte	0
 195 000e CC       		.byte	-52
 196 000f 33       		.byte	51
 197 0010 C3       		.byte	-61
 198 0011 3C       		.byte	60
 199              		.section	.text.write_LCD,"ax",%progbits
 200              		.align	2
 201              		.global	write_LCD
 202              		.thumb
 203              		.thumb_func
 204              		.type	write_LCD, %function
 205              	write_LCD:
 206              	.LFB64:
  45:.\LCD.c       **** 
  46:.\LCD.c       **** /**
  47:.\LCD.c       **** * write_LCD
  48:.\LCD.c       **** * @brief función para escribir caracteres en pantalla, escribe byte a byte
  49:.\LCD.c       **** * @param lcd pantalla que se va a usar
  50:.\LCD.c       **** * @param dato caracter a mostrar
  51:.\LCD.c       **** * @param pos poscición en pantalla 
  52:.\LCD.c       **** *
  53:.\LCD.c       **** */
  54:.\LCD.c       **** void write_LCD(uint8_t lcd,uint8_t dato, uint16_t posy, uint16_t posx,uint8_t size){
 207              		.loc 1 54 0
 208              		.cfi_startproc
 209              		@ args = 4, pretend = 0, frame = 32
 210              		@ frame_needed = 1, uses_anonymous_args = 0
 211 0000 B0B5     		push	{r4, r5, r7, lr}
 212              		.cfi_def_cfa_offset 16
 213              		.cfi_offset 4, -16
 214              		.cfi_offset 5, -12
 215              		.cfi_offset 7, -8
 216              		.cfi_offset 14, -4
 217 0002 88B0     		sub	sp, sp, #32
 218              		.cfi_def_cfa_offset 48
 219 0004 00AF     		add	r7, sp, #0
 220              		.cfi_def_cfa_register 7
 221 0006 0446     		mov	r4, r0
 222 0008 0846     		mov	r0, r1
 223 000a 1146     		mov	r1, r2
 224 000c 1A46     		mov	r2, r3
 225 000e 2346     		mov	r3, r4
 226 0010 FB71     		strb	r3, [r7, #7]
 227 0012 0346     		mov	r3, r0
 228 0014 BB71     		strb	r3, [r7, #6]
 229 0016 0B46     		mov	r3, r1	@ movhi
 230 0018 BB80     		strh	r3, [r7, #4]	@ movhi
 231 001a 1346     		mov	r3, r2	@ movhi
ARM GAS  C:\Users\IN-002~1\AppData\Local\Temp\ccKIsYYz.s 			page 6


 232 001c 7B80     		strh	r3, [r7, #2]	@ movhi
  55:.\LCD.c       **** 	uint8_t buffer[18]={0xAA,0x98,0,0,0x01,0x39,0x23,0xC5,0x02,0x00,0x00,0xFF,0xFF,0,0xCC,0x33,0xC3,0x
 233              		.loc 1 55 0
 234 001e 294B     		ldr	r3, .L9
 235 0020 07F10C04 		add	r4, r7, #12
 236 0024 1D46     		mov	r5, r3
 237 0026 2868     		ldr	r0, [r5]	@ unaligned
 238 0028 6968     		ldr	r1, [r5, #4]	@ unaligned
 239 002a AA68     		ldr	r2, [r5, #8]	@ unaligned
 240 002c EB68     		ldr	r3, [r5, #12]	@ unaligned
 241 002e 0FC4     		stmia	r4!, {r0, r1, r2, r3}
 242 0030 2B8A     		ldrh	r3, [r5, #16]	@ unaligned
 243 0032 2380     		strh	r3, [r4]	@ unaligned
  56:.\LCD.c       **** 	buffer[2]=(0x0C*posx)>>8;
 244              		.loc 1 56 0
 245 0034 7A88     		ldrh	r2, [r7, #2]
 246 0036 1346     		mov	r3, r2
 247 0038 5B00     		lsls	r3, r3, #1
 248 003a 1344     		add	r3, r3, r2
 249 003c 9B00     		lsls	r3, r3, #2
 250 003e 1B12     		asrs	r3, r3, #8
 251 0040 DBB2     		uxtb	r3, r3
 252 0042 BB73     		strb	r3, [r7, #14]
  57:.\LCD.c       **** 	buffer[3]=(0x0C*posx)&0xFF;
 253              		.loc 1 57 0
 254 0044 7B88     		ldrh	r3, [r7, #2]	@ movhi
 255 0046 DBB2     		uxtb	r3, r3
 256 0048 1A46     		mov	r2, r3
 257 004a 5200     		lsls	r2, r2, #1
 258 004c 1344     		add	r3, r3, r2
 259 004e 9B00     		lsls	r3, r3, #2
 260 0050 DBB2     		uxtb	r3, r3
 261 0052 FB73     		strb	r3, [r7, #15]
  58:.\LCD.c       **** 	buffer[4]=(0x0F*posy)>>8;
 262              		.loc 1 58 0
 263 0054 BA88     		ldrh	r2, [r7, #4]
 264 0056 1346     		mov	r3, r2
 265 0058 1B01     		lsls	r3, r3, #4
 266 005a 9B1A     		subs	r3, r3, r2
 267 005c 1B12     		asrs	r3, r3, #8
 268 005e DBB2     		uxtb	r3, r3
 269 0060 3B74     		strb	r3, [r7, #16]
  59:.\LCD.c       **** 	buffer[5]=(0x0F*posy)&0xFF;
 270              		.loc 1 59 0
 271 0062 BB88     		ldrh	r3, [r7, #4]	@ movhi
 272 0064 DBB2     		uxtb	r3, r3
 273 0066 1A46     		mov	r2, r3
 274 0068 1201     		lsls	r2, r2, #4
 275 006a D31A     		subs	r3, r2, r3
 276 006c DBB2     		uxtb	r3, r3
 277 006e 7B74     		strb	r3, [r7, #17]
  60:.\LCD.c       **** 	buffer[6]=0x23+size;
 278              		.loc 1 60 0
 279 0070 97F83030 		ldrb	r3, [r7, #48]
 280 0074 2333     		adds	r3, r3, #35
 281 0076 DBB2     		uxtb	r3, r3
 282 0078 BB74     		strb	r3, [r7, #18]
ARM GAS  C:\Users\IN-002~1\AppData\Local\Temp\ccKIsYYz.s 			page 7


  61:.\LCD.c       **** 	buffer[13]=dato;
 283              		.loc 1 61 0
 284 007a BB79     		ldrb	r3, [r7, #6]
 285 007c 7B76     		strb	r3, [r7, #25]
  62:.\LCD.c       **** 	for(x=0;x<=17;x++){
 286              		.loc 1 62 0
 287 007e 0023     		movs	r3, #0
 288 0080 FB77     		strb	r3, [r7, #31]
 289 0082 18E0     		b	.L5
 290              	.L8:
  63:.\LCD.c       **** 		if(lcd==1){
 291              		.loc 1 63 0
 292 0084 FB79     		ldrb	r3, [r7, #7]	@ zero_extendqisi2
 293 0086 012B     		cmp	r3, #1
 294 0088 09D1     		bne	.L6
  64:.\LCD.c       **** 			LCD_1_PutChar(buffer[x]);
 295              		.loc 1 64 0
 296 008a FB7F     		ldrb	r3, [r7, #31]	@ zero_extendqisi2
 297 008c 07F12002 		add	r2, r7, #32
 298 0090 1344     		add	r3, r3, r2
 299 0092 13F8143C 		ldrb	r3, [r3, #-20]	@ zero_extendqisi2
 300 0096 1846     		mov	r0, r3
 301 0098 FFF7FEFF 		bl	LCD_1_PutChar
 302 009c 08E0     		b	.L7
 303              	.L6:
  65:.\LCD.c       **** 		}
  66:.\LCD.c       **** 		else{
  67:.\LCD.c       **** 			LCD_2_PutChar(buffer[x]);
 304              		.loc 1 67 0
 305 009e FB7F     		ldrb	r3, [r7, #31]	@ zero_extendqisi2
 306 00a0 07F12002 		add	r2, r7, #32
 307 00a4 1344     		add	r3, r3, r2
 308 00a6 13F8143C 		ldrb	r3, [r3, #-20]	@ zero_extendqisi2
 309 00aa 1846     		mov	r0, r3
 310 00ac FFF7FEFF 		bl	LCD_2_PutChar
 311              	.L7:
  62:.\LCD.c       **** 		if(lcd==1){
 312              		.loc 1 62 0 discriminator 2
 313 00b0 FB7F     		ldrb	r3, [r7, #31]	@ zero_extendqisi2
 314 00b2 0133     		adds	r3, r3, #1
 315 00b4 FB77     		strb	r3, [r7, #31]
 316              	.L5:
  62:.\LCD.c       **** 		if(lcd==1){
 317              		.loc 1 62 0 is_stmt 0 discriminator 1
 318 00b6 FB7F     		ldrb	r3, [r7, #31]	@ zero_extendqisi2
 319 00b8 112B     		cmp	r3, #17
 320 00ba E3D9     		bls	.L8
  68:.\LCD.c       **** 		}	
  69:.\LCD.c       **** 	}	
  70:.\LCD.c       **** }
 321              		.loc 1 70 0 is_stmt 1
 322 00bc 2037     		adds	r7, r7, #32
 323              		.cfi_def_cfa_offset 16
 324 00be BD46     		mov	sp, r7
 325              		.cfi_def_cfa_register 13
 326              		@ sp needed
 327 00c0 B0BD     		pop	{r4, r5, r7, pc}
ARM GAS  C:\Users\IN-002~1\AppData\Local\Temp\ccKIsYYz.s 			page 8


 328              	.L10:
 329 00c2 00BF     		.align	2
 330              	.L9:
 331 00c4 00000000 		.word	.LC0
 332              		.cfi_endproc
 333              	.LFE64:
 334              		.size	write_LCD, .-write_LCD
 335              		.section	.rodata
 336 0012 0000     		.align	2
 337              	.LC1:
 338 0014 AA       		.byte	-86
 339 0015 98       		.byte	-104
 340 0016 00       		.byte	0
 341 0017 D0       		.byte	-48
 342 0018 00       		.byte	0
 343 0019 BB       		.byte	-69
 344 001a 24       		.byte	36
 345 001b C5       		.byte	-59
 346 001c 02       		.byte	2
 347 001d 00       		.byte	0
 348 001e 00       		.byte	0
 349 001f FF       		.byte	-1
 350 0020 FF       		.byte	-1
 351 0021 30       		.byte	48
 352 0022 30       		.byte	48
 353 0023 3A       		.byte	58
 354 0024 30       		.byte	48
 355 0025 30       		.byte	48
 356 0026 41       		.byte	65
 357 0027 6D       		.byte	109
 358 0028 CC       		.byte	-52
 359 0029 33       		.byte	51
 360 002a C3       		.byte	-61
 361 002b 3C       		.byte	60
 362              		.section	.text.Hora_LCD,"ax",%progbits
 363              		.align	2
 364              		.global	Hora_LCD
 365              		.thumb
 366              		.thumb_func
 367              		.type	Hora_LCD, %function
 368              	Hora_LCD:
 369              	.LFB65:
  71:.\LCD.c       **** 
  72:.\LCD.c       **** /**
  73:.\LCD.c       **** * Hora_LCD
  74:.\LCD.c       **** * @brief escribe la hora actual en la pantalla
  75:.\LCD.c       **** * @param lcd pantalla que se va a usar
  76:.\LCD.c       **** *
  77:.\LCD.c       **** */
  78:.\LCD.c       **** void Hora_LCD(uint8 lcd){
 370              		.loc 1 78 0
 371              		.cfi_startproc
 372              		@ args = 0, pretend = 0, frame = 40
 373              		@ frame_needed = 1, uses_anonymous_args = 0
 374 0000 B0B5     		push	{r4, r5, r7, lr}
 375              		.cfi_def_cfa_offset 16
 376              		.cfi_offset 4, -16
ARM GAS  C:\Users\IN-002~1\AppData\Local\Temp\ccKIsYYz.s 			page 9


 377              		.cfi_offset 5, -12
 378              		.cfi_offset 7, -8
 379              		.cfi_offset 14, -4
 380 0002 8AB0     		sub	sp, sp, #40
 381              		.cfi_def_cfa_offset 56
 382 0004 00AF     		add	r7, sp, #0
 383              		.cfi_def_cfa_register 7
 384 0006 0346     		mov	r3, r0
 385 0008 FB71     		strb	r3, [r7, #7]
  79:.\LCD.c       **** 	uint8 x;
  80:.\LCD.c       **** 	uint8 horal[24]={0xAA,0x98,0x00,0xd0,0x00,0xbb,0x24,0xC5,0x02,0x00,0x00,0xFF,0xFF,0X30,0x30,':',0x
 386              		.loc 1 80 0
 387 000a 364B     		ldr	r3, .L20
 388 000c 07F10C04 		add	r4, r7, #12
 389 0010 1D46     		mov	r5, r3
 390 0012 2868     		ldr	r0, [r5]	@ unaligned
 391 0014 6968     		ldr	r1, [r5, #4]	@ unaligned
 392 0016 AA68     		ldr	r2, [r5, #8]	@ unaligned
 393 0018 EB68     		ldr	r3, [r5, #12]	@ unaligned
 394 001a 0FC4     		stmia	r4!, {r0, r1, r2, r3}
 395 001c 2869     		ldr	r0, [r5, #16]	@ unaligned
 396 001e 6969     		ldr	r1, [r5, #20]	@ unaligned
 397 0020 03C4     		stmia	r4!, {r0, r1}
  81:.\LCD.c       **** 	horal[13]=(((hora[1]&0x10)>>4)+48);
 398              		.loc 1 81 0
 399 0022 314B     		ldr	r3, .L20+4
 400 0024 5B78     		ldrb	r3, [r3, #1]	@ zero_extendqisi2
 401 0026 03F01003 		and	r3, r3, #16
 402 002a 1B11     		asrs	r3, r3, #4
 403 002c DBB2     		uxtb	r3, r3
 404 002e 3033     		adds	r3, r3, #48
 405 0030 DBB2     		uxtb	r3, r3
 406 0032 7B76     		strb	r3, [r7, #25]
  82:.\LCD.c       **** 	horal[14]=((hora[1]&0x0F)+48);
 407              		.loc 1 82 0
 408 0034 2C4B     		ldr	r3, .L20+4
 409 0036 5B78     		ldrb	r3, [r3, #1]	@ zero_extendqisi2
 410 0038 03F00F03 		and	r3, r3, #15
 411 003c DBB2     		uxtb	r3, r3
 412 003e 3033     		adds	r3, r3, #48
 413 0040 DBB2     		uxtb	r3, r3
 414 0042 BB76     		strb	r3, [r7, #26]
  83:.\LCD.c       **** 	horal[16]=(((hora[0]&0xF0)>>4)+48);
 415              		.loc 1 83 0
 416 0044 284B     		ldr	r3, .L20+4
 417 0046 1B78     		ldrb	r3, [r3]	@ zero_extendqisi2
 418 0048 1B09     		lsrs	r3, r3, #4
 419 004a DBB2     		uxtb	r3, r3
 420 004c 3033     		adds	r3, r3, #48
 421 004e DBB2     		uxtb	r3, r3
 422 0050 3B77     		strb	r3, [r7, #28]
  84:.\LCD.c       **** 	horal[17]=((hora[0]&0x0F)+48);
 423              		.loc 1 84 0
 424 0052 254B     		ldr	r3, .L20+4
 425 0054 1B78     		ldrb	r3, [r3]	@ zero_extendqisi2
 426 0056 03F00F03 		and	r3, r3, #15
 427 005a DBB2     		uxtb	r3, r3
ARM GAS  C:\Users\IN-002~1\AppData\Local\Temp\ccKIsYYz.s 			page 10


 428 005c 3033     		adds	r3, r3, #48
 429 005e DBB2     		uxtb	r3, r3
 430 0060 7B77     		strb	r3, [r7, #29]
  85:.\LCD.c       **** 	if((hora[1]&0x20)==0x20){
 431              		.loc 1 85 0
 432 0062 214B     		ldr	r3, .L20+4
 433 0064 5B78     		ldrb	r3, [r3, #1]	@ zero_extendqisi2
 434 0066 03F02003 		and	r3, r3, #32
 435 006a 002B     		cmp	r3, #0
 436 006c 02D0     		beq	.L12
  86:.\LCD.c       **** 		horal[18]='p';
 437              		.loc 1 86 0
 438 006e 7023     		movs	r3, #112
 439 0070 BB77     		strb	r3, [r7, #30]
 440 0072 01E0     		b	.L13
 441              	.L12:
  87:.\LCD.c       **** 	}
  88:.\LCD.c       **** 	else{
  89:.\LCD.c       **** 		horal[18]='a';						
 442              		.loc 1 89 0
 443 0074 6123     		movs	r3, #97
 444 0076 BB77     		strb	r3, [r7, #30]
 445              	.L13:
  90:.\LCD.c       **** 	}	
  91:.\LCD.c       ****     if(lcd==1){
 446              		.loc 1 91 0
 447 0078 FB79     		ldrb	r3, [r7, #7]	@ zero_extendqisi2
 448 007a 012B     		cmp	r3, #1
 449 007c 17D1     		bne	.L14
  92:.\LCD.c       **** 		for(x=0;x<=23;x++){
 450              		.loc 1 92 0
 451 007e 0023     		movs	r3, #0
 452 0080 87F82730 		strb	r3, [r7, #39]
 453 0084 0EE0     		b	.L15
 454              	.L16:
  93:.\LCD.c       ****         	LCD_1_PutChar(horal[x]);
 455              		.loc 1 93 0 discriminator 3
 456 0086 97F82730 		ldrb	r3, [r7, #39]	@ zero_extendqisi2
 457 008a 07F12802 		add	r2, r7, #40
 458 008e 1344     		add	r3, r3, r2
 459 0090 13F81C3C 		ldrb	r3, [r3, #-28]	@ zero_extendqisi2
 460 0094 1846     		mov	r0, r3
 461 0096 FFF7FEFF 		bl	LCD_1_PutChar
  92:.\LCD.c       **** 		for(x=0;x<=23;x++){
 462              		.loc 1 92 0 discriminator 3
 463 009a 97F82730 		ldrb	r3, [r7, #39]	@ zero_extendqisi2
 464 009e 0133     		adds	r3, r3, #1
 465 00a0 87F82730 		strb	r3, [r7, #39]
 466              	.L15:
  92:.\LCD.c       **** 		for(x=0;x<=23;x++){
 467              		.loc 1 92 0 is_stmt 0 discriminator 1
 468 00a4 97F82730 		ldrb	r3, [r7, #39]	@ zero_extendqisi2
 469 00a8 172B     		cmp	r3, #23
 470 00aa ECD9     		bls	.L16
 471 00ac 16E0     		b	.L11
 472              	.L14:
  94:.\LCD.c       **** 		}
ARM GAS  C:\Users\IN-002~1\AppData\Local\Temp\ccKIsYYz.s 			page 11


  95:.\LCD.c       ****     }
  96:.\LCD.c       ****     else{
  97:.\LCD.c       **** 		for(x=0;x<=23;x++){
 473              		.loc 1 97 0 is_stmt 1
 474 00ae 0023     		movs	r3, #0
 475 00b0 87F82730 		strb	r3, [r7, #39]
 476 00b4 0EE0     		b	.L18
 477              	.L19:
  98:.\LCD.c       **** 	        LCD_2_PutChar(horal[x]);
 478              		.loc 1 98 0 discriminator 3
 479 00b6 97F82730 		ldrb	r3, [r7, #39]	@ zero_extendqisi2
 480 00ba 07F12802 		add	r2, r7, #40
 481 00be 1344     		add	r3, r3, r2
 482 00c0 13F81C3C 		ldrb	r3, [r3, #-28]	@ zero_extendqisi2
 483 00c4 1846     		mov	r0, r3
 484 00c6 FFF7FEFF 		bl	LCD_2_PutChar
  97:.\LCD.c       **** 	        LCD_2_PutChar(horal[x]);
 485              		.loc 1 97 0 discriminator 3
 486 00ca 97F82730 		ldrb	r3, [r7, #39]	@ zero_extendqisi2
 487 00ce 0133     		adds	r3, r3, #1
 488 00d0 87F82730 		strb	r3, [r7, #39]
 489              	.L18:
  97:.\LCD.c       **** 	        LCD_2_PutChar(horal[x]);
 490              		.loc 1 97 0 is_stmt 0 discriminator 1
 491 00d4 97F82730 		ldrb	r3, [r7, #39]	@ zero_extendqisi2
 492 00d8 172B     		cmp	r3, #23
 493 00da ECD9     		bls	.L19
 494              	.L11:
  99:.\LCD.c       **** 		}
 100:.\LCD.c       ****     }
 101:.\LCD.c       **** }
 495              		.loc 1 101 0 is_stmt 1
 496 00dc 2837     		adds	r7, r7, #40
 497              		.cfi_def_cfa_offset 16
 498 00de BD46     		mov	sp, r7
 499              		.cfi_def_cfa_register 13
 500              		@ sp needed
 501 00e0 B0BD     		pop	{r4, r5, r7, pc}
 502              	.L21:
 503 00e2 00BF     		.align	2
 504              	.L20:
 505 00e4 14000000 		.word	.LC1
 506 00e8 00000000 		.word	hora
 507              		.cfi_endproc
 508              	.LFE65:
 509              		.size	Hora_LCD, .-Hora_LCD
 510              		.section	.rodata
 511              		.align	2
 512              	.LC2:
 513 002c AA       		.byte	-86
 514 002d 98       		.byte	-104
 515 002e 00       		.byte	0
 516 002f CB       		.byte	-53
 517 0030 01       		.byte	1
 518 0031 27       		.byte	39
 519 0032 24       		.byte	36
 520 0033 C5       		.byte	-59
ARM GAS  C:\Users\IN-002~1\AppData\Local\Temp\ccKIsYYz.s 			page 12


 521 0034 02       		.byte	2
 522 0035 00       		.byte	0
 523 0036 00       		.byte	0
 524 0037 FF       		.byte	-1
 525 0038 FF       		.byte	-1
 526 0039 30       		.byte	48
 527 003a 30       		.byte	48
 528 003b 2F       		.byte	47
 529 003c 30       		.byte	48
 530 003d 30       		.byte	48
 531 003e 2F       		.byte	47
 532 003f 30       		.byte	48
 533 0040 30       		.byte	48
 534 0041 CC       		.byte	-52
 535 0042 33       		.byte	51
 536 0043 C3       		.byte	-61
 537 0044 3C       		.byte	60
 538 0045 000000   		.section	.text.Fecha_LCD,"ax",%progbits
 539              		.align	2
 540              		.global	Fecha_LCD
 541              		.thumb
 542              		.thumb_func
 543              		.type	Fecha_LCD, %function
 544              	Fecha_LCD:
 545              	.LFB66:
 102:.\LCD.c       **** 
 103:.\LCD.c       **** /**
 104:.\LCD.c       **** * Fecha_LCD
 105:.\LCD.c       **** * @brief escribe la fecha actual en la pantalla
 106:.\LCD.c       **** * @param lcd pantalla que se va a usar
 107:.\LCD.c       **** *
 108:.\LCD.c       **** */
 109:.\LCD.c       **** void Fecha_LCD(uint8 lcd){
 546              		.loc 1 109 0
 547              		.cfi_startproc
 548              		@ args = 0, pretend = 0, frame = 40
 549              		@ frame_needed = 1, uses_anonymous_args = 0
 550 0000 B0B5     		push	{r4, r5, r7, lr}
 551              		.cfi_def_cfa_offset 16
 552              		.cfi_offset 4, -16
 553              		.cfi_offset 5, -12
 554              		.cfi_offset 7, -8
 555              		.cfi_offset 14, -4
 556 0002 8AB0     		sub	sp, sp, #40
 557              		.cfi_def_cfa_offset 56
 558 0004 00AF     		add	r7, sp, #0
 559              		.cfi_def_cfa_register 7
 560 0006 0346     		mov	r3, r0
 561 0008 FB71     		strb	r3, [r7, #7]
 110:.\LCD.c       **** 	uint8 x;
 111:.\LCD.c       **** 	uint8 fechal[25]={0xAA,0x98,0x00,0xcb,0x01,0x27,0x24,0xC5,0x02,0x00,0x00,0xFF,0xFF,0x30,0x30,0x2f,
 562              		.loc 1 111 0
 563 000a 3A4B     		ldr	r3, .L29
 564 000c 07F10C04 		add	r4, r7, #12
 565 0010 1D46     		mov	r5, r3
 566 0012 2868     		ldr	r0, [r5]	@ unaligned
 567 0014 6968     		ldr	r1, [r5, #4]	@ unaligned
ARM GAS  C:\Users\IN-002~1\AppData\Local\Temp\ccKIsYYz.s 			page 13


 568 0016 AA68     		ldr	r2, [r5, #8]	@ unaligned
 569 0018 EB68     		ldr	r3, [r5, #12]	@ unaligned
 570 001a 0FC4     		stmia	r4!, {r0, r1, r2, r3}
 571 001c 2869     		ldr	r0, [r5, #16]	@ unaligned
 572 001e 6969     		ldr	r1, [r5, #20]	@ unaligned
 573 0020 03C4     		stmia	r4!, {r0, r1}
 574 0022 2B7E     		ldrb	r3, [r5, #24]
 575 0024 2370     		strb	r3, [r4]
 112:.\LCD.c       **** 	fechal[13]=(((fecha[0]&0x30)>>4)+48);
 576              		.loc 1 112 0
 577 0026 344B     		ldr	r3, .L29+4
 578 0028 1B78     		ldrb	r3, [r3]	@ zero_extendqisi2
 579 002a 03F03003 		and	r3, r3, #48
 580 002e 1B11     		asrs	r3, r3, #4
 581 0030 DBB2     		uxtb	r3, r3
 582 0032 3033     		adds	r3, r3, #48
 583 0034 DBB2     		uxtb	r3, r3
 584 0036 7B76     		strb	r3, [r7, #25]
 113:.\LCD.c       **** 	fechal[14]=((fecha[0]&0x0F)+48);
 585              		.loc 1 113 0
 586 0038 2F4B     		ldr	r3, .L29+4
 587 003a 1B78     		ldrb	r3, [r3]	@ zero_extendqisi2
 588 003c 03F00F03 		and	r3, r3, #15
 589 0040 DBB2     		uxtb	r3, r3
 590 0042 3033     		adds	r3, r3, #48
 591 0044 DBB2     		uxtb	r3, r3
 592 0046 BB76     		strb	r3, [r7, #26]
 114:.\LCD.c       **** 	fechal[16]=(((fecha[1]&0x10)>>4)+48);
 593              		.loc 1 114 0
 594 0048 2B4B     		ldr	r3, .L29+4
 595 004a 5B78     		ldrb	r3, [r3, #1]	@ zero_extendqisi2
 596 004c 03F01003 		and	r3, r3, #16
 597 0050 1B11     		asrs	r3, r3, #4
 598 0052 DBB2     		uxtb	r3, r3
 599 0054 3033     		adds	r3, r3, #48
 600 0056 DBB2     		uxtb	r3, r3
 601 0058 3B77     		strb	r3, [r7, #28]
 115:.\LCD.c       **** 	fechal[17]=((fecha[1]&0x0F)+48);
 602              		.loc 1 115 0
 603 005a 274B     		ldr	r3, .L29+4
 604 005c 5B78     		ldrb	r3, [r3, #1]	@ zero_extendqisi2
 605 005e 03F00F03 		and	r3, r3, #15
 606 0062 DBB2     		uxtb	r3, r3
 607 0064 3033     		adds	r3, r3, #48
 608 0066 DBB2     		uxtb	r3, r3
 609 0068 7B77     		strb	r3, [r7, #29]
 116:.\LCD.c       **** 	fechal[19]=(((fecha[2]&0xF0)>>4)+48);
 610              		.loc 1 116 0
 611 006a 234B     		ldr	r3, .L29+4
 612 006c 9B78     		ldrb	r3, [r3, #2]	@ zero_extendqisi2
 613 006e 1B09     		lsrs	r3, r3, #4
 614 0070 DBB2     		uxtb	r3, r3
 615 0072 3033     		adds	r3, r3, #48
 616 0074 DBB2     		uxtb	r3, r3
 617 0076 FB77     		strb	r3, [r7, #31]
 117:.\LCD.c       **** 	fechal[20]=((fecha[2]&0x0F)+48);	
 618              		.loc 1 117 0
ARM GAS  C:\Users\IN-002~1\AppData\Local\Temp\ccKIsYYz.s 			page 14


 619 0078 1F4B     		ldr	r3, .L29+4
 620 007a 9B78     		ldrb	r3, [r3, #2]	@ zero_extendqisi2
 621 007c 03F00F03 		and	r3, r3, #15
 622 0080 DBB2     		uxtb	r3, r3
 623 0082 3033     		adds	r3, r3, #48
 624 0084 DBB2     		uxtb	r3, r3
 625 0086 87F82030 		strb	r3, [r7, #32]
 118:.\LCD.c       ****     if(lcd==1){
 626              		.loc 1 118 0
 627 008a FB79     		ldrb	r3, [r7, #7]	@ zero_extendqisi2
 628 008c 012B     		cmp	r3, #1
 629 008e 17D1     		bne	.L23
 119:.\LCD.c       **** 		for(x=0;x<=24;x++){
 630              		.loc 1 119 0
 631 0090 0023     		movs	r3, #0
 632 0092 87F82730 		strb	r3, [r7, #39]
 633 0096 0EE0     		b	.L24
 634              	.L25:
 120:.\LCD.c       ****         	LCD_1_PutChar(fechal[x]);
 635              		.loc 1 120 0 discriminator 3
 636 0098 97F82730 		ldrb	r3, [r7, #39]	@ zero_extendqisi2
 637 009c 07F12802 		add	r2, r7, #40
 638 00a0 1344     		add	r3, r3, r2
 639 00a2 13F81C3C 		ldrb	r3, [r3, #-28]	@ zero_extendqisi2
 640 00a6 1846     		mov	r0, r3
 641 00a8 FFF7FEFF 		bl	LCD_1_PutChar
 119:.\LCD.c       **** 		for(x=0;x<=24;x++){
 642              		.loc 1 119 0 discriminator 3
 643 00ac 97F82730 		ldrb	r3, [r7, #39]	@ zero_extendqisi2
 644 00b0 0133     		adds	r3, r3, #1
 645 00b2 87F82730 		strb	r3, [r7, #39]
 646              	.L24:
 119:.\LCD.c       **** 		for(x=0;x<=24;x++){
 647              		.loc 1 119 0 is_stmt 0 discriminator 1
 648 00b6 97F82730 		ldrb	r3, [r7, #39]	@ zero_extendqisi2
 649 00ba 182B     		cmp	r3, #24
 650 00bc ECD9     		bls	.L25
 651 00be 16E0     		b	.L22
 652              	.L23:
 121:.\LCD.c       **** 		}
 122:.\LCD.c       ****     }
 123:.\LCD.c       ****     else{
 124:.\LCD.c       **** 		for(x=0;x<=24;x++){
 653              		.loc 1 124 0 is_stmt 1
 654 00c0 0023     		movs	r3, #0
 655 00c2 87F82730 		strb	r3, [r7, #39]
 656 00c6 0EE0     		b	.L27
 657              	.L28:
 125:.\LCD.c       **** 	        LCD_2_PutChar(fechal[x]);
 658              		.loc 1 125 0 discriminator 3
 659 00c8 97F82730 		ldrb	r3, [r7, #39]	@ zero_extendqisi2
 660 00cc 07F12802 		add	r2, r7, #40
 661 00d0 1344     		add	r3, r3, r2
 662 00d2 13F81C3C 		ldrb	r3, [r3, #-28]	@ zero_extendqisi2
 663 00d6 1846     		mov	r0, r3
 664 00d8 FFF7FEFF 		bl	LCD_2_PutChar
 124:.\LCD.c       **** 	        LCD_2_PutChar(fechal[x]);
ARM GAS  C:\Users\IN-002~1\AppData\Local\Temp\ccKIsYYz.s 			page 15


 665              		.loc 1 124 0 discriminator 3
 666 00dc 97F82730 		ldrb	r3, [r7, #39]	@ zero_extendqisi2
 667 00e0 0133     		adds	r3, r3, #1
 668 00e2 87F82730 		strb	r3, [r7, #39]
 669              	.L27:
 124:.\LCD.c       **** 	        LCD_2_PutChar(fechal[x]);
 670              		.loc 1 124 0 is_stmt 0 discriminator 1
 671 00e6 97F82730 		ldrb	r3, [r7, #39]	@ zero_extendqisi2
 672 00ea 182B     		cmp	r3, #24
 673 00ec ECD9     		bls	.L28
 674              	.L22:
 126:.\LCD.c       **** 		}
 127:.\LCD.c       ****     }
 128:.\LCD.c       **** }
 675              		.loc 1 128 0 is_stmt 1
 676 00ee 2837     		adds	r7, r7, #40
 677              		.cfi_def_cfa_offset 16
 678 00f0 BD46     		mov	sp, r7
 679              		.cfi_def_cfa_register 13
 680              		@ sp needed
 681 00f2 B0BD     		pop	{r4, r5, r7, pc}
 682              	.L30:
 683              		.align	2
 684              	.L29:
 685 00f4 2C000000 		.word	.LC2
 686 00f8 00000000 		.word	fecha
 687              		.cfi_endproc
 688              	.LFE66:
 689              		.size	Fecha_LCD, .-Fecha_LCD
 690              		.text
 691              	.Letext0:
 692              		.file 2 "c:\\program files (x86)\\cypress\\psoc creator\\3.3\\psoc creator\\import\\gnu\\arm\\4.9.
 693              		.file 3 "c:\\program files (x86)\\cypress\\psoc creator\\3.3\\psoc creator\\import\\gnu\\arm\\4.9.
 694              		.file 4 "Generated_Source\\PSoC5/cytypes.h"
 695              		.file 5 ".\\VariablesG.h"
 696              		.file 6 "Generated_Source\\PSoC5/core_cm3.h"
 697              		.section	.debug_info,"",%progbits
 698              	.Ldebug_info0:
 699 0000 15090000 		.4byte	0x915
 700 0004 0400     		.2byte	0x4
 701 0006 00000000 		.4byte	.Ldebug_abbrev0
 702 000a 04       		.byte	0x4
 703 000b 01       		.uleb128 0x1
 704 000c 68010000 		.4byte	.LASF108
 705 0010 01       		.byte	0x1
 706 0011 E1000000 		.4byte	.LASF109
 707 0015 99040000 		.4byte	.LASF110
 708 0019 00000000 		.4byte	.Ldebug_ranges0+0
 709 001d 00000000 		.4byte	0
 710 0021 00000000 		.4byte	.Ldebug_line0
 711 0025 02       		.uleb128 0x2
 712 0026 01       		.byte	0x1
 713 0027 06       		.byte	0x6
 714 0028 68020000 		.4byte	.LASF0
 715 002c 03       		.uleb128 0x3
 716 002d 06020000 		.4byte	.LASF3
 717 0031 02       		.byte	0x2
ARM GAS  C:\Users\IN-002~1\AppData\Local\Temp\ccKIsYYz.s 			page 16


 718 0032 1D       		.byte	0x1d
 719 0033 37000000 		.4byte	0x37
 720 0037 02       		.uleb128 0x2
 721 0038 01       		.byte	0x1
 722 0039 08       		.byte	0x8
 723 003a 49020000 		.4byte	.LASF1
 724 003e 02       		.uleb128 0x2
 725 003f 02       		.byte	0x2
 726 0040 05       		.byte	0x5
 727 0041 8E000000 		.4byte	.LASF2
 728 0045 03       		.uleb128 0x3
 729 0046 F0000000 		.4byte	.LASF4
 730 004a 02       		.byte	0x2
 731 004b 2B       		.byte	0x2b
 732 004c 50000000 		.4byte	0x50
 733 0050 02       		.uleb128 0x2
 734 0051 02       		.byte	0x2
 735 0052 07       		.byte	0x7
 736 0053 00030000 		.4byte	.LASF5
 737 0057 03       		.uleb128 0x3
 738 0058 5E030000 		.4byte	.LASF6
 739 005c 02       		.byte	0x2
 740 005d 3F       		.byte	0x3f
 741 005e 62000000 		.4byte	0x62
 742 0062 02       		.uleb128 0x2
 743 0063 04       		.byte	0x4
 744 0064 05       		.byte	0x5
 745 0065 5F040000 		.4byte	.LASF7
 746 0069 02       		.uleb128 0x2
 747 006a 04       		.byte	0x4
 748 006b 07       		.byte	0x7
 749 006c AF030000 		.4byte	.LASF8
 750 0070 02       		.uleb128 0x2
 751 0071 08       		.byte	0x8
 752 0072 05       		.byte	0x5
 753 0073 41010000 		.4byte	.LASF9
 754 0077 02       		.uleb128 0x2
 755 0078 08       		.byte	0x8
 756 0079 07       		.byte	0x7
 757 007a 74020000 		.4byte	.LASF10
 758 007e 04       		.uleb128 0x4
 759 007f 04       		.byte	0x4
 760 0080 05       		.byte	0x5
 761 0081 696E7400 		.ascii	"int\000"
 762 0085 02       		.uleb128 0x2
 763 0086 04       		.byte	0x4
 764 0087 07       		.byte	0x7
 765 0088 A8020000 		.4byte	.LASF11
 766 008c 03       		.uleb128 0x3
 767 008d 12010000 		.4byte	.LASF12
 768 0091 03       		.byte	0x3
 769 0092 15       		.byte	0x15
 770 0093 2C000000 		.4byte	0x2c
 771 0097 03       		.uleb128 0x3
 772 0098 B5020000 		.4byte	.LASF13
 773 009c 03       		.byte	0x3
 774 009d 21       		.byte	0x21
ARM GAS  C:\Users\IN-002~1\AppData\Local\Temp\ccKIsYYz.s 			page 17


 775 009e 45000000 		.4byte	0x45
 776 00a2 03       		.uleb128 0x3
 777 00a3 48030000 		.4byte	.LASF14
 778 00a7 03       		.byte	0x3
 779 00a8 2C       		.byte	0x2c
 780 00a9 57000000 		.4byte	0x57
 781 00ad 03       		.uleb128 0x3
 782 00ae 1A010000 		.4byte	.LASF15
 783 00b2 04       		.byte	0x4
 784 00b3 B4       		.byte	0xb4
 785 00b4 37000000 		.4byte	0x37
 786 00b8 03       		.uleb128 0x3
 787 00b9 04010000 		.4byte	.LASF16
 788 00bd 04       		.byte	0x4
 789 00be B5       		.byte	0xb5
 790 00bf 50000000 		.4byte	0x50
 791 00c3 02       		.uleb128 0x2
 792 00c4 04       		.byte	0x4
 793 00c5 04       		.byte	0x4
 794 00c6 3B010000 		.4byte	.LASF17
 795 00ca 02       		.uleb128 0x2
 796 00cb 08       		.byte	0x8
 797 00cc 04       		.byte	0x4
 798 00cd 42040000 		.4byte	.LASF18
 799 00d1 02       		.uleb128 0x2
 800 00d2 01       		.byte	0x1
 801 00d3 08       		.byte	0x8
 802 00d4 29030000 		.4byte	.LASF19
 803 00d8 05       		.uleb128 0x5
 804 00d9 AD000000 		.4byte	0xad
 805 00dd 05       		.uleb128 0x5
 806 00de B8000000 		.4byte	0xb8
 807 00e2 02       		.uleb128 0x2
 808 00e3 04       		.byte	0x4
 809 00e4 07       		.byte	0x7
 810 00e5 FD010000 		.4byte	.LASF20
 811 00e9 06       		.uleb128 0x6
 812 00ea AD000000 		.4byte	0xad
 813 00ee F9000000 		.4byte	0xf9
 814 00f2 07       		.uleb128 0x7
 815 00f3 E2000000 		.4byte	0xe2
 816 00f7 03       		.byte	0x3
 817 00f8 00       		.byte	0
 818 00f9 08       		.uleb128 0x8
 819 00fa 2C010000 		.4byte	.LASF25
 820 00fe 5D       		.byte	0x5d
 821 00ff 05       		.byte	0x5
 822 0100 4B       		.byte	0x4b
 823 0101 4E010000 		.4byte	0x14e
 824 0105 09       		.uleb128 0x9
 825 0106 64697200 		.ascii	"dir\000"
 826 010a 05       		.byte	0x5
 827 010b 4C       		.byte	0x4c
 828 010c D8000000 		.4byte	0xd8
 829 0110 00       		.byte	0
 830 0111 0A       		.uleb128 0xa
 831 0112 F6010000 		.4byte	.LASF21
ARM GAS  C:\Users\IN-002~1\AppData\Local\Temp\ccKIsYYz.s 			page 18


 832 0116 05       		.byte	0x5
 833 0117 4D       		.byte	0x4d
 834 0118 D8000000 		.4byte	0xd8
 835 011c 01       		.byte	0x1
 836 011d 0A       		.uleb128 0xa
 837 011e 22020000 		.4byte	.LASF22
 838 0122 05       		.byte	0x5
 839 0123 4E       		.byte	0x4e
 840 0124 64010000 		.4byte	0x164
 841 0128 02       		.byte	0x2
 842 0129 09       		.uleb128 0x9
 843 012a 70707500 		.ascii	"ppu\000"
 844 012e 05       		.byte	0x5
 845 012f 4F       		.byte	0x4f
 846 0130 7F010000 		.4byte	0x17f
 847 0134 4A       		.byte	0x4a
 848 0135 0A       		.uleb128 0xa
 849 0136 13030000 		.4byte	.LASF23
 850 013a 05       		.byte	0x5
 851 013b 50       		.byte	0x50
 852 013c 9A010000 		.4byte	0x19a
 853 0140 59       		.byte	0x59
 854 0141 0A       		.uleb128 0xa
 855 0142 87030000 		.4byte	.LASF24
 856 0146 05       		.byte	0x5
 857 0147 51       		.byte	0x51
 858 0148 D8000000 		.4byte	0xd8
 859 014c 5C       		.byte	0x5c
 860 014d 00       		.byte	0
 861 014e 06       		.uleb128 0x6
 862 014f AD000000 		.4byte	0xad
 863 0153 64010000 		.4byte	0x164
 864 0157 07       		.uleb128 0x7
 865 0158 E2000000 		.4byte	0xe2
 866 015c 02       		.byte	0x2
 867 015d 07       		.uleb128 0x7
 868 015e E2000000 		.4byte	0xe2
 869 0162 17       		.byte	0x17
 870 0163 00       		.byte	0
 871 0164 05       		.uleb128 0x5
 872 0165 4E010000 		.4byte	0x14e
 873 0169 06       		.uleb128 0x6
 874 016a AD000000 		.4byte	0xad
 875 016e 7F010000 		.4byte	0x17f
 876 0172 07       		.uleb128 0x7
 877 0173 E2000000 		.4byte	0xe2
 878 0177 02       		.byte	0x2
 879 0178 07       		.uleb128 0x7
 880 0179 E2000000 		.4byte	0xe2
 881 017d 04       		.byte	0x4
 882 017e 00       		.byte	0
 883 017f 05       		.uleb128 0x5
 884 0180 69010000 		.4byte	0x169
 885 0184 06       		.uleb128 0x6
 886 0185 AD000000 		.4byte	0xad
 887 0189 9A010000 		.4byte	0x19a
 888 018d 07       		.uleb128 0x7
ARM GAS  C:\Users\IN-002~1\AppData\Local\Temp\ccKIsYYz.s 			page 19


 889 018e E2000000 		.4byte	0xe2
 890 0192 02       		.byte	0x2
 891 0193 07       		.uleb128 0x7
 892 0194 E2000000 		.4byte	0xe2
 893 0198 00       		.byte	0
 894 0199 00       		.byte	0
 895 019a 05       		.uleb128 0x5
 896 019b 84010000 		.4byte	0x184
 897 019f 08       		.uleb128 0x8
 898 01a0 C1030000 		.4byte	.LASF26
 899 01a4 66       		.byte	0x66
 900 01a5 05       		.byte	0x5
 901 01a6 62       		.byte	0x62
 902 01a7 82020000 		.4byte	0x282
 903 01ab 0A       		.uleb128 0xa
 904 01ac 57020000 		.4byte	.LASF27
 905 01b0 05       		.byte	0x5
 906 01b1 63       		.byte	0x63
 907 01b2 AD000000 		.4byte	0xad
 908 01b6 00       		.byte	0
 909 01b7 0A       		.uleb128 0xa
 910 01b8 13030000 		.4byte	.LASF23
 911 01bc 05       		.byte	0x5
 912 01bd 64       		.byte	0x64
 913 01be AD000000 		.4byte	0xad
 914 01c2 01       		.byte	0x1
 915 01c3 09       		.uleb128 0x9
 916 01c4 70707500 		.ascii	"ppu\000"
 917 01c8 05       		.byte	0x5
 918 01c9 65       		.byte	0x65
 919 01ca 82020000 		.4byte	0x282
 920 01ce 02       		.byte	0x2
 921 01cf 0A       		.uleb128 0xa
 922 01d0 AE000000 		.4byte	.LASF28
 923 01d4 05       		.byte	0x5
 924 01d5 66       		.byte	0x66
 925 01d6 92020000 		.4byte	0x292
 926 01da 07       		.byte	0x7
 927 01db 0A       		.uleb128 0xa
 928 01dc 60020000 		.4byte	.LASF29
 929 01e0 05       		.byte	0x5
 930 01e1 67       		.byte	0x67
 931 01e2 92020000 		.4byte	0x292
 932 01e6 10       		.byte	0x10
 933 01e7 0A       		.uleb128 0xa
 934 01e8 DF020000 		.4byte	.LASF30
 935 01ec 05       		.byte	0x5
 936 01ed 68       		.byte	0x68
 937 01ee AD000000 		.4byte	0xad
 938 01f2 19       		.byte	0x19
 939 01f3 0A       		.uleb128 0xa
 940 01f4 7A000000 		.4byte	.LASF31
 941 01f8 05       		.byte	0x5
 942 01f9 69       		.byte	0x69
 943 01fa AD000000 		.4byte	0xad
 944 01fe 1A       		.byte	0x1a
 945 01ff 0A       		.uleb128 0xa
ARM GAS  C:\Users\IN-002~1\AppData\Local\Temp\ccKIsYYz.s 			page 20


 946 0200 F3030000 		.4byte	.LASF32
 947 0204 05       		.byte	0x5
 948 0205 6A       		.byte	0x6a
 949 0206 A2020000 		.4byte	0x2a2
 950 020a 1B       		.byte	0x1b
 951 020b 09       		.uleb128 0x9
 952 020c 696400   		.ascii	"id\000"
 953 020f 05       		.byte	0x5
 954 0210 6B       		.byte	0x6b
 955 0211 B2020000 		.4byte	0x2b2
 956 0215 23       		.byte	0x23
 957 0216 09       		.uleb128 0x9
 958 0217 6B6D00   		.ascii	"km\000"
 959 021a 05       		.byte	0x5
 960 021b 6C       		.byte	0x6c
 961 021c C2020000 		.4byte	0x2c2
 962 0220 33       		.byte	0x33
 963 0221 0A       		.uleb128 0xa
 964 0222 3C040000 		.4byte	.LASF33
 965 0226 05       		.byte	0x5
 966 0227 6D       		.byte	0x6d
 967 0228 92020000 		.4byte	0x292
 968 022c 3E       		.byte	0x3e
 969 022d 0A       		.uleb128 0xa
 970 022e FB000000 		.4byte	.LASF34
 971 0232 05       		.byte	0x5
 972 0233 6E       		.byte	0x6e
 973 0234 AD000000 		.4byte	0xad
 974 0238 47       		.byte	0x47
 975 0239 0A       		.uleb128 0xa
 976 023a 31040000 		.4byte	.LASF35
 977 023e 05       		.byte	0x5
 978 023f 6F       		.byte	0x6f
 979 0240 AD000000 		.4byte	0xad
 980 0244 48       		.byte	0x48
 981 0245 0A       		.uleb128 0xa
 982 0246 CB000000 		.4byte	.LASF36
 983 024a 05       		.byte	0x5
 984 024b 70       		.byte	0x70
 985 024c C2020000 		.4byte	0x2c2
 986 0250 49       		.byte	0x49
 987 0251 0A       		.uleb128 0xa
 988 0252 D2000000 		.4byte	.LASF37
 989 0256 05       		.byte	0x5
 990 0257 71       		.byte	0x71
 991 0258 C2020000 		.4byte	0x2c2
 992 025c 54       		.byte	0x54
 993 025d 0A       		.uleb128 0xa
 994 025e DB000000 		.4byte	.LASF38
 995 0262 05       		.byte	0x5
 996 0263 72       		.byte	0x72
 997 0264 AD000000 		.4byte	0xad
 998 0268 5F       		.byte	0x5f
 999 0269 0A       		.uleb128 0xa
 1000 026a 9D020000 		.4byte	.LASF39
 1001 026e 05       		.byte	0x5
 1002 026f 73       		.byte	0x73
ARM GAS  C:\Users\IN-002~1\AppData\Local\Temp\ccKIsYYz.s 			page 21


 1003 0270 AD000000 		.4byte	0xad
 1004 0274 60       		.byte	0x60
 1005 0275 0A       		.uleb128 0xa
 1006 0276 5F000000 		.4byte	.LASF40
 1007 027a 05       		.byte	0x5
 1008 027b 74       		.byte	0x74
 1009 027c 82020000 		.4byte	0x282
 1010 0280 61       		.byte	0x61
 1011 0281 00       		.byte	0
 1012 0282 06       		.uleb128 0x6
 1013 0283 AD000000 		.4byte	0xad
 1014 0287 92020000 		.4byte	0x292
 1015 028b 07       		.uleb128 0x7
 1016 028c E2000000 		.4byte	0xe2
 1017 0290 04       		.byte	0x4
 1018 0291 00       		.byte	0
 1019 0292 06       		.uleb128 0x6
 1020 0293 AD000000 		.4byte	0xad
 1021 0297 A2020000 		.4byte	0x2a2
 1022 029b 07       		.uleb128 0x7
 1023 029c E2000000 		.4byte	0xe2
 1024 02a0 08       		.byte	0x8
 1025 02a1 00       		.byte	0
 1026 02a2 06       		.uleb128 0x6
 1027 02a3 AD000000 		.4byte	0xad
 1028 02a7 B2020000 		.4byte	0x2b2
 1029 02ab 07       		.uleb128 0x7
 1030 02ac E2000000 		.4byte	0xe2
 1031 02b0 07       		.byte	0x7
 1032 02b1 00       		.byte	0
 1033 02b2 06       		.uleb128 0x6
 1034 02b3 AD000000 		.4byte	0xad
 1035 02b7 C2020000 		.4byte	0x2c2
 1036 02bb 07       		.uleb128 0x7
 1037 02bc E2000000 		.4byte	0xe2
 1038 02c0 0F       		.byte	0xf
 1039 02c1 00       		.byte	0
 1040 02c2 06       		.uleb128 0x6
 1041 02c3 AD000000 		.4byte	0xad
 1042 02c7 D2020000 		.4byte	0x2d2
 1043 02cb 07       		.uleb128 0x7
 1044 02cc E2000000 		.4byte	0xe2
 1045 02d0 0A       		.byte	0xa
 1046 02d1 00       		.byte	0
 1047 02d2 0B       		.uleb128 0xb
 1048 02d3 83000000 		.4byte	.LASF41
 1049 02d7 01       		.byte	0x1
 1050 02d8 17       		.byte	0x17
 1051 02d9 00000000 		.4byte	.LFB63
 1052 02dd 96000000 		.4byte	.LFE63-.LFB63
 1053 02e1 01       		.uleb128 0x1
 1054 02e2 9C       		.byte	0x9c
 1055 02e3 03030000 		.4byte	0x303
 1056 02e7 0C       		.uleb128 0xc
 1057 02e8 6C636400 		.ascii	"lcd\000"
 1058 02ec 01       		.byte	0x1
 1059 02ed 17       		.byte	0x17
ARM GAS  C:\Users\IN-002~1\AppData\Local\Temp\ccKIsYYz.s 			page 22


 1060 02ee AD000000 		.4byte	0xad
 1061 02f2 02       		.uleb128 0x2
 1062 02f3 91       		.byte	0x91
 1063 02f4 77       		.sleb128 -9
 1064 02f5 0C       		.uleb128 0xc
 1065 02f6 696400   		.ascii	"id\000"
 1066 02f9 01       		.byte	0x1
 1067 02fa 17       		.byte	0x17
 1068 02fb B8000000 		.4byte	0xb8
 1069 02ff 02       		.uleb128 0x2
 1070 0300 91       		.byte	0x91
 1071 0301 74       		.sleb128 -12
 1072 0302 00       		.byte	0
 1073 0303 0B       		.uleb128 0xb
 1074 0304 2E030000 		.4byte	.LASF42
 1075 0308 01       		.byte	0x1
 1076 0309 36       		.byte	0x36
 1077 030a 00000000 		.4byte	.LFB64
 1078 030e C8000000 		.4byte	.LFE64-.LFB64
 1079 0312 01       		.uleb128 0x1
 1080 0313 9C       		.byte	0x9c
 1081 0314 79030000 		.4byte	0x379
 1082 0318 0C       		.uleb128 0xc
 1083 0319 6C636400 		.ascii	"lcd\000"
 1084 031d 01       		.byte	0x1
 1085 031e 36       		.byte	0x36
 1086 031f 8C000000 		.4byte	0x8c
 1087 0323 02       		.uleb128 0x2
 1088 0324 91       		.byte	0x91
 1089 0325 57       		.sleb128 -41
 1090 0326 0D       		.uleb128 0xd
 1091 0327 D2030000 		.4byte	.LASF43
 1092 032b 01       		.byte	0x1
 1093 032c 36       		.byte	0x36
 1094 032d 8C000000 		.4byte	0x8c
 1095 0331 02       		.uleb128 0x2
 1096 0332 91       		.byte	0x91
 1097 0333 56       		.sleb128 -42
 1098 0334 0D       		.uleb128 0xd
 1099 0335 D5020000 		.4byte	.LASF44
 1100 0339 01       		.byte	0x1
 1101 033a 36       		.byte	0x36
 1102 033b 97000000 		.4byte	0x97
 1103 033f 02       		.uleb128 0x2
 1104 0340 91       		.byte	0x91
 1105 0341 54       		.sleb128 -44
 1106 0342 0D       		.uleb128 0xd
 1107 0343 9F000000 		.4byte	.LASF45
 1108 0347 01       		.byte	0x1
 1109 0348 36       		.byte	0x36
 1110 0349 97000000 		.4byte	0x97
 1111 034d 02       		.uleb128 0x2
 1112 034e 91       		.byte	0x91
 1113 034f 52       		.sleb128 -46
 1114 0350 0D       		.uleb128 0xd
 1115 0351 EE030000 		.4byte	.LASF46
 1116 0355 01       		.byte	0x1
ARM GAS  C:\Users\IN-002~1\AppData\Local\Temp\ccKIsYYz.s 			page 23


 1117 0356 36       		.byte	0x36
 1118 0357 8C000000 		.4byte	0x8c
 1119 035b 02       		.uleb128 0x2
 1120 035c 91       		.byte	0x91
 1121 035d 00       		.sleb128 0
 1122 035e 0E       		.uleb128 0xe
 1123 035f 91030000 		.4byte	.LASF47
 1124 0363 01       		.byte	0x1
 1125 0364 37       		.byte	0x37
 1126 0365 79030000 		.4byte	0x379
 1127 0369 02       		.uleb128 0x2
 1128 036a 91       		.byte	0x91
 1129 036b 5C       		.sleb128 -36
 1130 036c 0F       		.uleb128 0xf
 1131 036d 7800     		.ascii	"x\000"
 1132 036f 01       		.byte	0x1
 1133 0370 37       		.byte	0x37
 1134 0371 8C000000 		.4byte	0x8c
 1135 0375 02       		.uleb128 0x2
 1136 0376 91       		.byte	0x91
 1137 0377 6F       		.sleb128 -17
 1138 0378 00       		.byte	0
 1139 0379 06       		.uleb128 0x6
 1140 037a 8C000000 		.4byte	0x8c
 1141 037e 89030000 		.4byte	0x389
 1142 0382 07       		.uleb128 0x7
 1143 0383 E2000000 		.4byte	0xe2
 1144 0387 11       		.byte	0x11
 1145 0388 00       		.byte	0
 1146 0389 0B       		.uleb128 0xb
 1147 038a 4F010000 		.4byte	.LASF48
 1148 038e 01       		.byte	0x1
 1149 038f 4E       		.byte	0x4e
 1150 0390 00000000 		.4byte	.LFB65
 1151 0394 EC000000 		.4byte	.LFE65-.LFB65
 1152 0398 01       		.uleb128 0x1
 1153 0399 9C       		.byte	0x9c
 1154 039a C7030000 		.4byte	0x3c7
 1155 039e 0C       		.uleb128 0xc
 1156 039f 6C636400 		.ascii	"lcd\000"
 1157 03a3 01       		.byte	0x1
 1158 03a4 4E       		.byte	0x4e
 1159 03a5 AD000000 		.4byte	0xad
 1160 03a9 02       		.uleb128 0x2
 1161 03aa 91       		.byte	0x91
 1162 03ab 4F       		.sleb128 -49
 1163 03ac 0F       		.uleb128 0xf
 1164 03ad 7800     		.ascii	"x\000"
 1165 03af 01       		.byte	0x1
 1166 03b0 4F       		.byte	0x4f
 1167 03b1 AD000000 		.4byte	0xad
 1168 03b5 02       		.uleb128 0x2
 1169 03b6 91       		.byte	0x91
 1170 03b7 6F       		.sleb128 -17
 1171 03b8 0E       		.uleb128 0xe
 1172 03b9 10020000 		.4byte	.LASF49
 1173 03bd 01       		.byte	0x1
ARM GAS  C:\Users\IN-002~1\AppData\Local\Temp\ccKIsYYz.s 			page 24


 1174 03be 50       		.byte	0x50
 1175 03bf C7030000 		.4byte	0x3c7
 1176 03c3 02       		.uleb128 0x2
 1177 03c4 91       		.byte	0x91
 1178 03c5 54       		.sleb128 -44
 1179 03c6 00       		.byte	0
 1180 03c7 06       		.uleb128 0x6
 1181 03c8 AD000000 		.4byte	0xad
 1182 03cc D7030000 		.4byte	0x3d7
 1183 03d0 07       		.uleb128 0x7
 1184 03d1 E2000000 		.4byte	0xe2
 1185 03d5 17       		.byte	0x17
 1186 03d6 00       		.byte	0
 1187 03d7 0B       		.uleb128 0xb
 1188 03d8 D7030000 		.4byte	.LASF50
 1189 03dc 01       		.byte	0x1
 1190 03dd 6D       		.byte	0x6d
 1191 03de 00000000 		.4byte	.LFB66
 1192 03e2 FC000000 		.4byte	.LFE66-.LFB66
 1193 03e6 01       		.uleb128 0x1
 1194 03e7 9C       		.byte	0x9c
 1195 03e8 15040000 		.4byte	0x415
 1196 03ec 0C       		.uleb128 0xc
 1197 03ed 6C636400 		.ascii	"lcd\000"
 1198 03f1 01       		.byte	0x1
 1199 03f2 6D       		.byte	0x6d
 1200 03f3 AD000000 		.4byte	0xad
 1201 03f7 02       		.uleb128 0x2
 1202 03f8 91       		.byte	0x91
 1203 03f9 4F       		.sleb128 -49
 1204 03fa 0F       		.uleb128 0xf
 1205 03fb 7800     		.ascii	"x\000"
 1206 03fd 01       		.byte	0x1
 1207 03fe 6E       		.byte	0x6e
 1208 03ff AD000000 		.4byte	0xad
 1209 0403 02       		.uleb128 0x2
 1210 0404 91       		.byte	0x91
 1211 0405 6F       		.sleb128 -17
 1212 0406 0E       		.uleb128 0xe
 1213 0407 79040000 		.4byte	.LASF51
 1214 040b 01       		.byte	0x1
 1215 040c 6F       		.byte	0x6f
 1216 040d 15040000 		.4byte	0x415
 1217 0411 02       		.uleb128 0x2
 1218 0412 91       		.byte	0x91
 1219 0413 54       		.sleb128 -44
 1220 0414 00       		.byte	0
 1221 0415 06       		.uleb128 0x6
 1222 0416 AD000000 		.4byte	0xad
 1223 041a 25040000 		.4byte	0x425
 1224 041e 07       		.uleb128 0x7
 1225 041f E2000000 		.4byte	0xe2
 1226 0423 18       		.byte	0x18
 1227 0424 00       		.byte	0
 1228 0425 10       		.uleb128 0x10
 1229 0426 E1030000 		.4byte	.LASF52
 1230 042a 06       		.byte	0x6
ARM GAS  C:\Users\IN-002~1\AppData\Local\Temp\ccKIsYYz.s 			page 25


 1231 042b 2A06     		.2byte	0x62a
 1232 042d 31040000 		.4byte	0x431
 1233 0431 05       		.uleb128 0x5
 1234 0432 A2000000 		.4byte	0xa2
 1235 0436 11       		.uleb128 0x11
 1236 0437 50030000 		.4byte	.LASF53
 1237 043b 05       		.byte	0x5
 1238 043c 35       		.byte	0x35
 1239 043d D8000000 		.4byte	0xd8
 1240 0441 05       		.uleb128 0x5
 1241 0442 03       		.byte	0x3
 1242 0443 00000000 		.4byte	count_teclas1
 1243 0447 11       		.uleb128 0x11
 1244 0448 8B040000 		.4byte	.LASF54
 1245 044c 05       		.byte	0x5
 1246 044d 35       		.byte	0x35
 1247 044e D8000000 		.4byte	0xd8
 1248 0452 05       		.uleb128 0x5
 1249 0453 03       		.byte	0x3
 1250 0454 00000000 		.4byte	comas1
 1251 0458 11       		.uleb128 0x11
 1252 0459 92040000 		.4byte	.LASF55
 1253 045d 05       		.byte	0x5
 1254 045e 35       		.byte	0x35
 1255 045f D8000000 		.4byte	0xd8
 1256 0463 05       		.uleb128 0x5
 1257 0464 03       		.byte	0x3
 1258 0465 00000000 		.4byte	comas2
 1259 0469 11       		.uleb128 0x11
 1260 046a FA030000 		.4byte	.LASF56
 1261 046e 05       		.byte	0x5
 1262 046f 35       		.byte	0x35
 1263 0470 D8000000 		.4byte	0xd8
 1264 0474 05       		.uleb128 0x5
 1265 0475 03       		.byte	0x3
 1266 0476 00000000 		.4byte	id_coma1
 1267 047a 11       		.uleb128 0x11
 1268 047b 0C040000 		.4byte	.LASF57
 1269 047f 05       		.byte	0x5
 1270 0480 35       		.byte	0x35
 1271 0481 D8000000 		.4byte	0xd8
 1272 0485 05       		.uleb128 0x5
 1273 0486 03       		.byte	0x3
 1274 0487 00000000 		.4byte	id_teclado1
 1275 048b 11       		.uleb128 0x11
 1276 048c 18000000 		.4byte	.LASF58
 1277 0490 05       		.byte	0x5
 1278 0491 35       		.byte	0x35
 1279 0492 D8000000 		.4byte	0xd8
 1280 0496 05       		.uleb128 0x5
 1281 0497 03       		.byte	0x3
 1282 0498 00000000 		.4byte	count_teclas2
 1283 049c 11       		.uleb128 0x11
 1284 049d 03040000 		.4byte	.LASF59
 1285 04a1 05       		.byte	0x5
 1286 04a2 35       		.byte	0x35
 1287 04a3 D8000000 		.4byte	0xd8
ARM GAS  C:\Users\IN-002~1\AppData\Local\Temp\ccKIsYYz.s 			page 26


 1288 04a7 05       		.uleb128 0x5
 1289 04a8 03       		.byte	0x3
 1290 04a9 00000000 		.4byte	id_coma2
 1291 04ad 11       		.uleb128 0x11
 1292 04ae 18040000 		.4byte	.LASF60
 1293 04b2 05       		.byte	0x5
 1294 04b3 35       		.byte	0x35
 1295 04b4 D8000000 		.4byte	0xd8
 1296 04b8 05       		.uleb128 0x5
 1297 04b9 03       		.byte	0x3
 1298 04ba 00000000 		.4byte	id_teclado2
 1299 04be 11       		.uleb128 0x11
 1300 04bf 00000000 		.4byte	.LASF61
 1301 04c3 05       		.byte	0x5
 1302 04c4 36       		.byte	0x36
 1303 04c5 DD000000 		.4byte	0xdd
 1304 04c9 05       		.uleb128 0x5
 1305 04ca 03       		.byte	0x3
 1306 04cb 00000000 		.4byte	posx1
 1307 04cf 11       		.uleb128 0x11
 1308 04d0 20010000 		.4byte	.LASF62
 1309 04d4 05       		.byte	0x5
 1310 04d5 36       		.byte	0x36
 1311 04d6 DD000000 		.4byte	0xdd
 1312 04da 05       		.uleb128 0x5
 1313 04db 03       		.byte	0x3
 1314 04dc 00000000 		.4byte	posy1
 1315 04e0 11       		.uleb128 0x11
 1316 04e1 80040000 		.4byte	.LASF63
 1317 04e5 05       		.byte	0x5
 1318 04e6 36       		.byte	0x36
 1319 04e7 DD000000 		.4byte	0xdd
 1320 04eb 05       		.uleb128 0x5
 1321 04ec 03       		.byte	0x3
 1322 04ed 00000000 		.4byte	sizeletra1
 1323 04f1 11       		.uleb128 0x11
 1324 04f2 06000000 		.4byte	.LASF64
 1325 04f6 05       		.byte	0x5
 1326 04f7 36       		.byte	0x36
 1327 04f8 DD000000 		.4byte	0xdd
 1328 04fc 05       		.uleb128 0x5
 1329 04fd 03       		.byte	0x3
 1330 04fe 00000000 		.4byte	posx2
 1331 0502 11       		.uleb128 0x11
 1332 0503 26010000 		.4byte	.LASF65
 1333 0507 05       		.byte	0x5
 1334 0508 36       		.byte	0x36
 1335 0509 DD000000 		.4byte	0xdd
 1336 050d 05       		.uleb128 0x5
 1337 050e 03       		.byte	0x3
 1338 050f 00000000 		.4byte	posy2
 1339 0513 11       		.uleb128 0x11
 1340 0514 BE020000 		.4byte	.LASF66
 1341 0518 05       		.byte	0x5
 1342 0519 36       		.byte	0x36
 1343 051a DD000000 		.4byte	0xdd
 1344 051e 05       		.uleb128 0x5
ARM GAS  C:\Users\IN-002~1\AppData\Local\Temp\ccKIsYYz.s 			page 27


 1345 051f 03       		.byte	0x3
 1346 0520 00000000 		.4byte	sizeletra2
 1347 0524 11       		.uleb128 0x11
 1348 0525 19030000 		.4byte	.LASF67
 1349 0529 05       		.byte	0x5
 1350 052a 37       		.byte	0x37
 1351 052b D8000000 		.4byte	0xd8
 1352 052f 05       		.uleb128 0x5
 1353 0530 03       		.byte	0x3
 1354 0531 00000000 		.4byte	teclas1
 1355 0535 11       		.uleb128 0x11
 1356 0536 21030000 		.4byte	.LASF68
 1357 053a 05       		.byte	0x5
 1358 053b 37       		.byte	0x37
 1359 053c D8000000 		.4byte	0xd8
 1360 0540 05       		.uleb128 0x5
 1361 0541 03       		.byte	0x3
 1362 0542 00000000 		.4byte	teclas2
 1363 0546 11       		.uleb128 0x11
 1364 0547 B5000000 		.4byte	.LASF69
 1365 054b 05       		.byte	0x5
 1366 054c 38       		.byte	0x38
 1367 054d D8000000 		.4byte	0xd8
 1368 0551 05       		.uleb128 0x5
 1369 0552 03       		.byte	0x3
 1370 0553 00000000 		.4byte	flujo_LCD1
 1371 0557 11       		.uleb128 0x11
 1372 0558 C0000000 		.4byte	.LASF70
 1373 055c 05       		.byte	0x5
 1374 055d 38       		.byte	0x38
 1375 055e D8000000 		.4byte	0xd8
 1376 0562 05       		.uleb128 0x5
 1377 0563 03       		.byte	0x3
 1378 0564 00000000 		.4byte	flujo_LCD2
 1379 0568 06       		.uleb128 0x6
 1380 0569 AD000000 		.4byte	0xad
 1381 056d 78050000 		.4byte	0x578
 1382 0571 07       		.uleb128 0x7
 1383 0572 E2000000 		.4byte	0xe2
 1384 0576 1D       		.byte	0x1d
 1385 0577 00       		.byte	0
 1386 0578 11       		.uleb128 0x11
 1387 0579 E8020000 		.4byte	.LASF71
 1388 057d 05       		.byte	0x5
 1389 057e 39       		.byte	0x39
 1390 057f 89050000 		.4byte	0x589
 1391 0583 05       		.uleb128 0x5
 1392 0584 03       		.byte	0x3
 1393 0585 00000000 		.4byte	Buffer_LCD1
 1394 0589 05       		.uleb128 0x5
 1395 058a 68050000 		.4byte	0x568
 1396 058e 11       		.uleb128 0x11
 1397 058f F4020000 		.4byte	.LASF72
 1398 0593 05       		.byte	0x5
 1399 0594 3A       		.byte	0x3a
 1400 0595 9F050000 		.4byte	0x59f
 1401 0599 05       		.uleb128 0x5
ARM GAS  C:\Users\IN-002~1\AppData\Local\Temp\ccKIsYYz.s 			page 28


 1402 059a 03       		.byte	0x3
 1403 059b 00000000 		.4byte	Buffer_LCD2
 1404 059f 05       		.uleb128 0x5
 1405 05a0 68050000 		.4byte	0x568
 1406 05a4 11       		.uleb128 0x11
 1407 05a5 4F000000 		.4byte	.LASF73
 1408 05a9 05       		.byte	0x5
 1409 05aa 3B       		.byte	0x3b
 1410 05ab D8000000 		.4byte	0xd8
 1411 05af 05       		.uleb128 0x5
 1412 05b0 03       		.byte	0x3
 1413 05b1 00000000 		.4byte	count_protector
 1414 05b5 11       		.uleb128 0x11
 1415 05b6 38020000 		.4byte	.LASF74
 1416 05ba 05       		.byte	0x5
 1417 05bb 3B       		.byte	0x3b
 1418 05bc D8000000 		.4byte	0xd8
 1419 05c0 05       		.uleb128 0x5
 1420 05c1 03       		.byte	0x3
 1421 05c2 00000000 		.4byte	count_protector2
 1422 05c6 11       		.uleb128 0x11
 1423 05c7 58010000 		.4byte	.LASF75
 1424 05cb 05       		.byte	0x5
 1425 05cc 3C       		.byte	0x3c
 1426 05cd D8000000 		.4byte	0xd8
 1427 05d1 05       		.uleb128 0x5
 1428 05d2 03       		.byte	0x3
 1429 05d3 00000000 		.4byte	count_esperaBBB
 1430 05d7 11       		.uleb128 0x11
 1431 05d8 68040000 		.4byte	.LASF76
 1432 05dc 05       		.byte	0x5
 1433 05dd 3C       		.byte	0x3c
 1434 05de D8000000 		.4byte	0xd8
 1435 05e2 05       		.uleb128 0x5
 1436 05e3 03       		.byte	0x3
 1437 05e4 00000000 		.4byte	count_esperaBBB2
 1438 05e8 11       		.uleb128 0x11
 1439 05e9 52040000 		.4byte	.LASF77
 1440 05ed 05       		.byte	0x5
 1441 05ee 3D       		.byte	0x3d
 1442 05ef F9050000 		.4byte	0x5f9
 1443 05f3 05       		.uleb128 0x5
 1444 05f4 03       		.byte	0x3
 1445 05f5 00000000 		.4byte	password_lcd
 1446 05f9 05       		.uleb128 0x5
 1447 05fa 92020000 		.4byte	0x292
 1448 05fe 11       		.uleb128 0x11
 1449 05ff 98030000 		.4byte	.LASF78
 1450 0603 05       		.byte	0x5
 1451 0604 3E       		.byte	0x3e
 1452 0605 DD000000 		.4byte	0xdd
 1453 0609 05       		.uleb128 0x5
 1454 060a 03       		.byte	0x3
 1455 060b 00000000 		.4byte	imagen_grado
 1456 060f 06       		.uleb128 0x6
 1457 0610 B8000000 		.4byte	0xb8
 1458 0614 25060000 		.4byte	0x625
ARM GAS  C:\Users\IN-002~1\AppData\Local\Temp\ccKIsYYz.s 			page 29


 1459 0618 07       		.uleb128 0x7
 1460 0619 E2000000 		.4byte	0xe2
 1461 061d 01       		.byte	0x1
 1462 061e 07       		.uleb128 0x7
 1463 061f E2000000 		.4byte	0xe2
 1464 0623 01       		.byte	0x1
 1465 0624 00       		.byte	0
 1466 0625 11       		.uleb128 0x11
 1467 0626 A4000000 		.4byte	.LASF79
 1468 062a 05       		.byte	0x5
 1469 062b 3F       		.byte	0x3f
 1470 062c 36060000 		.4byte	0x636
 1471 0630 05       		.uleb128 0x5
 1472 0631 03       		.byte	0x3
 1473 0632 00000000 		.4byte	prox_caso
 1474 0636 05       		.uleb128 0x5
 1475 0637 0F060000 		.4byte	0x60f
 1476 063b 06       		.uleb128 0x6
 1477 063c AD000000 		.4byte	0xad
 1478 0640 4B060000 		.4byte	0x64b
 1479 0644 07       		.uleb128 0x7
 1480 0645 E2000000 		.4byte	0xe2
 1481 0649 02       		.byte	0x2
 1482 064a 00       		.byte	0
 1483 064b 11       		.uleb128 0x11
 1484 064c 6E000000 		.4byte	.LASF80
 1485 0650 05       		.byte	0x5
 1486 0651 40       		.byte	0x40
 1487 0652 5C060000 		.4byte	0x65c
 1488 0656 05       		.uleb128 0x5
 1489 0657 03       		.byte	0x3
 1490 0658 00000000 		.4byte	bloqueo_LCD
 1491 065c 05       		.uleb128 0x5
 1492 065d 3B060000 		.4byte	0x63b
 1493 0661 11       		.uleb128 0x11
 1494 0662 3A000000 		.4byte	.LASF81
 1495 0666 05       		.byte	0x5
 1496 0667 41       		.byte	0x41
 1497 0668 72060000 		.4byte	0x672
 1498 066c 05       		.uleb128 0x5
 1499 066d 03       		.byte	0x3
 1500 066e 00000000 		.4byte	id_estacion
 1501 0672 05       		.uleb128 0x5
 1502 0673 82020000 		.4byte	0x282
 1503 0677 11       		.uleb128 0x11
 1504 0678 46000000 		.4byte	.LASF82
 1505 067c 05       		.byte	0x5
 1506 067d 42       		.byte	0x42
 1507 067e 88060000 		.4byte	0x688
 1508 0682 05       		.uleb128 0x5
 1509 0683 03       		.byte	0x3
 1510 0684 00000000 		.4byte	id_venta
 1511 0688 05       		.uleb128 0x5
 1512 0689 A2020000 		.4byte	0x2a2
 1513 068d 06       		.uleb128 0x6
 1514 068e AD000000 		.4byte	0xad
 1515 0692 9D060000 		.4byte	0x69d
ARM GAS  C:\Users\IN-002~1\AppData\Local\Temp\ccKIsYYz.s 			page 30


 1516 0696 07       		.uleb128 0x7
 1517 0697 E2000000 		.4byte	0xe2
 1518 069b C7       		.byte	0xc7
 1519 069c 00       		.byte	0
 1520 069d 11       		.uleb128 0x11
 1521 069e 2A020000 		.4byte	.LASF83
 1522 06a2 05       		.byte	0x5
 1523 06a3 43       		.byte	0x43
 1524 06a4 AE060000 		.4byte	0x6ae
 1525 06a8 05       		.uleb128 0x5
 1526 06a9 03       		.byte	0x3
 1527 06aa 00000000 		.4byte	trama_totales
 1528 06ae 05       		.uleb128 0x5
 1529 06af 8D060000 		.4byte	0x68d
 1530 06b3 11       		.uleb128 0x11
 1531 06b4 8B020000 		.4byte	.LASF84
 1532 06b8 05       		.byte	0x5
 1533 06b9 47       		.byte	0x47
 1534 06ba D8000000 		.4byte	0xd8
 1535 06be 05       		.uleb128 0x5
 1536 06bf 03       		.byte	0x3
 1537 06c0 00000000 		.4byte	ppux10
 1538 06c4 06       		.uleb128 0x6
 1539 06c5 AD000000 		.4byte	0xad
 1540 06c9 D4060000 		.4byte	0x6d4
 1541 06cd 07       		.uleb128 0x7
 1542 06ce E2000000 		.4byte	0xe2
 1543 06d2 10       		.byte	0x10
 1544 06d3 00       		.byte	0
 1545 06d4 11       		.uleb128 0x11
 1546 06d5 0C000000 		.4byte	.LASF85
 1547 06d9 05       		.byte	0x5
 1548 06da 48       		.byte	0x48
 1549 06db E5060000 		.4byte	0x6e5
 1550 06df 05       		.uleb128 0x5
 1551 06e0 03       		.byte	0x3
 1552 06e1 00000000 		.4byte	nombre_pro1
 1553 06e5 05       		.uleb128 0x5
 1554 06e6 C4060000 		.4byte	0x6c4
 1555 06ea 11       		.uleb128 0x11
 1556 06eb 16020000 		.4byte	.LASF86
 1557 06ef 05       		.byte	0x5
 1558 06f0 48       		.byte	0x48
 1559 06f1 FB060000 		.4byte	0x6fb
 1560 06f5 05       		.uleb128 0x5
 1561 06f6 03       		.byte	0x3
 1562 06f7 00000000 		.4byte	nombre_pro2
 1563 06fb 05       		.uleb128 0x5
 1564 06fc C4060000 		.4byte	0x6c4
 1565 0700 11       		.uleb128 0x11
 1566 0701 26000000 		.4byte	.LASF87
 1567 0705 05       		.byte	0x5
 1568 0706 48       		.byte	0x48
 1569 0707 11070000 		.4byte	0x711
 1570 070b 05       		.uleb128 0x5
 1571 070c 03       		.byte	0x3
 1572 070d 00000000 		.4byte	nombre_pro3
ARM GAS  C:\Users\IN-002~1\AppData\Local\Temp\ccKIsYYz.s 			page 31


 1573 0711 05       		.uleb128 0x5
 1574 0712 C4060000 		.4byte	0x6c4
 1575 0716 11       		.uleb128 0x11
 1576 0717 32000000 		.4byte	.LASF88
 1577 071b 05       		.byte	0x5
 1578 071c 49       		.byte	0x49
 1579 071d 27070000 		.4byte	0x727
 1580 0721 05       		.uleb128 0x5
 1581 0722 03       		.byte	0x3
 1582 0723 00000000 		.4byte	version
 1583 0727 05       		.uleb128 0x5
 1584 0728 E9000000 		.4byte	0xe9
 1585 072c 11       		.uleb128 0x11
 1586 072d 35010000 		.4byte	.LASF89
 1587 0731 05       		.byte	0x5
 1588 0732 53       		.byte	0x53
 1589 0733 F9000000 		.4byte	0xf9
 1590 0737 05       		.uleb128 0x5
 1591 0738 03       		.byte	0x3
 1592 0739 00000000 		.4byte	lado1
 1593 073d 11       		.uleb128 0x11
 1594 073e 6E030000 		.4byte	.LASF90
 1595 0742 05       		.byte	0x5
 1596 0743 54       		.byte	0x54
 1597 0744 F9000000 		.4byte	0xf9
 1598 0748 05       		.uleb128 0x5
 1599 0749 03       		.byte	0x3
 1600 074a 00000000 		.4byte	lado2
 1601 074e 06       		.uleb128 0x6
 1602 074f AD000000 		.4byte	0xad
 1603 0753 5E070000 		.4byte	0x75e
 1604 0757 07       		.uleb128 0x7
 1605 0758 E2000000 		.4byte	0xe2
 1606 075c 20       		.byte	0x20
 1607 075d 00       		.byte	0
 1608 075e 11       		.uleb128 0x11
 1609 075f 98000000 		.4byte	.LASF91
 1610 0763 05       		.byte	0x5
 1611 0764 58       		.byte	0x58
 1612 0765 6F070000 		.4byte	0x76f
 1613 0769 05       		.uleb128 0x5
 1614 076a 03       		.byte	0x3
 1615 076b 00000000 		.4byte	nombre
 1616 076f 05       		.uleb128 0x5
 1617 0770 4E070000 		.4byte	0x74e
 1618 0774 06       		.uleb128 0x6
 1619 0775 AD000000 		.4byte	0xad
 1620 0779 84070000 		.4byte	0x784
 1621 077d 07       		.uleb128 0x7
 1622 077e E2000000 		.4byte	0xe2
 1623 0782 0E       		.byte	0xe
 1624 0783 00       		.byte	0
 1625 0784 12       		.uleb128 0x12
 1626 0785 6E697400 		.ascii	"nit\000"
 1627 0789 05       		.byte	0x5
 1628 078a 59       		.byte	0x59
 1629 078b 95070000 		.4byte	0x795
ARM GAS  C:\Users\IN-002~1\AppData\Local\Temp\ccKIsYYz.s 			page 32


 1630 078f 05       		.uleb128 0x5
 1631 0790 03       		.byte	0x3
 1632 0791 00000000 		.4byte	nit
 1633 0795 05       		.uleb128 0x5
 1634 0796 74070000 		.4byte	0x774
 1635 079a 06       		.uleb128 0x6
 1636 079b AD000000 		.4byte	0xad
 1637 079f AA070000 		.4byte	0x7aa
 1638 07a3 07       		.uleb128 0x7
 1639 07a4 E2000000 		.4byte	0xe2
 1640 07a8 13       		.byte	0x13
 1641 07a9 00       		.byte	0
 1642 07aa 11       		.uleb128 0x11
 1643 07ab 49040000 		.4byte	.LASF92
 1644 07af 05       		.byte	0x5
 1645 07b0 5A       		.byte	0x5a
 1646 07b1 BB070000 		.4byte	0x7bb
 1647 07b5 05       		.uleb128 0x5
 1648 07b6 03       		.byte	0x3
 1649 07b7 00000000 		.4byte	telefono
 1650 07bb 05       		.uleb128 0x5
 1651 07bc 9A070000 		.4byte	0x79a
 1652 07c0 11       		.uleb128 0x11
 1653 07c1 A5030000 		.4byte	.LASF93
 1654 07c5 05       		.byte	0x5
 1655 07c6 5B       		.byte	0x5b
 1656 07c7 D1070000 		.4byte	0x7d1
 1657 07cb 05       		.uleb128 0x5
 1658 07cc 03       		.byte	0x3
 1659 07cd 00000000 		.4byte	direccion
 1660 07d1 05       		.uleb128 0x5
 1661 07d2 4E070000 		.4byte	0x74e
 1662 07d6 06       		.uleb128 0x6
 1663 07d7 AD000000 		.4byte	0xad
 1664 07db E6070000 		.4byte	0x7e6
 1665 07df 07       		.uleb128 0x7
 1666 07e0 E2000000 		.4byte	0xe2
 1667 07e4 1F       		.byte	0x1f
 1668 07e5 00       		.byte	0
 1669 07e6 11       		.uleb128 0x11
 1670 07e7 C9020000 		.4byte	.LASF94
 1671 07eb 05       		.byte	0x5
 1672 07ec 5C       		.byte	0x5c
 1673 07ed F7070000 		.4byte	0x7f7
 1674 07f1 05       		.uleb128 0x5
 1675 07f2 03       		.byte	0x3
 1676 07f3 00000000 		.4byte	lema1
 1677 07f7 05       		.uleb128 0x5
 1678 07f8 D6070000 		.4byte	0x7d6
 1679 07fc 11       		.uleb128 0x11
 1680 07fd CF020000 		.4byte	.LASF95
 1681 0801 05       		.byte	0x5
 1682 0802 5D       		.byte	0x5d
 1683 0803 0D080000 		.4byte	0x80d
 1684 0807 05       		.uleb128 0x5
 1685 0808 03       		.byte	0x3
 1686 0809 00000000 		.4byte	lema2
ARM GAS  C:\Users\IN-002~1\AppData\Local\Temp\ccKIsYYz.s 			page 33


 1687 080d 05       		.uleb128 0x5
 1688 080e D6070000 		.4byte	0x7d6
 1689 0812 06       		.uleb128 0x6
 1690 0813 AD000000 		.4byte	0xad
 1691 0817 22080000 		.4byte	0x822
 1692 081b 07       		.uleb128 0x7
 1693 081c E2000000 		.4byte	0xe2
 1694 0820 01       		.byte	0x1
 1695 0821 00       		.byte	0
 1696 0822 11       		.uleb128 0x11
 1697 0823 7F030000 		.4byte	.LASF96
 1698 0827 05       		.byte	0x5
 1699 0828 5E       		.byte	0x5e
 1700 0829 33080000 		.4byte	0x833
 1701 082d 05       		.uleb128 0x5
 1702 082e 03       		.byte	0x3
 1703 082f 00000000 		.4byte	id_logo
 1704 0833 05       		.uleb128 0x5
 1705 0834 12080000 		.4byte	0x812
 1706 0838 12       		.uleb128 0x12
 1707 0839 6B6D00   		.ascii	"km\000"
 1708 083c 05       		.byte	0x5
 1709 083d 5F       		.byte	0x5f
 1710 083e 48080000 		.4byte	0x848
 1711 0842 05       		.uleb128 0x5
 1712 0843 03       		.byte	0x3
 1713 0844 00000000 		.4byte	km
 1714 0848 05       		.uleb128 0x5
 1715 0849 12080000 		.4byte	0x812
 1716 084d 11       		.uleb128 0x11
 1717 084e 68030000 		.4byte	.LASF97
 1718 0852 05       		.byte	0x5
 1719 0853 60       		.byte	0x60
 1720 0854 3B060000 		.4byte	0x63b
 1721 0858 05       		.uleb128 0x5
 1722 0859 03       		.byte	0x3
 1723 085a 00000000 		.4byte	fecha
 1724 085e 11       		.uleb128 0x11
 1725 085f DA020000 		.4byte	.LASF98
 1726 0863 05       		.byte	0x5
 1727 0864 61       		.byte	0x61
 1728 0865 12080000 		.4byte	0x812
 1729 0869 05       		.uleb128 0x5
 1730 086a 03       		.byte	0x3
 1731 086b 00000000 		.4byte	hora
 1732 086f 11       		.uleb128 0x11
 1733 0870 38030000 		.4byte	.LASF99
 1734 0874 05       		.byte	0x5
 1735 0875 76       		.byte	0x76
 1736 0876 9F010000 		.4byte	0x19f
 1737 087a 05       		.uleb128 0x5
 1738 087b 03       		.byte	0x3
 1739 087c 00000000 		.4byte	rventa1
 1740 0880 11       		.uleb128 0x11
 1741 0881 40030000 		.4byte	.LASF100
 1742 0885 05       		.byte	0x5
 1743 0886 77       		.byte	0x77
ARM GAS  C:\Users\IN-002~1\AppData\Local\Temp\ccKIsYYz.s 			page 34


 1744 0887 9F010000 		.4byte	0x19f
 1745 088b 05       		.uleb128 0x5
 1746 088c 03       		.byte	0x3
 1747 088d 00000000 		.4byte	rventa2
 1748 0891 11       		.uleb128 0x11
 1749 0892 2B040000 		.4byte	.LASF101
 1750 0896 05       		.byte	0x5
 1751 0897 7C       		.byte	0x7c
 1752 0898 AD000000 		.4byte	0xad
 1753 089c 05       		.uleb128 0x5
 1754 089d 03       		.byte	0x3
 1755 089e 00000000 		.4byte	ok_RF
 1756 08a2 11       		.uleb128 0x11
 1757 08a3 92020000 		.4byte	.LASF102
 1758 08a7 05       		.byte	0x5
 1759 08a8 7D       		.byte	0x7d
 1760 08a9 AD000000 		.4byte	0xad
 1761 08ad 05       		.uleb128 0x5
 1762 08ae 03       		.byte	0x3
 1763 08af 00000000 		.4byte	ok_datosRF
 1764 08b3 11       		.uleb128 0x11
 1765 08b4 24040000 		.4byte	.LASF103
 1766 08b8 05       		.byte	0x5
 1767 08b9 7E       		.byte	0x7e
 1768 08ba 8D060000 		.4byte	0x68d
 1769 08be 05       		.uleb128 0x5
 1770 08bf 03       		.byte	0x3
 1771 08c0 00000000 		.4byte	rf_mod
 1772 08c4 06       		.uleb128 0x6
 1773 08c5 AD000000 		.4byte	0xad
 1774 08c9 D4080000 		.4byte	0x8d4
 1775 08cd 07       		.uleb128 0x7
 1776 08ce E2000000 		.4byte	0xe2
 1777 08d2 3F       		.byte	0x3f
 1778 08d3 00       		.byte	0
 1779 08d4 11       		.uleb128 0x11
 1780 08d5 74030000 		.4byte	.LASF104
 1781 08d9 05       		.byte	0x5
 1782 08da 83       		.byte	0x83
 1783 08db C4080000 		.4byte	0x8c4
 1784 08df 05       		.uleb128 0x5
 1785 08e0 03       		.byte	0x3
 1786 08e1 00000000 		.4byte	buffer_i2c
 1787 08e5 11       		.uleb128 0x11
 1788 08e6 C8030000 		.4byte	.LASF105
 1789 08ea 05       		.byte	0x5
 1790 08eb 88       		.byte	0x88
 1791 08ec AD000000 		.4byte	0xad
 1792 08f0 05       		.uleb128 0x5
 1793 08f1 03       		.byte	0x3
 1794 08f2 00000000 		.4byte	crc_total
 1795 08f6 11       		.uleb128 0x11
 1796 08f7 0B010000 		.4byte	.LASF106
 1797 08fb 05       		.byte	0x5
 1798 08fc 8C       		.byte	0x8c
 1799 08fd 12080000 		.4byte	0x812
 1800 0901 05       		.uleb128 0x5
ARM GAS  C:\Users\IN-002~1\AppData\Local\Temp\ccKIsYYz.s 			page 35


 1801 0902 03       		.byte	0x3
 1802 0903 00000000 		.4byte	print1
 1803 0907 11       		.uleb128 0x11
 1804 0908 E9000000 		.4byte	.LASF107
 1805 090c 05       		.byte	0x5
 1806 090d 8D       		.byte	0x8d
 1807 090e 12080000 		.4byte	0x812
 1808 0912 05       		.uleb128 0x5
 1809 0913 03       		.byte	0x3
 1810 0914 00000000 		.4byte	print2
 1811 0918 00       		.byte	0
 1812              		.section	.debug_abbrev,"",%progbits
 1813              	.Ldebug_abbrev0:
 1814 0000 01       		.uleb128 0x1
 1815 0001 11       		.uleb128 0x11
 1816 0002 01       		.byte	0x1
 1817 0003 25       		.uleb128 0x25
 1818 0004 0E       		.uleb128 0xe
 1819 0005 13       		.uleb128 0x13
 1820 0006 0B       		.uleb128 0xb
 1821 0007 03       		.uleb128 0x3
 1822 0008 0E       		.uleb128 0xe
 1823 0009 1B       		.uleb128 0x1b
 1824 000a 0E       		.uleb128 0xe
 1825 000b 55       		.uleb128 0x55
 1826 000c 17       		.uleb128 0x17
 1827 000d 11       		.uleb128 0x11
 1828 000e 01       		.uleb128 0x1
 1829 000f 10       		.uleb128 0x10
 1830 0010 17       		.uleb128 0x17
 1831 0011 00       		.byte	0
 1832 0012 00       		.byte	0
 1833 0013 02       		.uleb128 0x2
 1834 0014 24       		.uleb128 0x24
 1835 0015 00       		.byte	0
 1836 0016 0B       		.uleb128 0xb
 1837 0017 0B       		.uleb128 0xb
 1838 0018 3E       		.uleb128 0x3e
 1839 0019 0B       		.uleb128 0xb
 1840 001a 03       		.uleb128 0x3
 1841 001b 0E       		.uleb128 0xe
 1842 001c 00       		.byte	0
 1843 001d 00       		.byte	0
 1844 001e 03       		.uleb128 0x3
 1845 001f 16       		.uleb128 0x16
 1846 0020 00       		.byte	0
 1847 0021 03       		.uleb128 0x3
 1848 0022 0E       		.uleb128 0xe
 1849 0023 3A       		.uleb128 0x3a
 1850 0024 0B       		.uleb128 0xb
 1851 0025 3B       		.uleb128 0x3b
 1852 0026 0B       		.uleb128 0xb
 1853 0027 49       		.uleb128 0x49
 1854 0028 13       		.uleb128 0x13
 1855 0029 00       		.byte	0
 1856 002a 00       		.byte	0
 1857 002b 04       		.uleb128 0x4
ARM GAS  C:\Users\IN-002~1\AppData\Local\Temp\ccKIsYYz.s 			page 36


 1858 002c 24       		.uleb128 0x24
 1859 002d 00       		.byte	0
 1860 002e 0B       		.uleb128 0xb
 1861 002f 0B       		.uleb128 0xb
 1862 0030 3E       		.uleb128 0x3e
 1863 0031 0B       		.uleb128 0xb
 1864 0032 03       		.uleb128 0x3
 1865 0033 08       		.uleb128 0x8
 1866 0034 00       		.byte	0
 1867 0035 00       		.byte	0
 1868 0036 05       		.uleb128 0x5
 1869 0037 35       		.uleb128 0x35
 1870 0038 00       		.byte	0
 1871 0039 49       		.uleb128 0x49
 1872 003a 13       		.uleb128 0x13
 1873 003b 00       		.byte	0
 1874 003c 00       		.byte	0
 1875 003d 06       		.uleb128 0x6
 1876 003e 01       		.uleb128 0x1
 1877 003f 01       		.byte	0x1
 1878 0040 49       		.uleb128 0x49
 1879 0041 13       		.uleb128 0x13
 1880 0042 01       		.uleb128 0x1
 1881 0043 13       		.uleb128 0x13
 1882 0044 00       		.byte	0
 1883 0045 00       		.byte	0
 1884 0046 07       		.uleb128 0x7
 1885 0047 21       		.uleb128 0x21
 1886 0048 00       		.byte	0
 1887 0049 49       		.uleb128 0x49
 1888 004a 13       		.uleb128 0x13
 1889 004b 2F       		.uleb128 0x2f
 1890 004c 0B       		.uleb128 0xb
 1891 004d 00       		.byte	0
 1892 004e 00       		.byte	0
 1893 004f 08       		.uleb128 0x8
 1894 0050 13       		.uleb128 0x13
 1895 0051 01       		.byte	0x1
 1896 0052 03       		.uleb128 0x3
 1897 0053 0E       		.uleb128 0xe
 1898 0054 0B       		.uleb128 0xb
 1899 0055 0B       		.uleb128 0xb
 1900 0056 3A       		.uleb128 0x3a
 1901 0057 0B       		.uleb128 0xb
 1902 0058 3B       		.uleb128 0x3b
 1903 0059 0B       		.uleb128 0xb
 1904 005a 01       		.uleb128 0x1
 1905 005b 13       		.uleb128 0x13
 1906 005c 00       		.byte	0
 1907 005d 00       		.byte	0
 1908 005e 09       		.uleb128 0x9
 1909 005f 0D       		.uleb128 0xd
 1910 0060 00       		.byte	0
 1911 0061 03       		.uleb128 0x3
 1912 0062 08       		.uleb128 0x8
 1913 0063 3A       		.uleb128 0x3a
 1914 0064 0B       		.uleb128 0xb
ARM GAS  C:\Users\IN-002~1\AppData\Local\Temp\ccKIsYYz.s 			page 37


 1915 0065 3B       		.uleb128 0x3b
 1916 0066 0B       		.uleb128 0xb
 1917 0067 49       		.uleb128 0x49
 1918 0068 13       		.uleb128 0x13
 1919 0069 38       		.uleb128 0x38
 1920 006a 0B       		.uleb128 0xb
 1921 006b 00       		.byte	0
 1922 006c 00       		.byte	0
 1923 006d 0A       		.uleb128 0xa
 1924 006e 0D       		.uleb128 0xd
 1925 006f 00       		.byte	0
 1926 0070 03       		.uleb128 0x3
 1927 0071 0E       		.uleb128 0xe
 1928 0072 3A       		.uleb128 0x3a
 1929 0073 0B       		.uleb128 0xb
 1930 0074 3B       		.uleb128 0x3b
 1931 0075 0B       		.uleb128 0xb
 1932 0076 49       		.uleb128 0x49
 1933 0077 13       		.uleb128 0x13
 1934 0078 38       		.uleb128 0x38
 1935 0079 0B       		.uleb128 0xb
 1936 007a 00       		.byte	0
 1937 007b 00       		.byte	0
 1938 007c 0B       		.uleb128 0xb
 1939 007d 2E       		.uleb128 0x2e
 1940 007e 01       		.byte	0x1
 1941 007f 3F       		.uleb128 0x3f
 1942 0080 19       		.uleb128 0x19
 1943 0081 03       		.uleb128 0x3
 1944 0082 0E       		.uleb128 0xe
 1945 0083 3A       		.uleb128 0x3a
 1946 0084 0B       		.uleb128 0xb
 1947 0085 3B       		.uleb128 0x3b
 1948 0086 0B       		.uleb128 0xb
 1949 0087 27       		.uleb128 0x27
 1950 0088 19       		.uleb128 0x19
 1951 0089 11       		.uleb128 0x11
 1952 008a 01       		.uleb128 0x1
 1953 008b 12       		.uleb128 0x12
 1954 008c 06       		.uleb128 0x6
 1955 008d 40       		.uleb128 0x40
 1956 008e 18       		.uleb128 0x18
 1957 008f 9642     		.uleb128 0x2116
 1958 0091 19       		.uleb128 0x19
 1959 0092 01       		.uleb128 0x1
 1960 0093 13       		.uleb128 0x13
 1961 0094 00       		.byte	0
 1962 0095 00       		.byte	0
 1963 0096 0C       		.uleb128 0xc
 1964 0097 05       		.uleb128 0x5
 1965 0098 00       		.byte	0
 1966 0099 03       		.uleb128 0x3
 1967 009a 08       		.uleb128 0x8
 1968 009b 3A       		.uleb128 0x3a
 1969 009c 0B       		.uleb128 0xb
 1970 009d 3B       		.uleb128 0x3b
 1971 009e 0B       		.uleb128 0xb
ARM GAS  C:\Users\IN-002~1\AppData\Local\Temp\ccKIsYYz.s 			page 38


 1972 009f 49       		.uleb128 0x49
 1973 00a0 13       		.uleb128 0x13
 1974 00a1 02       		.uleb128 0x2
 1975 00a2 18       		.uleb128 0x18
 1976 00a3 00       		.byte	0
 1977 00a4 00       		.byte	0
 1978 00a5 0D       		.uleb128 0xd
 1979 00a6 05       		.uleb128 0x5
 1980 00a7 00       		.byte	0
 1981 00a8 03       		.uleb128 0x3
 1982 00a9 0E       		.uleb128 0xe
 1983 00aa 3A       		.uleb128 0x3a
 1984 00ab 0B       		.uleb128 0xb
 1985 00ac 3B       		.uleb128 0x3b
 1986 00ad 0B       		.uleb128 0xb
 1987 00ae 49       		.uleb128 0x49
 1988 00af 13       		.uleb128 0x13
 1989 00b0 02       		.uleb128 0x2
 1990 00b1 18       		.uleb128 0x18
 1991 00b2 00       		.byte	0
 1992 00b3 00       		.byte	0
 1993 00b4 0E       		.uleb128 0xe
 1994 00b5 34       		.uleb128 0x34
 1995 00b6 00       		.byte	0
 1996 00b7 03       		.uleb128 0x3
 1997 00b8 0E       		.uleb128 0xe
 1998 00b9 3A       		.uleb128 0x3a
 1999 00ba 0B       		.uleb128 0xb
 2000 00bb 3B       		.uleb128 0x3b
 2001 00bc 0B       		.uleb128 0xb
 2002 00bd 49       		.uleb128 0x49
 2003 00be 13       		.uleb128 0x13
 2004 00bf 02       		.uleb128 0x2
 2005 00c0 18       		.uleb128 0x18
 2006 00c1 00       		.byte	0
 2007 00c2 00       		.byte	0
 2008 00c3 0F       		.uleb128 0xf
 2009 00c4 34       		.uleb128 0x34
 2010 00c5 00       		.byte	0
 2011 00c6 03       		.uleb128 0x3
 2012 00c7 08       		.uleb128 0x8
 2013 00c8 3A       		.uleb128 0x3a
 2014 00c9 0B       		.uleb128 0xb
 2015 00ca 3B       		.uleb128 0x3b
 2016 00cb 0B       		.uleb128 0xb
 2017 00cc 49       		.uleb128 0x49
 2018 00cd 13       		.uleb128 0x13
 2019 00ce 02       		.uleb128 0x2
 2020 00cf 18       		.uleb128 0x18
 2021 00d0 00       		.byte	0
 2022 00d1 00       		.byte	0
 2023 00d2 10       		.uleb128 0x10
 2024 00d3 34       		.uleb128 0x34
 2025 00d4 00       		.byte	0
 2026 00d5 03       		.uleb128 0x3
 2027 00d6 0E       		.uleb128 0xe
 2028 00d7 3A       		.uleb128 0x3a
ARM GAS  C:\Users\IN-002~1\AppData\Local\Temp\ccKIsYYz.s 			page 39


 2029 00d8 0B       		.uleb128 0xb
 2030 00d9 3B       		.uleb128 0x3b
 2031 00da 05       		.uleb128 0x5
 2032 00db 49       		.uleb128 0x49
 2033 00dc 13       		.uleb128 0x13
 2034 00dd 3F       		.uleb128 0x3f
 2035 00de 19       		.uleb128 0x19
 2036 00df 3C       		.uleb128 0x3c
 2037 00e0 19       		.uleb128 0x19
 2038 00e1 00       		.byte	0
 2039 00e2 00       		.byte	0
 2040 00e3 11       		.uleb128 0x11
 2041 00e4 34       		.uleb128 0x34
 2042 00e5 00       		.byte	0
 2043 00e6 03       		.uleb128 0x3
 2044 00e7 0E       		.uleb128 0xe
 2045 00e8 3A       		.uleb128 0x3a
 2046 00e9 0B       		.uleb128 0xb
 2047 00ea 3B       		.uleb128 0x3b
 2048 00eb 0B       		.uleb128 0xb
 2049 00ec 49       		.uleb128 0x49
 2050 00ed 13       		.uleb128 0x13
 2051 00ee 3F       		.uleb128 0x3f
 2052 00ef 19       		.uleb128 0x19
 2053 00f0 02       		.uleb128 0x2
 2054 00f1 18       		.uleb128 0x18
 2055 00f2 00       		.byte	0
 2056 00f3 00       		.byte	0
 2057 00f4 12       		.uleb128 0x12
 2058 00f5 34       		.uleb128 0x34
 2059 00f6 00       		.byte	0
 2060 00f7 03       		.uleb128 0x3
 2061 00f8 08       		.uleb128 0x8
 2062 00f9 3A       		.uleb128 0x3a
 2063 00fa 0B       		.uleb128 0xb
 2064 00fb 3B       		.uleb128 0x3b
 2065 00fc 0B       		.uleb128 0xb
 2066 00fd 49       		.uleb128 0x49
 2067 00fe 13       		.uleb128 0x13
 2068 00ff 3F       		.uleb128 0x3f
 2069 0100 19       		.uleb128 0x19
 2070 0101 02       		.uleb128 0x2
 2071 0102 18       		.uleb128 0x18
 2072 0103 00       		.byte	0
 2073 0104 00       		.byte	0
 2074 0105 00       		.byte	0
 2075              		.section	.debug_aranges,"",%progbits
 2076 0000 34000000 		.4byte	0x34
 2077 0004 0200     		.2byte	0x2
 2078 0006 00000000 		.4byte	.Ldebug_info0
 2079 000a 04       		.byte	0x4
 2080 000b 00       		.byte	0
 2081 000c 0000     		.2byte	0
 2082 000e 0000     		.2byte	0
 2083 0010 00000000 		.4byte	.LFB63
 2084 0014 96000000 		.4byte	.LFE63-.LFB63
 2085 0018 00000000 		.4byte	.LFB64
ARM GAS  C:\Users\IN-002~1\AppData\Local\Temp\ccKIsYYz.s 			page 40


 2086 001c C8000000 		.4byte	.LFE64-.LFB64
 2087 0020 00000000 		.4byte	.LFB65
 2088 0024 EC000000 		.4byte	.LFE65-.LFB65
 2089 0028 00000000 		.4byte	.LFB66
 2090 002c FC000000 		.4byte	.LFE66-.LFB66
 2091 0030 00000000 		.4byte	0
 2092 0034 00000000 		.4byte	0
 2093              		.section	.debug_ranges,"",%progbits
 2094              	.Ldebug_ranges0:
 2095 0000 00000000 		.4byte	.LFB63
 2096 0004 96000000 		.4byte	.LFE63
 2097 0008 00000000 		.4byte	.LFB64
 2098 000c C8000000 		.4byte	.LFE64
 2099 0010 00000000 		.4byte	.LFB65
 2100 0014 EC000000 		.4byte	.LFE65
 2101 0018 00000000 		.4byte	.LFB66
 2102 001c FC000000 		.4byte	.LFE66
 2103 0020 00000000 		.4byte	0
 2104 0024 00000000 		.4byte	0
 2105              		.section	.debug_line,"",%progbits
 2106              	.Ldebug_line0:
 2107 0000 23020000 		.section	.debug_str,"MS",%progbits,1
 2107      02005A01 
 2107      00000201 
 2107      FB0E0D00 
 2107      01010101 
 2108              	.LASF61:
 2109 0000 706F7378 		.ascii	"posx1\000"
 2109      3100
 2110              	.LASF64:
 2111 0006 706F7378 		.ascii	"posx2\000"
 2111      3200
 2112              	.LASF85:
 2113 000c 6E6F6D62 		.ascii	"nombre_pro1\000"
 2113      72655F70 
 2113      726F3100 
 2114              	.LASF58:
 2115 0018 636F756E 		.ascii	"count_teclas2\000"
 2115      745F7465 
 2115      636C6173 
 2115      3200
 2116              	.LASF87:
 2117 0026 6E6F6D62 		.ascii	"nombre_pro3\000"
 2117      72655F70 
 2117      726F3300 
 2118              	.LASF88:
 2119 0032 76657273 		.ascii	"version\000"
 2119      696F6E00 
 2120              	.LASF81:
 2121 003a 69645F65 		.ascii	"id_estacion\000"
 2121      73746163 
 2121      696F6E00 
 2122              	.LASF82:
 2123 0046 69645F76 		.ascii	"id_venta\000"
 2123      656E7461 
 2123      00
 2124              	.LASF73:
ARM GAS  C:\Users\IN-002~1\AppData\Local\Temp\ccKIsYYz.s 			page 41


 2125 004f 636F756E 		.ascii	"count_protector\000"
 2125      745F7072 
 2125      6F746563 
 2125      746F7200 
 2126              	.LASF40:
 2127 005f 70617373 		.ascii	"password_local\000"
 2127      776F7264 
 2127      5F6C6F63 
 2127      616C00
 2128              	.LASF80:
 2129 006e 626C6F71 		.ascii	"bloqueo_LCD\000"
 2129      75656F5F 
 2129      4C434400 
 2130              	.LASF31:
 2131 007a 6D616E67 		.ascii	"manguera\000"
 2131      75657261 
 2131      00
 2132              	.LASF41:
 2133 0083 7365745F 		.ascii	"set_imagen\000"
 2133      696D6167 
 2133      656E00
 2134              	.LASF2:
 2135 008e 73686F72 		.ascii	"short int\000"
 2135      7420696E 
 2135      7400
 2136              	.LASF91:
 2137 0098 6E6F6D62 		.ascii	"nombre\000"
 2137      726500
 2138              	.LASF45:
 2139 009f 706F7378 		.ascii	"posx\000"
 2139      00
 2140              	.LASF79:
 2141 00a4 70726F78 		.ascii	"prox_caso\000"
 2141      5F636173 
 2141      6F00
 2142              	.LASF28:
 2143 00ae 64696E65 		.ascii	"dinero\000"
 2143      726F00
 2144              	.LASF69:
 2145 00b5 666C756A 		.ascii	"flujo_LCD1\000"
 2145      6F5F4C43 
 2145      443100
 2146              	.LASF70:
 2147 00c0 666C756A 		.ascii	"flujo_LCD2\000"
 2147      6F5F4C43 
 2147      443200
 2148              	.LASF36:
 2149 00cb 63656475 		.ascii	"cedula\000"
 2149      6C6100
 2150              	.LASF37:
 2151 00d2 70617373 		.ascii	"password\000"
 2151      776F7264 
 2151      00
 2152              	.LASF38:
 2153 00db 7475726E 		.ascii	"turno\000"
 2153      6F00
 2154              	.LASF109:
ARM GAS  C:\Users\IN-002~1\AppData\Local\Temp\ccKIsYYz.s 			page 42


 2155 00e1 2E5C4C43 		.ascii	".\\LCD.c\000"
 2155      442E6300 
 2156              	.LASF107:
 2157 00e9 7072696E 		.ascii	"print2\000"
 2157      743200
 2158              	.LASF4:
 2159 00f0 5F5F7569 		.ascii	"__uint16_t\000"
 2159      6E743136 
 2159      5F7400
 2160              	.LASF34:
 2161 00fb 696D7072 		.ascii	"imprimir\000"
 2161      696D6972 
 2161      00
 2162              	.LASF16:
 2163 0104 75696E74 		.ascii	"uint16\000"
 2163      313600
 2164              	.LASF106:
 2165 010b 7072696E 		.ascii	"print1\000"
 2165      743100
 2166              	.LASF12:
 2167 0112 75696E74 		.ascii	"uint8_t\000"
 2167      385F7400 
 2168              	.LASF15:
 2169 011a 75696E74 		.ascii	"uint8\000"
 2169      3800
 2170              	.LASF62:
 2171 0120 706F7379 		.ascii	"posy1\000"
 2171      3100
 2172              	.LASF65:
 2173 0126 706F7379 		.ascii	"posy2\000"
 2173      3200
 2174              	.LASF25:
 2175 012c 73757274 		.ascii	"surtidor\000"
 2175      69646F72 
 2175      00
 2176              	.LASF89:
 2177 0135 6C61646F 		.ascii	"lado1\000"
 2177      3100
 2178              	.LASF17:
 2179 013b 666C6F61 		.ascii	"float\000"
 2179      7400
 2180              	.LASF9:
 2181 0141 6C6F6E67 		.ascii	"long long int\000"
 2181      206C6F6E 
 2181      6720696E 
 2181      7400
 2182              	.LASF48:
 2183 014f 486F7261 		.ascii	"Hora_LCD\000"
 2183      5F4C4344 
 2183      00
 2184              	.LASF75:
 2185 0158 636F756E 		.ascii	"count_esperaBBB\000"
 2185      745F6573 
 2185      70657261 
 2185      42424200 
 2186              	.LASF108:
 2187 0168 474E5520 		.ascii	"GNU C 4.9.3 20150303 (release) [ARM/embedded-4_9-br"
ARM GAS  C:\Users\IN-002~1\AppData\Local\Temp\ccKIsYYz.s 			page 43


 2187      4320342E 
 2187      392E3320 
 2187      32303135 
 2187      30333033 
 2188 019b 616E6368 		.ascii	"anch revision 221220] -mcpu=cortex-m3 -mthumb -g -O"
 2188      20726576 
 2188      6973696F 
 2188      6E203232 
 2188      31323230 
 2189 01ce 30202D66 		.ascii	"0 -ffunction-sections -ffat-lto-objects\000"
 2189      66756E63 
 2189      74696F6E 
 2189      2D736563 
 2189      74696F6E 
 2190              	.LASF21:
 2191 01f6 65737461 		.ascii	"estado\000"
 2191      646F00
 2192              	.LASF20:
 2193 01fd 73697A65 		.ascii	"sizetype\000"
 2193      74797065 
 2193      00
 2194              	.LASF3:
 2195 0206 5F5F7569 		.ascii	"__uint8_t\000"
 2195      6E74385F 
 2195      7400
 2196              	.LASF49:
 2197 0210 686F7261 		.ascii	"horal\000"
 2197      6C00
 2198              	.LASF86:
 2199 0216 6E6F6D62 		.ascii	"nombre_pro2\000"
 2199      72655F70 
 2199      726F3200 
 2200              	.LASF22:
 2201 0222 746F7461 		.ascii	"totales\000"
 2201      6C657300 
 2202              	.LASF83:
 2203 022a 7472616D 		.ascii	"trama_totales\000"
 2203      615F746F 
 2203      74616C65 
 2203      7300
 2204              	.LASF74:
 2205 0238 636F756E 		.ascii	"count_protector2\000"
 2205      745F7072 
 2205      6F746563 
 2205      746F7232 
 2205      00
 2206              	.LASF1:
 2207 0249 756E7369 		.ascii	"unsigned char\000"
 2207      676E6564 
 2207      20636861 
 2207      7200
 2208              	.LASF27:
 2209 0257 706F7369 		.ascii	"posicion\000"
 2209      63696F6E 
 2209      00
 2210              	.LASF29:
 2211 0260 766F6C75 		.ascii	"volumen\000"
ARM GAS  C:\Users\IN-002~1\AppData\Local\Temp\ccKIsYYz.s 			page 44


 2211      6D656E00 
 2212              	.LASF0:
 2213 0268 7369676E 		.ascii	"signed char\000"
 2213      65642063 
 2213      68617200 
 2214              	.LASF10:
 2215 0274 6C6F6E67 		.ascii	"long long unsigned int\000"
 2215      206C6F6E 
 2215      6720756E 
 2215      7369676E 
 2215      65642069 
 2216              	.LASF84:
 2217 028b 70707578 		.ascii	"ppux10\000"
 2217      313000
 2218              	.LASF102:
 2219 0292 6F6B5F64 		.ascii	"ok_datosRF\000"
 2219      61746F73 
 2219      524600
 2220              	.LASF39:
 2221 029d 6175746F 		.ascii	"autorizado\000"
 2221      72697A61 
 2221      646F00
 2222              	.LASF11:
 2223 02a8 756E7369 		.ascii	"unsigned int\000"
 2223      676E6564 
 2223      20696E74 
 2223      00
 2224              	.LASF13:
 2225 02b5 75696E74 		.ascii	"uint16_t\000"
 2225      31365F74 
 2225      00
 2226              	.LASF66:
 2227 02be 73697A65 		.ascii	"sizeletra2\000"
 2227      6C657472 
 2227      613200
 2228              	.LASF94:
 2229 02c9 6C656D61 		.ascii	"lema1\000"
 2229      3100
 2230              	.LASF95:
 2231 02cf 6C656D61 		.ascii	"lema2\000"
 2231      3200
 2232              	.LASF44:
 2233 02d5 706F7379 		.ascii	"posy\000"
 2233      00
 2234              	.LASF98:
 2235 02da 686F7261 		.ascii	"hora\000"
 2235      00
 2236              	.LASF30:
 2237 02df 70726F64 		.ascii	"producto\000"
 2237      7563746F 
 2237      00
 2238              	.LASF71:
 2239 02e8 42756666 		.ascii	"Buffer_LCD1\000"
 2239      65725F4C 
 2239      43443100 
 2240              	.LASF72:
 2241 02f4 42756666 		.ascii	"Buffer_LCD2\000"
ARM GAS  C:\Users\IN-002~1\AppData\Local\Temp\ccKIsYYz.s 			page 45


 2241      65725F4C 
 2241      43443200 
 2242              	.LASF5:
 2243 0300 73686F72 		.ascii	"short unsigned int\000"
 2243      7420756E 
 2243      7369676E 
 2243      65642069 
 2243      6E7400
 2244              	.LASF23:
 2245 0313 67726164 		.ascii	"grado\000"
 2245      6F00
 2246              	.LASF67:
 2247 0319 7465636C 		.ascii	"teclas1\000"
 2247      61733100 
 2248              	.LASF68:
 2249 0321 7465636C 		.ascii	"teclas2\000"
 2249      61733200 
 2250              	.LASF19:
 2251 0329 63686172 		.ascii	"char\000"
 2251      00
 2252              	.LASF42:
 2253 032e 77726974 		.ascii	"write_LCD\000"
 2253      655F4C43 
 2253      4400
 2254              	.LASF99:
 2255 0338 7276656E 		.ascii	"rventa1\000"
 2255      74613100 
 2256              	.LASF100:
 2257 0340 7276656E 		.ascii	"rventa2\000"
 2257      74613200 
 2258              	.LASF14:
 2259 0348 696E7433 		.ascii	"int32_t\000"
 2259      325F7400 
 2260              	.LASF53:
 2261 0350 636F756E 		.ascii	"count_teclas1\000"
 2261      745F7465 
 2261      636C6173 
 2261      3100
 2262              	.LASF6:
 2263 035e 5F5F696E 		.ascii	"__int32_t\000"
 2263      7433325F 
 2263      7400
 2264              	.LASF97:
 2265 0368 66656368 		.ascii	"fecha\000"
 2265      6100
 2266              	.LASF90:
 2267 036e 6C61646F 		.ascii	"lado2\000"
 2267      3200
 2268              	.LASF104:
 2269 0374 62756666 		.ascii	"buffer_i2c\000"
 2269      65725F69 
 2269      326300
 2270              	.LASF96:
 2271 037f 69645F6C 		.ascii	"id_logo\000"
 2271      6F676F00 
 2272              	.LASF24:
 2273 0387 6D616E67 		.ascii	"mangueras\000"
ARM GAS  C:\Users\IN-002~1\AppData\Local\Temp\ccKIsYYz.s 			page 46


 2273      75657261 
 2273      7300
 2274              	.LASF47:
 2275 0391 62756666 		.ascii	"buffer\000"
 2275      657200
 2276              	.LASF78:
 2277 0398 696D6167 		.ascii	"imagen_grado\000"
 2277      656E5F67 
 2277      7261646F 
 2277      00
 2278              	.LASF93:
 2279 03a5 64697265 		.ascii	"direccion\000"
 2279      6363696F 
 2279      6E00
 2280              	.LASF8:
 2281 03af 6C6F6E67 		.ascii	"long unsigned int\000"
 2281      20756E73 
 2281      69676E65 
 2281      6420696E 
 2281      7400
 2282              	.LASF26:
 2283 03c1 72656369 		.ascii	"recibo\000"
 2283      626F00
 2284              	.LASF105:
 2285 03c8 6372635F 		.ascii	"crc_total\000"
 2285      746F7461 
 2285      6C00
 2286              	.LASF43:
 2287 03d2 6461746F 		.ascii	"dato\000"
 2287      00
 2288              	.LASF50:
 2289 03d7 46656368 		.ascii	"Fecha_LCD\000"
 2289      615F4C43 
 2289      4400
 2290              	.LASF52:
 2291 03e1 49544D5F 		.ascii	"ITM_RxBuffer\000"
 2291      52784275 
 2291      66666572 
 2291      00
 2292              	.LASF46:
 2293 03ee 73697A65 		.ascii	"size\000"
 2293      00
 2294              	.LASF32:
 2295 03f3 70726573 		.ascii	"preset\000"
 2295      657400
 2296              	.LASF56:
 2297 03fa 69645F63 		.ascii	"id_coma1\000"
 2297      6F6D6131 
 2297      00
 2298              	.LASF59:
 2299 0403 69645F63 		.ascii	"id_coma2\000"
 2299      6F6D6132 
 2299      00
 2300              	.LASF57:
 2301 040c 69645F74 		.ascii	"id_teclado1\000"
 2301      65636C61 
 2301      646F3100 
ARM GAS  C:\Users\IN-002~1\AppData\Local\Temp\ccKIsYYz.s 			page 47


 2302              	.LASF60:
 2303 0418 69645F74 		.ascii	"id_teclado2\000"
 2303      65636C61 
 2303      646F3200 
 2304              	.LASF103:
 2305 0424 72665F6D 		.ascii	"rf_mod\000"
 2305      6F6400
 2306              	.LASF101:
 2307 042b 6F6B5F52 		.ascii	"ok_RF\000"
 2307      4600
 2308              	.LASF35:
 2309 0431 7469706F 		.ascii	"tipo_venta\000"
 2309      5F76656E 
 2309      746100
 2310              	.LASF33:
 2311 043c 706C6163 		.ascii	"placa\000"
 2311      6100
 2312              	.LASF18:
 2313 0442 646F7562 		.ascii	"double\000"
 2313      6C6500
 2314              	.LASF92:
 2315 0449 74656C65 		.ascii	"telefono\000"
 2315      666F6E6F 
 2315      00
 2316              	.LASF77:
 2317 0452 70617373 		.ascii	"password_lcd\000"
 2317      776F7264 
 2317      5F6C6364 
 2317      00
 2318              	.LASF7:
 2319 045f 6C6F6E67 		.ascii	"long int\000"
 2319      20696E74 
 2319      00
 2320              	.LASF76:
 2321 0468 636F756E 		.ascii	"count_esperaBBB2\000"
 2321      745F6573 
 2321      70657261 
 2321      42424232 
 2321      00
 2322              	.LASF51:
 2323 0479 66656368 		.ascii	"fechal\000"
 2323      616C00
 2324              	.LASF63:
 2325 0480 73697A65 		.ascii	"sizeletra1\000"
 2325      6C657472 
 2325      613100
 2326              	.LASF54:
 2327 048b 636F6D61 		.ascii	"comas1\000"
 2327      733100
 2328              	.LASF55:
 2329 0492 636F6D61 		.ascii	"comas2\000"
 2329      733200
 2330              	.LASF110:
 2331 0499 433A5C55 		.ascii	"C:\\Users\\IN-002143\\Documents\\GitHub\\version12\\"
 2331      73657273 
 2331      5C494E2D 
 2331      30303231 
ARM GAS  C:\Users\IN-002~1\AppData\Local\Temp\ccKIsYYz.s 			page 48


 2331      34335C44 
 2332 04c7 4D55582D 		.ascii	"MUX-Autogas\\Prueba_Autogas\\BBB.cydsn\000"
 2332      4175746F 
 2332      6761735C 
 2332      50727565 
 2332      62615F41 
 2333              		.ident	"GCC: (GNU Tools for ARM Embedded Processors) 4.9.3 20150303 (release) [ARM/embedded-4_9-br
